[0.089s] Invoking command in '/home/sara/aubo_ws/build/control': CMAKE_PREFIX_PATH=${CMAKE_PREFIX_PATH}:/home/sara/ros2_ws/install/rqt_joint_trajectory_controller:/home/sara/ros2_ws/install/rqt_controller_manager:/home/sara/ros2_ws/install/ros2controlcli:/home/sara/ros2_ws/install/ros2_controllers_test_nodes:/home/sara/aubo_ws/install/ros2_controllers_test_nodes:/opt/ros/humble /usr/bin/cmake --build /home/sara/aubo_ws/build/control -- -j8 -l8
[0.124s] -- Found ament_cmake: 1.3.5 (/opt/ros/humble/share/ament_cmake/cmake)
[0.281s] -- Found rclcpp: 16.0.6 (/opt/ros/humble/share/rclcpp/cmake)
[0.315s] -- Found rosidl_generator_c: 3.1.5 (/opt/ros/humble/share/rosidl_generator_c/cmake)
[0.317s] -- Found rosidl_adapter: 3.1.5 (/opt/ros/humble/share/rosidl_adapter/cmake)
[0.323s] -- Found rosidl_generator_cpp: 3.1.5 (/opt/ros/humble/share/rosidl_generator_cpp/cmake)
[0.335s] -- Using all available rosidl_typesupport_c: rosidl_typesupport_fastrtps_c;rosidl_typesupport_introspection_c
[0.352s] -- Using all available rosidl_typesupport_cpp: rosidl_typesupport_fastrtps_cpp;rosidl_typesupport_introspection_cpp
[0.410s] -- Found rmw_implementation_cmake: 6.1.1 (/opt/ros/humble/share/rmw_implementation_cmake/cmake)
[0.414s] -- Found rmw_fastrtps_cpp: 6.2.4 (/opt/ros/humble/share/rmw_fastrtps_cpp/cmake)
[0.552s] -- Using RMW implementation 'rmw_fastrtps_cpp' as default
[0.710s] -- Found rclcpp_action: 16.0.6 (/opt/ros/humble/share/rclcpp_action/cmake)
[0.809s] -- Found rclcpp_components: 16.0.6 (/opt/ros/humble/share/rclcpp_components/cmake)
[0.896s] [33mCMake Warning (dev) at /usr/share/cmake-3.22/Modules/FindPackageHandleStandardArgs.cmake:438 (message):
[0.896s]   The package name passed to `find_package_handle_standard_args` (PkgConfig)
[0.896s]   does not match the name of the calling package (gazebo).  This can lead to
[0.897s]   problems in calling code that expects `find_package` result variables
[0.897s]   (e.g., `_FOUND`) to follow a certain pattern.
[0.897s] Call Stack (most recent call first):
[0.897s]   /usr/share/cmake-3.22/Modules/FindPkgConfig.cmake:99 (find_package_handle_standard_args)
[0.897s]   /usr/lib/x86_64-linux-gnu/cmake/gazebo/gazebo-config.cmake:72 (include)
[0.897s]   CMakeLists.txt:14 (find_package)
[0.897s] This warning is for project developers.  Use -Wno-dev to suppress it.
[0.897s] [0m
[0.919s] -- Found DART: /usr/include (Required is at least version "6.6") found components: dart 
[0.945s] -- Found Protobuf: /usr/lib/x86_64-linux-gnu/libprotobuf.so (found version "3.12.4") 
[0.946s] -- Looking for ignition-math6 -- found version 6.15.0
[0.950s] -- Searching for dependencies of ignition-math6
[0.951s] -- Looking for OGRE...
[0.957s] -- Found Ogre Ghadamon (1.9.0)
[0.957s] -- Found OGRE: optimized;/usr/lib/x86_64-linux-gnu/libOgreMain.so;debug;/usr/lib/x86_64-linux-gnu/libOgreMain.so
[0.965s] -- Looking for OGRE_Paging...
[0.965s] -- Found OGRE_Paging: optimized;/usr/lib/x86_64-linux-gnu/libOgrePaging.so;debug;/usr/lib/x86_64-linux-gnu/libOgrePaging.so
[0.965s] -- Looking for OGRE_Terrain...
[0.966s] -- Found OGRE_Terrain: optimized;/usr/lib/x86_64-linux-gnu/libOgreTerrain.so;debug;/usr/lib/x86_64-linux-gnu/libOgreTerrain.so
[0.966s] -- Looking for OGRE_Property...
[0.966s] -- Found OGRE_Property: optimized;/usr/lib/x86_64-linux-gnu/libOgreProperty.so;debug;/usr/lib/x86_64-linux-gnu/libOgreProperty.so
[0.966s] -- Looking for OGRE_RTShaderSystem...
[0.966s] -- Found OGRE_RTShaderSystem: optimized;/usr/lib/x86_64-linux-gnu/libOgreRTShaderSystem.so;debug;/usr/lib/x86_64-linux-gnu/libOgreRTShaderSystem.so
[0.966s] -- Looking for OGRE_Volume...
[0.966s] -- Found OGRE_Volume: optimized;/usr/lib/x86_64-linux-gnu/libOgreVolume.so;debug;/usr/lib/x86_64-linux-gnu/libOgreVolume.so
[0.966s] -- Looking for OGRE_Overlay...
[0.966s] -- Found OGRE_Overlay: optimized;/usr/lib/x86_64-linux-gnu/libOgreOverlay.so;debug;/usr/lib/x86_64-linux-gnu/libOgreOverlay.so
[1.178s] -- Looking for ignition-math6 -- found version 6.15.0
[1.178s] -- Looking for ignition-transport8 -- found version 8.2.1
[1.178s] -- Searching for dependencies of ignition-transport8
[1.201s] -- Found Protobuf: /usr/lib/x86_64-linux-gnu/libprotobuf.so (found suitable version "3.12.4", minimum required is "3") 
[1.215s] -- Config-file not installed for ZeroMQ -- checking for pkg-config
[1.221s] -- Checking for module 'libzmq >= 4'
[1.241s] --   Found libzmq , version 4.3.4
[1.293s] -- Checking for module 'uuid'
[1.312s] --   Found uuid, version 2.37.2
[1.355s] -- Looking for ignition-msgs5 -- found version 5.8.1
[1.356s] -- Searching for dependencies of ignition-msgs5
[1.378s] -- Looking for ignition-math6 -- found version 6.15.0
[1.384s] -- Checking for module 'tinyxml2'
[1.403s] --   Found tinyxml2, version 9.0.0
[1.447s] -- Looking for ignition-msgs5 -- found version 5.8.1
[1.448s] -- Looking for ignition-common3 -- found version 3.14.0
[1.448s] -- Searching for dependencies of ignition-common3
[1.448s] -- Looking for dlfcn.h - found
[1.448s] -- Looking for libdl - found
[1.460s] -- Searching for <ignition-common3> component [graphics]
[1.460s] -- Looking for ignition-common3-graphics -- found version 3.14.0
[1.461s] -- Searching for dependencies of ignition-common3-graphics
[1.461s] -- Looking for ignition-math6 -- found version 6.15.0
[1.462s] -- Looking for ignition-fuel_tools4 -- found version 4.4.0
[1.462s] -- Searching for dependencies of ignition-fuel_tools4
[1.509s] -- Checking for module 'jsoncpp'
[1.529s] --   Found jsoncpp, version 1.9.5
[1.578s] -- Checking for module 'libzip'
[1.598s] --   Found libzip, version 1.7.3
[1.642s] -- Looking for ignition-common3 -- found version 3.14.0
[1.642s] -- Looking for ignition-math6 -- found version 6.15.0
[1.643s] -- Looking for ignition-msgs5 -- found version 5.8.1
[1.645s] -- Found control_msgs: 4.4.0 (/opt/ros/humble/share/control_msgs/cmake)
[2.026s] -- Found gazebo_msgs: 3.7.0 (/opt/ros/humble/share/gazebo_msgs/cmake)
[2.137s] -- Found ament_lint_auto: 0.12.8 (/opt/ros/humble/share/ament_lint_auto/cmake)
[2.243s] -- Added test 'cppcheck' to perform static code analysis on C / C++ code
[2.244s] -- Configured cppcheck include dirs: /home/sara/aubo_ws/src/aubo_control/control/include
[2.244s] -- Configured cppcheck exclude dirs and/or files: 
[2.244s] -- Added test 'flake8' to check Python code syntax and style conventions
[2.245s] -- Added test 'lint_cmake' to check CMake code style
[2.246s] -- Added test 'pep257' to check Python code against some of the docstring style conventions in PEP 257
[2.247s] -- Added test 'uncrustify' to check C / C++ code style
[2.247s] -- Configured uncrustify additional arguments: 
[2.248s] -- Added test 'xmllint' to check XML markup files
[2.249s] -- Configuring done
[2.283s] -- Generating done
[2.286s] -- Build files have been written to: /home/sara/aubo_ws/build/control
[2.334s] [35m[1mConsolidate compiler generated dependencies of target controller[0m
[2.335s] [35m[1mConsolidate compiler generated dependencies of target inv_kin[0m
[2.335s] [35m[1mConsolidate compiler generated dependencies of target test_pub[0m
[2.335s] [35m[1mConsolidate compiler generated dependencies of target dir_kin[0m
[2.335s] [35m[1mConsolidate compiler generated dependencies of target sim_sub[0m
[2.335s] [35m[1mConsolidate compiler generated dependencies of target sim_pub[0m
[2.335s] [35m[1mConsolidate compiler generated dependencies of target sim_test[0m
[2.361s] [  6%] [32mBuilding CXX object CMakeFiles/sim_control.dir/src/sim_control.cpp.o[0m
[2.372s] [ 18%] Built target sim_sub
[2.374s] [ 37%] Built target sim_pub
[2.374s] [ 50%] Built target inv_kin
[2.374s] [ 56%] Built target test_pub
[2.375s] [ 68%] Built target sim_test
[2.375s] [ 81%] Built target dir_kin
[2.376s] [ 93%] Built target controller
[4.674s] [01m[K/home/sara/aubo_ws/src/aubo_control/control/src/sim_control.cpp:[m[K In constructor â€˜[01m[KSim_control::Sim_control()[m[Kâ€™:
[4.674s] [01m[K/home/sara/aubo_ws/src/aubo_control/control/src/sim_control.cpp:8:11:[m[K [01;31m[Kerror: [m[Kâ€˜[01m[Kexample_interfaces[m[Kâ€™ has not been declared
[4.674s]     8 |   goal_ = [01;31m[Kexample_interfaces[m[K::action::Fibonacci::Goal();
[4.674s]       |           [01;31m[K^~~~~~~~~~~~~~~~~~[m[K
[4.674s] [01m[K/home/sara/aubo_ws/src/aubo_control/control/src/sim_control.cpp:[m[K At global scope:
[4.674s] [01m[K/home/sara/aubo_ws/src/aubo_control/control/src/sim_control.cpp:16:23:[m[K [01;31m[Kerror: [m[Kfound â€˜[01m[K:[m[Kâ€™ in nested-name-specifier, expected â€˜[01m[K::[m[Kâ€™
[4.674s]    16 | void Sim_control::send[01;31m[K:[m[Kgoal()
[4.674s]       |                       [01;31m[K^[m[K
[4.674s]       |                       [32m[K::[m[K
[4.675s] [01m[K/home/sara/aubo_ws/src/aubo_control/control/src/sim_control.cpp:16:19:[m[K [01;31m[Kerror: [m[Kâ€˜[01m[KSim_control::send[m[Kâ€™ has not been declared
[4.675s]    16 | void Sim_control::[01;31m[Ksend[m[K:goal()
[4.675s]       |                   [01;31m[K^~~~[m[K
[5.224s] gmake[2]: *** [CMakeFiles/sim_control.dir/build.make:76: CMakeFiles/sim_control.dir/src/sim_control.cpp.o] Error 1
[5.224s] gmake[1]: *** [CMakeFiles/Makefile2:333: CMakeFiles/sim_control.dir/all] Error 2
[5.224s] gmake: *** [Makefile:146: all] Error 2
[5.226s] Invoked command in '/home/sara/aubo_ws/build/control' returned '2': CMAKE_PREFIX_PATH=${CMAKE_PREFIX_PATH}:/home/sara/ros2_ws/install/rqt_joint_trajectory_controller:/home/sara/ros2_ws/install/rqt_controller_manager:/home/sara/ros2_ws/install/ros2controlcli:/home/sara/ros2_ws/install/ros2_controllers_test_nodes:/home/sara/aubo_ws/install/ros2_controllers_test_nodes:/opt/ros/humble /usr/bin/cmake --build /home/sara/aubo_ws/build/control -- -j8 -l8
