[0.062s] Invoking command in '/home/sara/aubo_ws/build/control': CMAKE_PREFIX_PATH=${CMAKE_PREFIX_PATH}:/opt/ros/humble /usr/bin/cmake --build /home/sara/aubo_ws/build/control -- -j8 -l8
[0.091s] -- Found ament_cmake: 1.3.5 (/opt/ros/humble/share/ament_cmake/cmake)
[0.242s] -- Found rclcpp: 16.0.6 (/opt/ros/humble/share/rclcpp/cmake)
[0.288s] -- Found rosidl_generator_c: 3.1.5 (/opt/ros/humble/share/rosidl_generator_c/cmake)
[0.291s] -- Found rosidl_adapter: 3.1.5 (/opt/ros/humble/share/rosidl_adapter/cmake)
[0.299s] -- Found rosidl_generator_cpp: 3.1.5 (/opt/ros/humble/share/rosidl_generator_cpp/cmake)
[0.312s] -- Using all available rosidl_typesupport_c: rosidl_typesupport_fastrtps_c;rosidl_typesupport_introspection_c
[0.329s] -- Using all available rosidl_typesupport_cpp: rosidl_typesupport_fastrtps_cpp;rosidl_typesupport_introspection_cpp
[0.391s] -- Found rmw_implementation_cmake: 6.1.1 (/opt/ros/humble/share/rmw_implementation_cmake/cmake)
[0.394s] -- Found rmw_fastrtps_cpp: 6.2.4 (/opt/ros/humble/share/rmw_fastrtps_cpp/cmake)
[0.504s] -- Using RMW implementation 'rmw_fastrtps_cpp' as default
[0.663s] [33mCMake Warning (dev) at /usr/share/cmake-3.22/Modules/FindPackageHandleStandardArgs.cmake:438 (message):
[0.663s]   The package name passed to `find_package_handle_standard_args` (PkgConfig)
[0.663s]   does not match the name of the calling package (gazebo).  This can lead to
[0.663s]   problems in calling code that expects `find_package` result variables
[0.663s]   (e.g., `_FOUND`) to follow a certain pattern.
[0.663s] Call Stack (most recent call first):
[0.663s]   /usr/share/cmake-3.22/Modules/FindPkgConfig.cmake:99 (find_package_handle_standard_args)
[0.663s]   /usr/lib/x86_64-linux-gnu/cmake/gazebo/gazebo-config.cmake:72 (include)
[0.663s]   CMakeLists.txt:12 (find_package)
[0.663s] This warning is for project developers.  Use -Wno-dev to suppress it.
[0.663s] [0m
[0.687s] -- Found DART: /usr/include (Required is at least version "6.6") found components: dart 
[0.721s] -- Found Protobuf: /usr/lib/x86_64-linux-gnu/libprotobuf.so (found version "3.12.4") 
[0.723s] -- Looking for ignition-math6 -- found version 6.15.0
[0.730s] -- Searching for dependencies of ignition-math6
[0.732s] -- Looking for OGRE...
[0.737s] -- Found Ogre Ghadamon (1.9.0)
[0.737s] -- Found OGRE: optimized;/usr/lib/x86_64-linux-gnu/libOgreMain.so;debug;/usr/lib/x86_64-linux-gnu/libOgreMain.so
[0.745s] -- Looking for OGRE_Paging...
[0.745s] -- Found OGRE_Paging: optimized;/usr/lib/x86_64-linux-gnu/libOgrePaging.so;debug;/usr/lib/x86_64-linux-gnu/libOgrePaging.so
[0.745s] -- Looking for OGRE_Terrain...
[0.745s] -- Found OGRE_Terrain: optimized;/usr/lib/x86_64-linux-gnu/libOgreTerrain.so;debug;/usr/lib/x86_64-linux-gnu/libOgreTerrain.so
[0.745s] -- Looking for OGRE_Property...
[0.745s] -- Found OGRE_Property: optimized;/usr/lib/x86_64-linux-gnu/libOgreProperty.so;debug;/usr/lib/x86_64-linux-gnu/libOgreProperty.so
[0.746s] -- Looking for OGRE_RTShaderSystem...
[0.746s] -- Found OGRE_RTShaderSystem: optimized;/usr/lib/x86_64-linux-gnu/libOgreRTShaderSystem.so;debug;/usr/lib/x86_64-linux-gnu/libOgreRTShaderSystem.so
[0.746s] -- Looking for OGRE_Volume...
[0.746s] -- Found OGRE_Volume: optimized;/usr/lib/x86_64-linux-gnu/libOgreVolume.so;debug;/usr/lib/x86_64-linux-gnu/libOgreVolume.so
[0.746s] -- Looking for OGRE_Overlay...
[0.746s] -- Found OGRE_Overlay: optimized;/usr/lib/x86_64-linux-gnu/libOgreOverlay.so;debug;/usr/lib/x86_64-linux-gnu/libOgreOverlay.so
[0.841s] -- Looking for ignition-math6 -- found version 6.15.0
[0.873s] -- Looking for ignition-transport8 -- found version 8.2.1
[0.875s] -- Searching for dependencies of ignition-transport8
[0.908s] -- Found Protobuf: /usr/lib/x86_64-linux-gnu/libprotobuf.so (found suitable version "3.12.4", minimum required is "3") 
[0.919s] -- Config-file not installed for ZeroMQ -- checking for pkg-config
[0.923s] -- Checking for module 'libzmq >= 4'
[0.935s] --   Found libzmq , version 4.3.4
[0.971s] -- Checking for module 'uuid'
[0.983s] --   Found uuid, version 2.37.2
[1.012s] -- Looking for ignition-msgs5 -- found version 5.8.1
[1.013s] -- Searching for dependencies of ignition-msgs5
[1.030s] -- Looking for ignition-math6 -- found version 6.15.0
[1.035s] -- Checking for module 'tinyxml2'
[1.047s] --   Found tinyxml2, version 9.0.0
[1.077s] -- Looking for ignition-msgs5 -- found version 5.8.1
[1.077s] -- Looking for ignition-common3 -- found version 3.14.0
[1.078s] -- Searching for dependencies of ignition-common3
[1.078s] -- Looking for dlfcn.h - found
[1.078s] -- Looking for libdl - found
[1.089s] -- Searching for <ignition-common3> component [graphics]
[1.089s] -- Looking for ignition-common3-graphics -- found version 3.14.0
[1.090s] -- Searching for dependencies of ignition-common3-graphics
[1.090s] -- Looking for ignition-math6 -- found version 6.15.0
[1.091s] -- Looking for ignition-fuel_tools4 -- found version 4.4.0
[1.092s] -- Searching for dependencies of ignition-fuel_tools4
[1.124s] -- Checking for module 'jsoncpp'
[1.135s] --   Found jsoncpp, version 1.9.5
[1.166s] -- Checking for module 'libzip'
[1.176s] --   Found libzip, version 1.7.3
[1.203s] -- Looking for ignition-common3 -- found version 3.14.0
[1.203s] -- Looking for ignition-math6 -- found version 6.15.0
[1.203s] -- Looking for ignition-msgs5 -- found version 5.8.1
[1.206s] -- Found control_msgs: 4.4.0 (/opt/ros/humble/share/control_msgs/cmake)
[1.679s] -- Found gazebo_msgs: 3.7.0 (/opt/ros/humble/share/gazebo_msgs/cmake)
[1.841s] -- Found ament_lint_auto: 0.12.8 (/opt/ros/humble/share/ament_lint_auto/cmake)
[1.911s] -- Added test 'cppcheck' to perform static code analysis on C / C++ code
[1.911s] -- Configured cppcheck include dirs: /home/sara/aubo_ws/src/aubo_control/control/include
[1.911s] -- Configured cppcheck exclude dirs and/or files: 
[1.911s] -- Added test 'flake8' to check Python code syntax and style conventions
[1.912s] -- Added test 'lint_cmake' to check CMake code style
[1.912s] -- Added test 'pep257' to check Python code against some of the docstring style conventions in PEP 257
[1.914s] -- Added test 'uncrustify' to check C / C++ code style
[1.914s] -- Configured uncrustify additional arguments: 
[1.914s] -- Added test 'xmllint' to check XML markup files
[1.915s] -- Configuring done
[1.936s] -- Generating done
[1.939s] -- Build files have been written to: /home/sara/aubo_ws/build/control
[1.966s] [35m[1mConsolidate compiler generated dependencies of target test_pub[0m
[1.966s] [35m[1mConsolidate compiler generated dependencies of target dir_kin[0m
[1.966s] [35m[1mConsolidate compiler generated dependencies of target controller[0m
[1.969s] [35m[1mConsolidate compiler generated dependencies of target inv_kin[0m
[1.970s] [35m[1mConsolidate compiler generated dependencies of target sim_pub[0m
[1.983s] [ 30%] Built target dir_kin
[1.983s] [ 40%] Built target test_pub
[1.983s] [ 60%] Built target controller
[1.991s] [ 90%] [32mBuilding CXX object CMakeFiles/sim_pub.dir/src/sim_pub.cpp.o[0m
[1.992s] [ 90%] Built target inv_kin
[2.195s] In file included from [01m[K/home/sara/aubo_ws/src/aubo_control/control/src/sim_pub.cpp:3[m[K:
[2.195s] [01m[K/home/sara/aubo_ws/src/aubo_control/control/include/control/sim_pub.hpp:4:10:[m[K [01;31m[Kfatal error: [m[Ktrajectory_msgs/msg/JointTrajectory.msg: No such file or directory
[2.195s]     4 | #include [01;31m[K"trajectory_msgs/msg/JointTrajectory.msg"[m[K
[2.195s]       |          [01;31m[K^~~~~~~~~~~~~~~~~~~~~~~~~~~~~~~~~~~~~~~~~[m[K
[2.195s] compilation terminated.
[2.201s] gmake[2]: *** [CMakeFiles/sim_pub.dir/build.make:76: CMakeFiles/sim_pub.dir/src/sim_pub.cpp.o] Error 1
[2.201s] gmake[1]: *** [CMakeFiles/Makefile2:249: CMakeFiles/sim_pub.dir/all] Error 2
[2.201s] gmake: *** [Makefile:146: all] Error 2
[2.203s] Invoked command in '/home/sara/aubo_ws/build/control' returned '2': CMAKE_PREFIX_PATH=${CMAKE_PREFIX_PATH}:/opt/ros/humble /usr/bin/cmake --build /home/sara/aubo_ws/build/control -- -j8 -l8
