[35m[1mConsolidate compiler generated dependencies of target sim_control[0m
[ 12%] Built target inv_kin
[ 37%] Built target dir_kin
[ 50%] Built target test_pub
[ 37%] Built target controller
[ 62%] Built target sim_sub
[ 75%] Built target sim_test
[ 87%] Built target sim_pub
[ 93%] [32mBuilding CXX object CMakeFiles/sim_control.dir/src/sim_control.cpp.o[0m
[01m[K/home/sara/aubo_ws/src/aubo_control/control/src/sim_control.cpp:[m[K In member function â€˜[01m[Kvoid Sim_control::send_goal()[m[Kâ€™:
[01m[K/home/sara/aubo_ws/src/aubo_control/control/src/sim_control.cpp:42:65:[m[K [01;31m[Kerror: [m[Kâ€˜[01m[Kfeedback_callback[m[Kâ€™ is not a member of â€˜[01m[KSim_control[m[Kâ€™
   42 |   send_goal_options.feedback_callback = std::bind(&Sim_control::[01;31m[Kfeedback_callback[m[K, this, std::placeholders::_1);
      |                                                                 [01;31m[K^~~~~~~~~~~~~~~~~[m[K
[01m[K/home/sara/aubo_ws/src/aubo_control/control/src/sim_control.cpp:44:59:[m[K [01;31m[Kerror: [m[Kcannot convert â€˜[01m[Kstd::shared_ptr<control_msgs::action::FollowJointTrajectory_Goal_<std::allocator<void> > >[m[Kâ€™ to â€˜[01m[Kconst Goal&[m[Kâ€™ {aka â€˜[01m[Kconst control_msgs::action::FollowJointTrajectory_Goal_<std::allocator<void> >&[m[Kâ€™}
   44 |   auto send_goal_future = action_client_->async_send_goal([01;31m[Kgoal_msg[m[K, send_goal_options);
      |                                                           [01;31m[K^~~~~~~~[m[K
      |                                                           [01;31m[K|[m[K
      |                                                           [01;31m[Kstd::shared_ptr<control_msgs::action::FollowJointTrajectory_Goal_<std::allocator<void> > >[m[K
In file included from [01m[K/opt/ros/humble/include/rclcpp_action/rclcpp_action/rclcpp_action.hpp:36[m[K,
                 from [01m[K/home/sara/aubo_ws/src/aubo_control/control/include/control/sim_control.hpp:10[m[K,
                 from [01m[K/home/sara/aubo_ws/src/aubo_control/control/src/sim_control.cpp:1[m[K:
[01m[K/opt/ros/humble/include/rclcpp_action/rclcpp_action/client.hpp:422:32:[m[K [01;36m[Knote: [m[K  initializing argument 1 of â€˜[01m[Kstd::shared_future<typename rclcpp_action::ClientGoalHandle<ActionT>::SharedPtr> rclcpp_action::Client<ActionT>::async_send_goal(const Goal&, const rclcpp_action::Client<ActionT>::SendGoalOptions&) [with ActionT = control_msgs::action::FollowJointTrajectory; typename rclcpp_action::ClientGoalHandle<ActionT>::SharedPtr = std::shared_ptr<rclcpp_action::ClientGoalHandle<control_msgs::action::FollowJointTrajectory> >; rclcpp_action::Client<ActionT>::Goal = control_msgs::action::FollowJointTrajectory_Goal_<std::allocator<void> >][m[Kâ€™
  422 |   async_send_goal([01;36m[Kconst Goal & goal[m[K, const SendGoalOptions & options = SendGoalOptions())
      |                   [01;36m[K~~~~~~~~~~~~~^~~~[m[K
[01m[K/home/sara/aubo_ws/src/aubo_control/control/src/sim_control.cpp:47:15:[m[K [01;31m[Kerror: [m[Kâ€˜[01m[Krclcpp::executor[m[Kâ€™ has not been declared
   47 |       rclcpp::[01;31m[Kexecutor[m[K::FutureReturnCode::SUCCESS) {
      |               [01;31m[K^~~~~~~~[m[K
[01m[K/home/sara/aubo_ws/src/aubo_control/control/src/sim_control.cpp:[m[K In function â€˜[01m[Kvoid feedback_callback(rclcpp_action::ClientGoalHandle<control_msgs::action::FollowJointTrajectory>::SharedPtr)[m[Kâ€™:
[01m[K/home/sara/aubo_ws/src/aubo_control/control/src/sim_control.cpp:53:20:[m[K [01;31m[Kerror: [m[Kâ€˜[01m[Kusing element_type = class rclcpp_action::ClientGoalHandle<control_msgs::action::FollowJointTrajectory>[m[Kâ€™ {aka â€˜[01m[Kclass rclcpp_action::ClientGoalHandle<control_msgs::action::FollowJointTrajectory>[m[Kâ€™} has no member named â€˜[01m[Kaccept_pending[m[Kâ€™
   53 |   if (goal_handle->[01;31m[Kaccept_pending[m[K()) {
      |                    [01;31m[K^~~~~~~~~~~~~~[m[K
In file included from [01m[K/opt/ros/humble/include/rclcpp/rclcpp/client.hpp:40[m[K,
                 from [01m[K/opt/ros/humble/include/rclcpp/rclcpp/callback_group.hpp:24[m[K,
                 from [01m[K/opt/ros/humble/include/rclcpp/rclcpp/any_executable.hpp:20[m[K,
                 from [01m[K/opt/ros/humble/include/rclcpp/rclcpp/memory_strategy.hpp:25[m[K,
                 from [01m[K/opt/ros/humble/include/rclcpp/rclcpp/memory_strategies.hpp:18[m[K,
                 from [01m[K/opt/ros/humble/include/rclcpp/rclcpp/executor_options.hpp:20[m[K,
                 from [01m[K/opt/ros/humble/include/rclcpp/rclcpp/executor.hpp:37[m[K,
                 from [01m[K/opt/ros/humble/include/rclcpp/rclcpp/executors/multi_threaded_executor.hpp:25[m[K,
                 from [01m[K/opt/ros/humble/include/rclcpp/rclcpp/executors.hpp:21[m[K,
                 from [01m[K/opt/ros/humble/include/rclcpp/rclcpp/rclcpp.hpp:155[m[K,
                 from [01m[K/home/sara/aubo_ws/src/aubo_control/control/include/control/sim_control.hpp:7[m[K,
                 from [01m[K/home/sara/aubo_ws/src/aubo_control/control/src/sim_control.cpp:1[m[K:
[01m[K/home/sara/aubo_ws/src/aubo_control/control/src/sim_control.cpp:54:20:[m[K [01;31m[Kerror: [m[Kâ€˜[01m[Kget_logger[m[Kâ€™ was not declared in this scope; did you mean â€˜[01m[Krclcpp::get_logger[m[Kâ€™?
   54 |        RCLCPP_INFO([01;31m[Kget_logger[m[K(), "Goal accepted.");
      |                    [01;31m[K^~~~~~~~~~[m[K
In file included from [01m[K/opt/ros/humble/include/rclcpp/rclcpp/logging.hpp:23[m[K,
                 from [01m[K/opt/ros/humble/include/rclcpp/rclcpp/client.hpp:40[m[K,
                 from [01m[K/opt/ros/humble/include/rclcpp/rclcpp/callback_group.hpp:24[m[K,
                 from [01m[K/opt/ros/humble/include/rclcpp/rclcpp/any_executable.hpp:20[m[K,
                 from [01m[K/opt/ros/humble/include/rclcpp/rclcpp/memory_strategy.hpp:25[m[K,
                 from [01m[K/opt/ros/humble/include/rclcpp/rclcpp/memory_strategies.hpp:18[m[K,
                 from [01m[K/opt/ros/humble/include/rclcpp/rclcpp/executor_options.hpp:20[m[K,
                 from [01m[K/opt/ros/humble/include/rclcpp/rclcpp/executor.hpp:37[m[K,
                 from [01m[K/opt/ros/humble/include/rclcpp/rclcpp/executors/multi_threaded_executor.hpp:25[m[K,
                 from [01m[K/opt/ros/humble/include/rclcpp/rclcpp/executors.hpp:21[m[K,
                 from [01m[K/opt/ros/humble/include/rclcpp/rclcpp/rclcpp.hpp:155[m[K,
                 from [01m[K/home/sara/aubo_ws/src/aubo_control/control/include/control/sim_control.hpp:7[m[K,
                 from [01m[K/home/sara/aubo_ws/src/aubo_control/control/src/sim_control.cpp:1[m[K:
[01m[K/opt/ros/humble/include/rclcpp/rclcpp/logger.hpp:106:17:[m[K [01;36m[Knote: [m[Kâ€˜[01m[Krclcpp::get_logger[m[Kâ€™ declared here
  106 |   friend Logger [01;36m[Krclcpp[m[K::get_logger(const std::string & name);
      |                 [01;36m[K^~~~~~[m[K
In file included from [01m[K/opt/ros/humble/include/rclcpp/rclcpp/client.hpp:40[m[K,
                 from [01m[K/opt/ros/humble/include/rclcpp/rclcpp/callback_group.hpp:24[m[K,
                 from [01m[K/opt/ros/humble/include/rclcpp/rclcpp/any_executable.hpp:20[m[K,
                 from [01m[K/opt/ros/humble/include/rclcpp/rclcpp/memory_strategy.hpp:25[m[K,
                 from [01m[K/opt/ros/humble/include/rclcpp/rclcpp/memory_strategies.hpp:18[m[K,
                 from [01m[K/opt/ros/humble/include/rclcpp/rclcpp/executor_options.hpp:20[m[K,
                 from [01m[K/opt/ros/humble/include/rclcpp/rclcpp/executor.hpp:37[m[K,
                 from [01m[K/opt/ros/humble/include/rclcpp/rclcpp/executors/multi_threaded_executor.hpp:25[m[K,
                 from [01m[K/opt/ros/humble/include/rclcpp/rclcpp/executors.hpp:21[m[K,
                 from [01m[K/opt/ros/humble/include/rclcpp/rclcpp/rclcpp.hpp:155[m[K,
                 from [01m[K/home/sara/aubo_ws/src/aubo_control/control/include/control/sim_control.hpp:7[m[K,
                 from [01m[K/home/sara/aubo_ws/src/aubo_control/control/src/sim_control.cpp:1[m[K:
[01m[K/home/sara/aubo_ws/src/aubo_control/control/src/sim_control.cpp:54:8:[m[K [01;31m[Kerror: [m[Ktemplate argument 1 is invalid
   54 |        [01;31m[KRCLCPP_INFO[m[K(get_logger(), "Goal accepted.");
      |        [01;31m[K^~~~~~~~~~~[m[K
[01m[K/home/sara/aubo_ws/src/aubo_control/control/src/sim_control.cpp:54:8:[m[K [01;31m[Kerror: [m[Kâ€˜[01m[K<declaration error>[m[Kâ€™ is not a template [[01;31m[K]8;;https://gcc.gnu.org/onlinedocs/gcc/Warning-Options.html#index-fpermissive-fpermissive]8;;[m[K]
   54 |        [01;31m[KRCLCPP_INFO[m[K(get_logger(), "Goal accepted.");
      |        [01;31m[K^~~~~~~~~~~[m[K
[01m[K/home/sara/aubo_ws/src/aubo_control/control/src/sim_control.cpp:54:8:[m[K [01;31m[Kerror: [m[Ktemplate argument 1 is invalid
   54 |        [01;31m[KRCLCPP_INFO[m[K(get_logger(), "Goal accepted.");
      |        [01;31m[K^~~~~~~~~~~[m[K
[01m[K/home/sara/aubo_ws/src/aubo_control/control/src/sim_control.cpp:54:8:[m[K [01;31m[Kerror: [m[Kâ€˜[01m[K<declaration error>[m[Kâ€™ is not a template [[01;31m[K]8;;https://gcc.gnu.org/onlinedocs/gcc/Warning-Options.html#index-fpermissive-fpermissive]8;;[m[K]
   54 |        [01;31m[KRCLCPP_INFO[m[K(get_logger(), "Goal accepted.");
      |        [01;31m[K^~~~~~~~~~~[m[K
[01m[K/home/sara/aubo_ws/src/aubo_control/control/src/sim_control.cpp:54:8:[m[K [01;31m[Kerror: [m[Ktemplate argument 1 is invalid
   54 |        [01;31m[KRCLCPP_INFO[m[K(get_logger(), "Goal accepted.");
      |        [01;31m[K^~~~~~~~~~~[m[K
[01m[K/home/sara/aubo_ws/src/aubo_control/control/src/sim_control.cpp:55:30:[m[K [01;31m[Kerror: [m[Kâ€˜[01m[Kusing element_type = class rclcpp_action::ClientGoalHandle<control_msgs::action::FollowJointTrajectory>[m[Kâ€™ {aka â€˜[01m[Kclass rclcpp_action::ClientGoalHandle<control_msgs::action::FollowJointTrajectory>[m[Kâ€™} has no member named â€˜[01m[Kaccepted[m[Kâ€™
   55 |      } else if (goal_handle->[01;31m[Kaccepted[m[K()) {
      |                              [01;31m[K^~~~~~~~[m[K
In file included from [01m[K/opt/ros/humble/include/rclcpp/rclcpp/client.hpp:40[m[K,
                 from [01m[K/opt/ros/humble/include/rclcpp/rclcpp/callback_group.hpp:24[m[K,
                 from [01m[K/opt/ros/humble/include/rclcpp/rclcpp/any_executable.hpp:20[m[K,
                 from [01m[K/opt/ros/humble/include/rclcpp/rclcpp/memory_strategy.hpp:25[m[K,
                 from [01m[K/opt/ros/humble/include/rclcpp/rclcpp/memory_strategies.hpp:18[m[K,
                 from [01m[K/opt/ros/humble/include/rclcpp/rclcpp/executor_options.hpp:20[m[K,
                 from [01m[K/opt/ros/humble/include/rclcpp/rclcpp/executor.hpp:37[m[K,
                 from [01m[K/opt/ros/humble/include/rclcpp/rclcpp/executors/multi_threaded_executor.hpp:25[m[K,
                 from [01m[K/opt/ros/humble/include/rclcpp/rclcpp/executors.hpp:21[m[K,
                 from [01m[K/opt/ros/humble/include/rclcpp/rclcpp/rclcpp.hpp:155[m[K,
                 from [01m[K/home/sara/aubo_ws/src/aubo_control/control/include/control/sim_control.hpp:7[m[K,
                 from [01m[K/home/sara/aubo_ws/src/aubo_control/control/src/sim_control.cpp:1[m[K:
[01m[K/home/sara/aubo_ws/src/aubo_control/control/src/sim_control.cpp:56:20:[m[K [01;31m[Kerror: [m[Kâ€˜[01m[Kget_logger[m[Kâ€™ was not declared in this scope; did you mean â€˜[01m[Krclcpp::get_logger[m[Kâ€™?
   56 |        RCLCPP_INFO([01;31m[Kget_logger[m[K(), "Goal was accepted and is currently executing.");
      |                    [01;31m[K^~~~~~~~~~[m[K
In file included from [01m[K/opt/ros/humble/include/rclcpp/rclcpp/logging.hpp:23[m[K,
                 from [01m[K/opt/ros/humble/include/rclcpp/rclcpp/client.hpp:40[m[K,
                 from [01m[K/opt/ros/humble/include/rclcpp/rclcpp/callback_group.hpp:24[m[K,
                 from [01m[K/opt/ros/humble/include/rclcpp/rclcpp/any_executable.hpp:20[m[K,
                 from [01m[K/opt/ros/humble/include/rclcpp/rclcpp/memory_strategy.hpp:25[m[K,
                 from [01m[K/opt/ros/humble/include/rclcpp/rclcpp/memory_strategies.hpp:18[m[K,
                 from [01m[K/opt/ros/humble/include/rclcpp/rclcpp/executor_options.hpp:20[m[K,
                 from [01m[K/opt/ros/humble/include/rclcpp/rclcpp/executor.hpp:37[m[K,
                 from [01m[K/opt/ros/humble/include/rclcpp/rclcpp/executors/multi_threaded_executor.hpp:25[m[K,
                 from [01m[K/opt/ros/humble/include/rclcpp/rclcpp/executors.hpp:21[m[K,
                 from [01m[K/opt/ros/humble/include/rclcpp/rclcpp/rclcpp.hpp:155[m[K,
                 from [01m[K/home/sara/aubo_ws/src/aubo_control/control/include/control/sim_control.hpp:7[m[K,
                 from [01m[K/home/sara/aubo_ws/src/aubo_control/control/src/sim_control.cpp:1[m[K:
[01m[K/opt/ros/humble/include/rclcpp/rclcpp/logger.hpp:106:17:[m[K [01;36m[Knote: [m[Kâ€˜[01m[Krclcpp::get_logger[m[Kâ€™ declared here
  106 |   friend Logger [01;36m[Krclcpp[m[K::get_logger(const std::string & name);
      |                 [01;36m[K^~~~~~[m[K
In file included from [01m[K/opt/ros/humble/include/rclcpp/rclcpp/client.hpp:40[m[K,
                 from [01m[K/opt/ros/humble/include/rclcpp/rclcpp/callback_group.hpp:24[m[K,
                 from [01m[K/opt/ros/humble/include/rclcpp/rclcpp/any_executable.hpp:20[m[K,
                 from [01m[K/opt/ros/humble/include/rclcpp/rclcpp/memory_strategy.hpp:25[m[K,
                 from [01m[K/opt/ros/humble/include/rclcpp/rclcpp/memory_strategies.hpp:18[m[K,
                 from [01m[K/opt/ros/humble/include/rclcpp/rclcpp/executor_options.hpp:20[m[K,
                 from [01m[K/opt/ros/humble/include/rclcpp/rclcpp/executor.hpp:37[m[K,
                 from [01m[K/opt/ros/humble/include/rclcpp/rclcpp/executors/multi_threaded_executor.hpp:25[m[K,
                 from [01m[K/opt/ros/humble/include/rclcpp/rclcpp/executors.hpp:21[m[K,
                 from [01m[K/opt/ros/humble/include/rclcpp/rclcpp/rclcpp.hpp:155[m[K,
                 from [01m[K/home/sara/aubo_ws/src/aubo_control/control/include/control/sim_control.hpp:7[m[K,
                 from [01m[K/home/sara/aubo_ws/src/aubo_control/control/src/sim_control.cpp:1[m[K:
[01m[K/home/sara/aubo_ws/src/aubo_control/control/src/sim_control.cpp:56:8:[m[K [01;31m[Kerror: [m[Ktemplate argument 1 is invalid
   56 |        [01;31m[KRCLCPP_INFO[m[K(get_logger(), "Goal was accepted and is currently executing.");
      |        [01;31m[K^~~~~~~~~~~[m[K
[01m[K/home/sara/aubo_ws/src/aubo_control/control/src/sim_control.cpp:56:8:[m[K [01;31m[Kerror: [m[Kâ€˜[01m[K<declaration error>[m[Kâ€™ is not a template [[01;31m[K]8;;https://gcc.gnu.org/onlinedocs/gcc/Warning-Options.html#index-fpermissive-fpermissive]8;;[m[K]
   56 |        [01;31m[KRCLCPP_INFO[m[K(get_logger(), "Goal was accepted and is currently executing.");
      |        [01;31m[K^~~~~~~~~~~[m[K
[01m[K/home/sara/aubo_ws/src/aubo_control/control/src/sim_control.cpp:56:8:[m[K [01;31m[Kerror: [m[Ktemplate argument 1 is invalid
   56 |        [01;31m[KRCLCPP_INFO[m[K(get_logger(), "Goal was accepted and is currently executing.");
      |        [01;31m[K^~~~~~~~~~~[m[K
[01m[K/home/sara/aubo_ws/src/aubo_control/control/src/sim_control.cpp:56:8:[m[K [01;31m[Kerror: [m[Kâ€˜[01m[K<declaration error>[m[Kâ€™ is not a template [[01;31m[K]8;;https://gcc.gnu.org/onlinedocs/gcc/Warning-Options.html#index-fpermissive-fpermissive]8;;[m[K]
   56 |        [01;31m[KRCLCPP_INFO[m[K(get_logger(), "Goal was accepted and is currently executing.");
      |        [01;31m[K^~~~~~~~~~~[m[K
[01m[K/home/sara/aubo_ws/src/aubo_control/control/src/sim_control.cpp:56:8:[m[K [01;31m[Kerror: [m[Ktemplate argument 1 is invalid
   56 |        [01;31m[KRCLCPP_INFO[m[K(get_logger(), "Goal was accepted and is currently executing.");
      |        [01;31m[K^~~~~~~~~~~[m[K
gmake[2]: *** [CMakeFiles/sim_control.dir/build.make:76: CMakeFiles/sim_control.dir/src/sim_control.cpp.o] Error 1
gmake[1]: *** [CMakeFiles/Makefile2:333: CMakeFiles/sim_control.dir/all] Error 2
gmake: *** [Makefile:146: all] Error 2
