[0.219s] Invoking command in '/home/sara/aubo_ws/build/control': CMAKE_PREFIX_PATH=${CMAKE_PREFIX_PATH}:/home/sara/ros2_ws/install/rqt_joint_trajectory_controller:/home/sara/ros2_ws/install/rqt_controller_manager:/home/sara/ros2_ws/install/ros2controlcli:/home/sara/ros2_ws/install/ros2_controllers_test_nodes:/opt/ros/humble /usr/bin/cmake --build /home/sara/aubo_ws/build/control -- -j8 -l8
[0.476s] [ 12%] Built target inv_kin
[0.504s] [ 25%] Built target controller
[0.505s] [ 37%] Built target test_pub
[0.535s] [ 50%] Built target dir_kin
[0.536s] [ 62%] Built target sim_sub
[0.536s] [ 75%] Built target sim_test
[0.571s] [ 87%] Built target sim_control
[0.571s] [ 93%] [32mBuilding CXX object CMakeFiles/sim_pub.dir/src/sim_pub.cpp.o[0m
[4.711s] In file included from [01m[K/home/sara/aubo_ws/src/aubo_control/control/src/sim_pub.cpp:3[m[K:
[4.711s] [01m[K/home/sara/aubo_ws/src/aubo_control/control/include/control/sim_pub.hpp:12:10:[m[K [01;31m[Kfatal error: [m[Kgazebo_msgs/msg/contacts_state.hpp: No such file or directory
[4.711s]    12 | #include [01;31m[K<gazebo_msgs/msg/contacts_state.hpp>[m[K  // Si est√°s trabajando con contactos
[4.711s]       |          [01;31m[K^~~~~~~~~~~~~~~~~~~~~~~~~~~~~~~~~~~~[m[K
[4.711s] compilation terminated.
[4.751s] gmake[2]: *** [CMakeFiles/sim_pub.dir/build.make:76: CMakeFiles/sim_pub.dir/src/sim_pub.cpp.o] Error 1
[4.752s] gmake[1]: *** [CMakeFiles/Makefile2:255: CMakeFiles/sim_pub.dir/all] Error 2
[4.752s] gmake: *** [Makefile:146: all] Error 2
[4.756s] Invoked command in '/home/sara/aubo_ws/build/control' returned '2': CMAKE_PREFIX_PATH=${CMAKE_PREFIX_PATH}:/home/sara/ros2_ws/install/rqt_joint_trajectory_controller:/home/sara/ros2_ws/install/rqt_controller_manager:/home/sara/ros2_ws/install/ros2controlcli:/home/sara/ros2_ws/install/ros2_controllers_test_nodes:/opt/ros/humble /usr/bin/cmake --build /home/sara/aubo_ws/build/control -- -j8 -l8
