-- Found ament_cmake: 1.3.5 (/opt/ros/humble/share/ament_cmake/cmake)
-- Found rclcpp: 16.0.6 (/opt/ros/humble/share/rclcpp/cmake)
-- Found rosidl_generator_c: 3.1.5 (/opt/ros/humble/share/rosidl_generator_c/cmake)
-- Found rosidl_adapter: 3.1.5 (/opt/ros/humble/share/rosidl_adapter/cmake)
-- Found rosidl_generator_cpp: 3.1.5 (/opt/ros/humble/share/rosidl_generator_cpp/cmake)
-- Using all available rosidl_typesupport_c: rosidl_typesupport_fastrtps_c;rosidl_typesupport_introspection_c
-- Using all available rosidl_typesupport_cpp: rosidl_typesupport_fastrtps_cpp;rosidl_typesupport_introspection_cpp
-- Found rmw_implementation_cmake: 6.1.1 (/opt/ros/humble/share/rmw_implementation_cmake/cmake)
-- Found rmw_fastrtps_cpp: 6.2.4 (/opt/ros/humble/share/rmw_fastrtps_cpp/cmake)
-- Using RMW implementation 'rmw_fastrtps_cpp' as default
[33mCMake Warning (dev) at /usr/share/cmake-3.22/Modules/FindPackageHandleStandardArgs.cmake:438 (message):
  The package name passed to `find_package_handle_standard_args` (PkgConfig)
  does not match the name of the calling package (gazebo).  This can lead to
  problems in calling code that expects `find_package` result variables
  (e.g., `_FOUND`) to follow a certain pattern.
Call Stack (most recent call first):
  /usr/share/cmake-3.22/Modules/FindPkgConfig.cmake:99 (find_package_handle_standard_args)
  /usr/lib/x86_64-linux-gnu/cmake/gazebo/gazebo-config.cmake:72 (include)
  CMakeLists.txt:12 (find_package)
This warning is for project developers.  Use -Wno-dev to suppress it.
[0m
-- Found DART: /usr/include (Required is at least version "6.6") found components: dart 
-- Found Protobuf: /usr/lib/x86_64-linux-gnu/libprotobuf.so (found version "3.12.4") 
-- Looking for ignition-math6 -- found version 6.15.0
-- Searching for dependencies of ignition-math6
-- Looking for OGRE...
-- Found Ogre Ghadamon (1.9.0)
-- Found OGRE: optimized;/usr/lib/x86_64-linux-gnu/libOgreMain.so;debug;/usr/lib/x86_64-linux-gnu/libOgreMain.so
-- Looking for OGRE_Paging...
-- Found OGRE_Paging: optimized;/usr/lib/x86_64-linux-gnu/libOgrePaging.so;debug;/usr/lib/x86_64-linux-gnu/libOgrePaging.so
-- Looking for OGRE_Terrain...
-- Found OGRE_Terrain: optimized;/usr/lib/x86_64-linux-gnu/libOgreTerrain.so;debug;/usr/lib/x86_64-linux-gnu/libOgreTerrain.so
-- Looking for OGRE_Property...
-- Found OGRE_Property: optimized;/usr/lib/x86_64-linux-gnu/libOgreProperty.so;debug;/usr/lib/x86_64-linux-gnu/libOgreProperty.so
-- Looking for OGRE_RTShaderSystem...
-- Found OGRE_RTShaderSystem: optimized;/usr/lib/x86_64-linux-gnu/libOgreRTShaderSystem.so;debug;/usr/lib/x86_64-linux-gnu/libOgreRTShaderSystem.so
-- Looking for OGRE_Volume...
-- Found OGRE_Volume: optimized;/usr/lib/x86_64-linux-gnu/libOgreVolume.so;debug;/usr/lib/x86_64-linux-gnu/libOgreVolume.so
-- Looking for OGRE_Overlay...
-- Found OGRE_Overlay: optimized;/usr/lib/x86_64-linux-gnu/libOgreOverlay.so;debug;/usr/lib/x86_64-linux-gnu/libOgreOverlay.so
-- Looking for ignition-math6 -- found version 6.15.0
-- Looking for ignition-transport8 -- found version 8.2.1
-- Searching for dependencies of ignition-transport8
-- Found Protobuf: /usr/lib/x86_64-linux-gnu/libprotobuf.so (found suitable version "3.12.4", minimum required is "3") 
-- Config-file not installed for ZeroMQ -- checking for pkg-config
-- Checking for module 'libzmq >= 4'
--   Found libzmq , version 4.3.4
-- Checking for module 'uuid'
--   Found uuid, version 2.37.2
-- Looking for ignition-msgs5 -- found version 5.8.1
-- Searching for dependencies of ignition-msgs5
-- Looking for ignition-math6 -- found version 6.15.0
-- Checking for module 'tinyxml2'
--   Found tinyxml2, version 9.0.0
-- Looking for ignition-msgs5 -- found version 5.8.1
-- Looking for ignition-common3 -- found version 3.14.0
-- Searching for dependencies of ignition-common3
-- Looking for dlfcn.h - found
-- Looking for libdl - found
-- Searching for <ignition-common3> component [graphics]
-- Looking for ignition-common3-graphics -- found version 3.14.0
-- Searching for dependencies of ignition-common3-graphics
-- Looking for ignition-math6 -- found version 6.15.0
-- Looking for ignition-fuel_tools4 -- found version 4.4.0
-- Searching for dependencies of ignition-fuel_tools4
-- Checking for module 'jsoncpp'
--   Found jsoncpp, version 1.9.5
-- Checking for module 'libzip'
--   Found libzip, version 1.7.3
-- Looking for ignition-common3 -- found version 3.14.0
-- Looking for ignition-math6 -- found version 6.15.0
-- Looking for ignition-msgs5 -- found version 5.8.1
-- Found control_msgs: 4.4.0 (/opt/ros/humble/share/control_msgs/cmake)
-- Found gazebo_msgs: 3.7.0 (/opt/ros/humble/share/gazebo_msgs/cmake)
-- Found ament_lint_auto: 0.12.8 (/opt/ros/humble/share/ament_lint_auto/cmake)
-- Added test 'cppcheck' to perform static code analysis on C / C++ code
-- Configured cppcheck include dirs: /home/sara/aubo_ws/src/aubo_control/control/include
-- Configured cppcheck exclude dirs and/or files: 
-- Added test 'flake8' to check Python code syntax and style conventions
-- Added test 'lint_cmake' to check CMake code style
-- Added test 'pep257' to check Python code against some of the docstring style conventions in PEP 257
-- Added test 'uncrustify' to check C / C++ code style
-- Configured uncrustify additional arguments: 
-- Added test 'xmllint' to check XML markup files
-- Configuring done
-- Generating done
-- Build files have been written to: /home/sara/aubo_ws/build/control
[35m[1mConsolidate compiler generated dependencies of target dir_kin[0m
[35m[1mConsolidate compiler generated dependencies of target inv_kin[0m
[35m[1mConsolidate compiler generated dependencies of target test_pub[0m
[ 12%] [32mBuilding CXX object CMakeFiles/controller.dir/src/controller_v1.cpp.o[0m
[ 62%] Built target test_pub
[ 87%] Built target dir_kin
[ 87%] Built target inv_kin
In file included from [01m[K/home/sara/aubo_ws/src/aubo_control/control/src/controller_v1.cpp:1[m[K:
[01m[K/home/sara/aubo_ws/src/aubo_control/control/include/control/controller_v1.hpp:29:23:[m[K [01;31m[Kerror: [m[Kâ€˜[01m[Kaubo_ros2_common[m[Kâ€™ was not declared in this scope
   29 |     rclcpp::Publisher<[01;31m[Kaubo_ros2_common[m[K::msg::AuboTcpPose>::SharedPtr pub_user_;
      |                       [01;31m[K^~~~~~~~~~~~~~~~[m[K
[01m[K/home/sara/aubo_ws/src/aubo_control/control/include/control/controller_v1.hpp:29:57:[m[K [01;31m[Kerror: [m[Ktemplate argument 1 is invalid
   29 |     rclcpp::Publisher<aubo_ros2_common::msg::AuboTcpPose[01;31m[K>[m[K::SharedPtr pub_user_;
      |                                                         [01;31m[K^[m[K
[01m[K/home/sara/aubo_ws/src/aubo_control/control/include/control/controller_v1.hpp:29:60:[m[K [01;31m[Kerror: [m[Kexpected â€˜[01m[K;[m[Kâ€™ at end of member declaration
   29 |     rclcpp::Publisher<aubo_ros2_common::msg::AuboTcpPose>::[01;31m[KSharedPtr[m[K pub_user_;
      |                                                            [01;31m[K^~~~~~~~~[m[K
      |                                                                     [32m[K;[m[K
[01m[K/home/sara/aubo_ws/src/aubo_control/control/include/control/controller_v1.hpp:29:70:[m[K [01;31m[Kerror: [m[Kâ€˜[01m[Kpub_user_[m[Kâ€™ does not name a type
   29 |     rclcpp::Publisher<aubo_ros2_common::msg::AuboTcpPose>::SharedPtr [01;31m[Kpub_user_[m[K;
      |                                                                      [01;31m[K^~~~~~~~~[m[K
In file included from [01m[K/home/sara/aubo_ws/src/aubo_control/control/src/controller_v1.cpp:3[m[K:
[01m[K/home/sara/aubo_ws/src/aubo_control/control/include/control/aubo_kin_mod.hpp:[m[K In function â€˜[01m[Kint inverse(const double*, double*)[m[Kâ€™:
[01m[K/home/sara/aubo_ws/src/aubo_control/control/include/control/aubo_kin_mod.hpp:316:69:[m[K [01;35m[Kwarning: [m[Ksuggest braces around empty body in an â€˜[01m[Kif[m[Kâ€™ statement [[01;35m[K]8;;https://gcc.gnu.org/onlinedocs/gcc/Warning-Options.html#index-Wempty-body-Wempty-body]8;;[m[K]
  316 |                     if (loop_again && !solution_num && j5_idx == 1) [01;35m[K;[m[K
      |                                                                     [01;35m[K^[m[K
[01m[K/home/sara/aubo_ws/src/aubo_control/control/include/control/aubo_kin_mod.hpp:341:73:[m[K [01;35m[Kwarning: [m[Ksuggest braces around empty body in an â€˜[01m[Kif[m[Kâ€™ statement [[01;35m[K]8;;https://gcc.gnu.org/onlinedocs/gcc/Warning-Options.html#index-Wempty-body-Wempty-body]8;;[m[K]
  341 |                         if (loop_again && !solution_num && j5_idx == 1) [01;35m[K;[m[K
      |                                                                         [01;35m[K^[m[K
[01m[K/home/sara/aubo_ws/src/aubo_control/control/src/controller_v1.cpp:[m[K In constructor â€˜[01m[KController::Controller()[m[Kâ€™:
[01m[K/home/sara/aubo_ws/src/aubo_control/control/src/controller_v1.cpp:9:5:[m[K [01;31m[Kerror: [m[Kâ€˜[01m[Kpub_user_[m[Kâ€™ was not declared in this scope; did you mean â€˜[01m[Kpub_sim_[m[Kâ€™?
    9 |     [01;31m[Kpub_user_[m[K=this -> create_publisher<aubo_ros2_common::msg::AuboTcpPose>("Joint_pos",1000);
      |     [01;31m[K^~~~~~~~~[m[K
      |     [32m[Kpub_sim_[m[K
[01m[K/home/sara/aubo_ws/src/aubo_control/control/src/controller_v1.cpp:9:40:[m[K [01;31m[Kerror: [m[Kâ€˜[01m[Kaubo_ros2_common[m[Kâ€™ was not declared in this scope
    9 |     pub_user_=this -> create_publisher<[01;31m[Kaubo_ros2_common[m[K::msg::AuboTcpPose>("Joint_pos",1000);
      |                                        [01;31m[K^~~~~~~~~~~~~~~~[m[K
[01m[K/home/sara/aubo_ws/src/aubo_control/control/src/controller_v1.cpp:9:23:[m[K [01;31m[Kerror: [m[Kparse error in template argument list
    9 |     pub_user_=this -> [01;31m[Kcreate_publisher<aubo_ros2_common::msg::AuboTcpPose>[m[K("Joint_pos",1000);
      |                       [01;31m[K^~~~~~~~~~~~~~~~~~~~~~~~~~~~~~~~~~~~~~~~~~~~~~~~~~~~[m[K
[01m[K/home/sara/aubo_ws/src/aubo_control/control/src/controller_v1.cpp:9:75:[m[K [01;31m[Kerror: [m[Kno matching function for call to â€˜[01m[KController::create_publisher<<expression error> >(const char [10], int)[m[Kâ€™
    9 |     pub_user_=[01;31m[Kthis -> create_publisher<aubo_ros2_common::msg::AuboTcpPose>("Joint_pos",1000)[m[K;
      |               [01;31m[K~~~~~~~~~~~~~~~~~~~~~~~~~~~~~~~~~~~~~~~~~~~~~~~~~~~~~~~~~~~~^~~~~~~~~~~~~~~~~~[m[K
In file included from [01m[K/opt/ros/humble/include/rclcpp/rclcpp/executors/single_threaded_executor.hpp:28[m[K,
                 from [01m[K/opt/ros/humble/include/rclcpp/rclcpp/executors.hpp:22[m[K,
                 from [01m[K/opt/ros/humble/include/rclcpp/rclcpp/rclcpp.hpp:155[m[K,
                 from [01m[K/home/sara/aubo_ws/src/aubo_control/control/include/control/controller_v1.hpp:4[m[K,
                 from [01m[K/home/sara/aubo_ws/src/aubo_control/control/src/controller_v1.cpp:1[m[K:
[01m[K/opt/ros/humble/include/rclcpp/rclcpp/node.hpp:195:3:[m[K [01;36m[Knote: [m[Kcandidate: â€˜[01m[Ktemplate<class MessageT, class AllocatorT, class PublisherT> std::shared_ptr<PublisherT> rclcpp::Node::create_publisher(const string&, const rclcpp::QoS&, const rclcpp::PublisherOptionsWithAllocator<AllocatorT>&)[m[Kâ€™
  195 |   [01;36m[Kcreate_publisher[m[K(
      |   [01;36m[K^~~~~~~~~~~~~~~~[m[K
[01m[K/opt/ros/humble/include/rclcpp/rclcpp/node.hpp:195:3:[m[K [01;36m[Knote: [m[K  template argument deduction/substitution failed:
[01m[K/home/sara/aubo_ws/src/aubo_control/control/src/controller_v1.cpp:9:75:[m[K [01;31m[Kerror: [m[Ktemplate argument 1 is invalid
    9 |     pub_user_=[01;31m[Kthis -> create_publisher<aubo_ros2_common::msg::AuboTcpPose>("Joint_pos",1000)[m[K;
      |               [01;31m[K~~~~~~~~~~~~~~~~~~~~~~~~~~~~~~~~~~~~~~~~~~~~~~~~~~~~~~~~~~~~^~~~~~~~~~~~~~~~~~[m[K
[01m[K/home/sara/aubo_ws/src/aubo_control/control/src/controller_v1.cpp:24:9:[m[K [01;35m[Kwarning: [m[Kunused variable â€˜[01m[Kpub_ind_user[m[Kâ€™ [[01;35m[K]8;;https://gcc.gnu.org/onlinedocs/gcc/Warning-Options.html#index-Wunused-variable-Wunused-variable]8;;[m[K]
   24 |     int [01;35m[Kpub_ind_user[m[K=0;
      |         [01;35m[K^~~~~~~~~~~~[m[K
[01m[K/home/sara/aubo_ws/src/aubo_control/control/src/controller_v1.cpp:25:9:[m[K [01;35m[Kwarning: [m[Kunused variable â€˜[01m[Kpub_ind_sim[m[Kâ€™ [[01;35m[K]8;;https://gcc.gnu.org/onlinedocs/gcc/Warning-Options.html#index-Wunused-variable-Wunused-variable]8;;[m[K]
   25 |     int [01;35m[Kpub_ind_sim[m[K=0;
      |         [01;35m[K^~~~~~~~~~~[m[K
[01m[K/home/sara/aubo_ws/src/aubo_control/control/src/controller_v1.cpp:26:9:[m[K [01;35m[Kwarning: [m[Kunused variable â€˜[01m[Kpub_ind_robot[m[Kâ€™ [[01;35m[K]8;;https://gcc.gnu.org/onlinedocs/gcc/Warning-Options.html#index-Wunused-variable-Wunused-variable]8;;[m[K]
   26 |     int [01;35m[Kpub_ind_robot[m[K=0;
      |         [01;35m[K^~~~~~~~~~~~~[m[K
[01m[K/home/sara/aubo_ws/src/aubo_control/control/src/controller_v1.cpp:[m[K In member function â€˜[01m[Kvoid Controller::sim_sub_f(std_msgs::msg::Float32MultiArray_<std::allocator<void> >::SharedPtr)[m[Kâ€™:
[01m[K/home/sara/aubo_ws/src/aubo_control/control/src/controller_v1.cpp:55:78:[m[K [01;35m[Kwarning: [m[Kunused parameter â€˜[01m[Kmsgrec[m[Kâ€™ [[01;35m[K]8;;https://gcc.gnu.org/onlinedocs/gcc/Warning-Options.html#index-Wunused-parameter-Wunused-parameter]8;;[m[K]
   55 | void Controller::sim_sub_f([01;35m[Kconst std_msgs::msg::Float32MultiArray::SharedPtr msgrec[m[K) {
      |                            [01;35m[K~~~~~~~~~~~~~~~~~~~~~~~~~~~~~~~~~~~~~~~~~~~~~~~~~~^~~~~~[m[K
[01m[K/home/sara/aubo_ws/src/aubo_control/control/src/controller_v1.cpp:[m[K In member function â€˜[01m[Kvoid Controller::coll_sub_f(gazebo_msgs::msg::ContactsState_<std::allocator<void> >::SharedPtr)[m[Kâ€™:
[01m[K/home/sara/aubo_ws/src/aubo_control/control/src/controller_v1.cpp:59:78:[m[K [01;35m[Kwarning: [m[Kunused parameter â€˜[01m[Kmsg_coll_robot[m[Kâ€™ [[01;35m[K]8;;https://gcc.gnu.org/onlinedocs/gcc/Warning-Options.html#index-Wunused-parameter-Wunused-parameter]8;;[m[K]
   59 | void Controller::coll_sub_f([01;35m[Kconst gazebo_msgs::msg::ContactsState::SharedPtr msg_coll_robot[m[K) {
      |                             [01;35m[K~~~~~~~~~~~~~~~~~~~~~~~~~~~~~~~~~~~~~~~~~~~~~~~~~^~~~~~~~~~~~~~[m[K
[01m[K/home/sara/aubo_ws/src/aubo_control/control/src/controller_v1.cpp:[m[K In member function â€˜[01m[Kvoid Controller::publish_user()[m[Kâ€™:
[01m[K/home/sara/aubo_ws/src/aubo_control/control/src/controller_v1.cpp:81:5:[m[K [01;31m[Kerror: [m[Kâ€˜[01m[Kpub_user_[m[Kâ€™ was not declared in this scope; did you mean â€˜[01m[Kpub_sim_[m[Kâ€™?
   81 |     [01;31m[Kpub_user_[m[K-> publish(msg_pub_user); //PublicaciÃ³n del mensaje
      |     [01;31m[K^~~~~~~~~[m[K
      |     [32m[Kpub_sim_[m[K
[01m[K/home/sara/aubo_ws/src/aubo_control/control/src/controller_v1.cpp:81:25:[m[K [01;31m[Kerror: [m[Kâ€˜[01m[Kmsg_pub_user[m[Kâ€™ was not declared in this scope
   81 |     pub_user_-> publish([01;31m[Kmsg_pub_user[m[K); //PublicaciÃ³n del mensaje
      |                         [01;31m[K^~~~~~~~~~~~[m[K
[01m[K/home/sara/aubo_ws/src/aubo_control/control/src/controller_v1.cpp:[m[K In function â€˜[01m[Kint main(int, char**)[m[Kâ€™:
[01m[K/home/sara/aubo_ws/src/aubo_control/control/src/controller_v1.cpp:102:20:[m[K [01;35m[Kwarning: [m[Kthe address of â€˜[01m[Kbool rclcpp::ok(rclcpp::Context::SharedPtr)[m[Kâ€™ will never be NULL [[01;35m[K]8;;https://gcc.gnu.org/onlinedocs/gcc/Warning-Options.html#index-Waddress-Waddress]8;;[m[K]
  102 |     while ([01;35m[Krclcpp::ok[m[K)
      |            [01;35m[K~~~~~~~~^~[m[K
gmake[2]: *** [CMakeFiles/controller.dir/build.make:76: CMakeFiles/controller.dir/src/controller_v1.cpp.o] Error 1
gmake[1]: *** [CMakeFiles/Makefile2:143: CMakeFiles/controller.dir/all] Error 2
gmake: *** [Makefile:146: all] Error 2
