[0.064s] Invoking command in '/home/sara/aubo_ws/build/control': CMAKE_PREFIX_PATH=${CMAKE_PREFIX_PATH}:/opt/ros/humble /usr/bin/cmake --build /home/sara/aubo_ws/build/control -- -j8 -l8
[0.087s] -- Found ament_cmake: 1.3.5 (/opt/ros/humble/share/ament_cmake/cmake)
[0.219s] -- Found rclcpp: 16.0.6 (/opt/ros/humble/share/rclcpp/cmake)
[0.245s] -- Found rosidl_generator_c: 3.1.5 (/opt/ros/humble/share/rosidl_generator_c/cmake)
[0.247s] -- Found rosidl_adapter: 3.1.5 (/opt/ros/humble/share/rosidl_adapter/cmake)
[0.253s] -- Found rosidl_generator_cpp: 3.1.5 (/opt/ros/humble/share/rosidl_generator_cpp/cmake)
[0.264s] -- Using all available rosidl_typesupport_c: rosidl_typesupport_fastrtps_c;rosidl_typesupport_introspection_c
[0.278s] -- Using all available rosidl_typesupport_cpp: rosidl_typesupport_fastrtps_cpp;rosidl_typesupport_introspection_cpp
[0.332s] -- Found rmw_implementation_cmake: 6.1.1 (/opt/ros/humble/share/rmw_implementation_cmake/cmake)
[0.335s] -- Found rmw_fastrtps_cpp: 6.2.4 (/opt/ros/humble/share/rmw_fastrtps_cpp/cmake)
[0.439s] -- Using RMW implementation 'rmw_fastrtps_cpp' as default
[0.587s] [33mCMake Warning (dev) at /usr/share/cmake-3.22/Modules/FindPackageHandleStandardArgs.cmake:438 (message):
[0.587s]   The package name passed to `find_package_handle_standard_args` (PkgConfig)
[0.588s]   does not match the name of the calling package (gazebo).  This can lead to
[0.588s]   problems in calling code that expects `find_package` result variables
[0.588s]   (e.g., `_FOUND`) to follow a certain pattern.
[0.588s] Call Stack (most recent call first):
[0.588s]   /usr/share/cmake-3.22/Modules/FindPkgConfig.cmake:99 (find_package_handle_standard_args)
[0.588s]   /usr/lib/x86_64-linux-gnu/cmake/gazebo/gazebo-config.cmake:72 (include)
[0.588s]   CMakeLists.txt:12 (find_package)
[0.588s] This warning is for project developers.  Use -Wno-dev to suppress it.
[0.588s] [0m
[0.607s] -- Found DART: /usr/include (Required is at least version "6.6") found components: dart 
[0.631s] -- Found Protobuf: /usr/lib/x86_64-linux-gnu/libprotobuf.so (found version "3.12.4") 
[0.632s] -- Looking for ignition-math6 -- found version 6.15.0
[0.636s] -- Searching for dependencies of ignition-math6
[0.637s] -- Looking for OGRE...
[0.642s] -- Found Ogre Ghadamon (1.9.0)
[0.642s] -- Found OGRE: optimized;/usr/lib/x86_64-linux-gnu/libOgreMain.so;debug;/usr/lib/x86_64-linux-gnu/libOgreMain.so
[0.650s] -- Looking for OGRE_Paging...
[0.650s] -- Found OGRE_Paging: optimized;/usr/lib/x86_64-linux-gnu/libOgrePaging.so;debug;/usr/lib/x86_64-linux-gnu/libOgrePaging.so
[0.650s] -- Looking for OGRE_Terrain...
[0.651s] -- Found OGRE_Terrain: optimized;/usr/lib/x86_64-linux-gnu/libOgreTerrain.so;debug;/usr/lib/x86_64-linux-gnu/libOgreTerrain.so
[0.651s] -- Looking for OGRE_Property...
[0.651s] -- Found OGRE_Property: optimized;/usr/lib/x86_64-linux-gnu/libOgreProperty.so;debug;/usr/lib/x86_64-linux-gnu/libOgreProperty.so
[0.651s] -- Looking for OGRE_RTShaderSystem...
[0.651s] -- Found OGRE_RTShaderSystem: optimized;/usr/lib/x86_64-linux-gnu/libOgreRTShaderSystem.so;debug;/usr/lib/x86_64-linux-gnu/libOgreRTShaderSystem.so
[0.651s] -- Looking for OGRE_Volume...
[0.651s] -- Found OGRE_Volume: optimized;/usr/lib/x86_64-linux-gnu/libOgreVolume.so;debug;/usr/lib/x86_64-linux-gnu/libOgreVolume.so
[0.651s] -- Looking for OGRE_Overlay...
[0.651s] -- Found OGRE_Overlay: optimized;/usr/lib/x86_64-linux-gnu/libOgreOverlay.so;debug;/usr/lib/x86_64-linux-gnu/libOgreOverlay.so
[0.733s] -- Looking for ignition-math6 -- found version 6.15.0
[0.734s] -- Looking for ignition-transport8 -- found version 8.2.1
[0.734s] -- Searching for dependencies of ignition-transport8
[0.749s] -- Found Protobuf: /usr/lib/x86_64-linux-gnu/libprotobuf.so (found suitable version "3.12.4", minimum required is "3") 
[0.758s] -- Config-file not installed for ZeroMQ -- checking for pkg-config
[0.762s] -- Checking for module 'libzmq >= 4'
[0.773s] --   Found libzmq , version 4.3.4
[0.805s] -- Checking for module 'uuid'
[0.816s] --   Found uuid, version 2.37.2
[0.843s] -- Looking for ignition-msgs5 -- found version 5.8.1
[0.843s] -- Searching for dependencies of ignition-msgs5
[0.859s] -- Looking for ignition-math6 -- found version 6.15.0
[0.863s] -- Checking for module 'tinyxml2'
[0.874s] --   Found tinyxml2, version 9.0.0
[0.901s] -- Looking for ignition-msgs5 -- found version 5.8.1
[0.901s] -- Looking for ignition-common3 -- found version 3.14.0
[0.901s] -- Searching for dependencies of ignition-common3
[0.901s] -- Looking for dlfcn.h - found
[0.901s] -- Looking for libdl - found
[0.910s] -- Searching for <ignition-common3> component [graphics]
[0.911s] -- Looking for ignition-common3-graphics -- found version 3.14.0
[0.911s] -- Searching for dependencies of ignition-common3-graphics
[0.911s] -- Looking for ignition-math6 -- found version 6.15.0
[0.912s] -- Looking for ignition-fuel_tools4 -- found version 4.4.0
[0.913s] -- Searching for dependencies of ignition-fuel_tools4
[0.944s] -- Checking for module 'jsoncpp'
[0.955s] --   Found jsoncpp, version 1.9.5
[0.986s] -- Checking for module 'libzip'
[0.996s] --   Found libzip, version 1.7.3
[1.024s] -- Looking for ignition-common3 -- found version 3.14.0
[1.024s] -- Looking for ignition-math6 -- found version 6.15.0
[1.025s] -- Looking for ignition-msgs5 -- found version 5.8.1
[1.026s] -- Found control_msgs: 4.4.0 (/opt/ros/humble/share/control_msgs/cmake)
[1.466s] -- Found gazebo_msgs: 3.7.0 (/opt/ros/humble/share/gazebo_msgs/cmake)
[1.577s] -- Found ament_lint_auto: 0.12.8 (/opt/ros/humble/share/ament_lint_auto/cmake)
[1.638s] -- Added test 'cppcheck' to perform static code analysis on C / C++ code
[1.638s] -- Configured cppcheck include dirs: /home/sara/aubo_ws/src/aubo_control/control/include
[1.638s] -- Configured cppcheck exclude dirs and/or files: 
[1.639s] -- Added test 'flake8' to check Python code syntax and style conventions
[1.639s] -- Added test 'lint_cmake' to check CMake code style
[1.640s] -- Added test 'pep257' to check Python code against some of the docstring style conventions in PEP 257
[1.641s] -- Added test 'uncrustify' to check C / C++ code style
[1.641s] -- Configured uncrustify additional arguments: 
[1.642s] -- Added test 'xmllint' to check XML markup files
[1.643s] -- Configuring done
[1.663s] -- Generating done
[1.665s] -- Build files have been written to: /home/sara/aubo_ws/build/control
[1.691s] [35m[1mConsolidate compiler generated dependencies of target dir_kin[0m
[1.692s] [35m[1mConsolidate compiler generated dependencies of target inv_kin[0m
[1.692s] [35m[1mConsolidate compiler generated dependencies of target test_pub[0m
[1.700s] [ 12%] [32mBuilding CXX object CMakeFiles/controller.dir/src/controller_v1.cpp.o[0m
[1.720s] [ 62%] Built target test_pub
[1.721s] [ 87%] Built target dir_kin
[1.721s] [ 87%] Built target inv_kin
[3.867s] In file included from [01m[K/home/sara/aubo_ws/src/aubo_control/control/src/controller_v1.cpp:1[m[K:
[3.867s] [01m[K/home/sara/aubo_ws/src/aubo_control/control/include/control/controller_v1.hpp:29:23:[m[K [01;31m[Kerror: [m[Kâ€˜[01m[Kaubo_ros2_common[m[Kâ€™ was not declared in this scope
[3.867s]    29 |     rclcpp::Publisher<[01;31m[Kaubo_ros2_common[m[K::msg::AuboTcpPose>::SharedPtr pub_user_;
[3.867s]       |                       [01;31m[K^~~~~~~~~~~~~~~~[m[K
[3.867s] [01m[K/home/sara/aubo_ws/src/aubo_control/control/include/control/controller_v1.hpp:29:57:[m[K [01;31m[Kerror: [m[Ktemplate argument 1 is invalid
[3.867s]    29 |     rclcpp::Publisher<aubo_ros2_common::msg::AuboTcpPose[01;31m[K>[m[K::SharedPtr pub_user_;
[3.867s]       |                                                         [01;31m[K^[m[K
[3.867s] [01m[K/home/sara/aubo_ws/src/aubo_control/control/include/control/controller_v1.hpp:29:60:[m[K [01;31m[Kerror: [m[Kexpected â€˜[01m[K;[m[Kâ€™ at end of member declaration
[3.867s]    29 |     rclcpp::Publisher<aubo_ros2_common::msg::AuboTcpPose>::[01;31m[KSharedPtr[m[K pub_user_;
[3.867s]       |                                                            [01;31m[K^~~~~~~~~[m[K
[3.867s]       |                                                                     [32m[K;[m[K
[3.868s] [01m[K/home/sara/aubo_ws/src/aubo_control/control/include/control/controller_v1.hpp:29:70:[m[K [01;31m[Kerror: [m[Kâ€˜[01m[Kpub_user_[m[Kâ€™ does not name a type
[3.868s]    29 |     rclcpp::Publisher<aubo_ros2_common::msg::AuboTcpPose>::SharedPtr [01;31m[Kpub_user_[m[K;
[3.868s]       |                                                                      [01;31m[K^~~~~~~~~[m[K
[3.938s] In file included from [01m[K/home/sara/aubo_ws/src/aubo_control/control/src/controller_v1.cpp:3[m[K:
[3.938s] [01m[K/home/sara/aubo_ws/src/aubo_control/control/include/control/aubo_kin_mod.hpp:[m[K In function â€˜[01m[Kint inverse(const double*, double*)[m[Kâ€™:
[3.938s] [01m[K/home/sara/aubo_ws/src/aubo_control/control/include/control/aubo_kin_mod.hpp:316:69:[m[K [01;35m[Kwarning: [m[Ksuggest braces around empty body in an â€˜[01m[Kif[m[Kâ€™ statement [[01;35m[K]8;;https://gcc.gnu.org/onlinedocs/gcc/Warning-Options.html#index-Wempty-body-Wempty-body]8;;[m[K]
[3.938s]   316 |                     if (loop_again && !solution_num && j5_idx == 1) [01;35m[K;[m[K
[3.938s]       |                                                                     [01;35m[K^[m[K
[3.938s] [01m[K/home/sara/aubo_ws/src/aubo_control/control/include/control/aubo_kin_mod.hpp:341:73:[m[K [01;35m[Kwarning: [m[Ksuggest braces around empty body in an â€˜[01m[Kif[m[Kâ€™ statement [[01;35m[K]8;;https://gcc.gnu.org/onlinedocs/gcc/Warning-Options.html#index-Wempty-body-Wempty-body]8;;[m[K]
[3.938s]   341 |                         if (loop_again && !solution_num && j5_idx == 1) [01;35m[K;[m[K
[3.938s]       |                                                                         [01;35m[K^[m[K
[3.944s] [01m[K/home/sara/aubo_ws/src/aubo_control/control/src/controller_v1.cpp:[m[K In constructor â€˜[01m[KController::Controller()[m[Kâ€™:
[3.945s] [01m[K/home/sara/aubo_ws/src/aubo_control/control/src/controller_v1.cpp:9:5:[m[K [01;31m[Kerror: [m[Kâ€˜[01m[Kpub_user_[m[Kâ€™ was not declared in this scope; did you mean â€˜[01m[Kpub_sim_[m[Kâ€™?
[3.945s]     9 |     [01;31m[Kpub_user_[m[K=this -> create_publisher<aubo_ros2_common::msg::AuboTcpPose>("Joint_pos",1000);
[3.945s]       |     [01;31m[K^~~~~~~~~[m[K
[3.945s]       |     [32m[Kpub_sim_[m[K
[3.953s] [01m[K/home/sara/aubo_ws/src/aubo_control/control/src/controller_v1.cpp:9:40:[m[K [01;31m[Kerror: [m[Kâ€˜[01m[Kaubo_ros2_common[m[Kâ€™ was not declared in this scope
[3.953s]     9 |     pub_user_=this -> create_publisher<[01;31m[Kaubo_ros2_common[m[K::msg::AuboTcpPose>("Joint_pos",1000);
[3.953s]       |                                        [01;31m[K^~~~~~~~~~~~~~~~[m[K
[3.953s] [01m[K/home/sara/aubo_ws/src/aubo_control/control/src/controller_v1.cpp:9:23:[m[K [01;31m[Kerror: [m[Kparse error in template argument list
[3.953s]     9 |     pub_user_=this -> [01;31m[Kcreate_publisher<aubo_ros2_common::msg::AuboTcpPose>[m[K("Joint_pos",1000);
[3.953s]       |                       [01;31m[K^~~~~~~~~~~~~~~~~~~~~~~~~~~~~~~~~~~~~~~~~~~~~~~~~~~~[m[K
[3.953s] [01m[K/home/sara/aubo_ws/src/aubo_control/control/src/controller_v1.cpp:9:75:[m[K [01;31m[Kerror: [m[Kno matching function for call to â€˜[01m[KController::create_publisher<<expression error> >(const char [10], int)[m[Kâ€™
[3.953s]     9 |     pub_user_=[01;31m[Kthis -> create_publisher<aubo_ros2_common::msg::AuboTcpPose>("Joint_pos",1000)[m[K;
[3.953s]       |               [01;31m[K~~~~~~~~~~~~~~~~~~~~~~~~~~~~~~~~~~~~~~~~~~~~~~~~~~~~~~~~~~~~^~~~~~~~~~~~~~~~~~[m[K
[3.953s] In file included from [01m[K/opt/ros/humble/include/rclcpp/rclcpp/executors/single_threaded_executor.hpp:28[m[K,
[3.953s]                  from [01m[K/opt/ros/humble/include/rclcpp/rclcpp/executors.hpp:22[m[K,
[3.954s]                  from [01m[K/opt/ros/humble/include/rclcpp/rclcpp/rclcpp.hpp:155[m[K,
[3.954s]                  from [01m[K/home/sara/aubo_ws/src/aubo_control/control/include/control/controller_v1.hpp:4[m[K,
[3.954s]                  from [01m[K/home/sara/aubo_ws/src/aubo_control/control/src/controller_v1.cpp:1[m[K:
[3.954s] [01m[K/opt/ros/humble/include/rclcpp/rclcpp/node.hpp:195:3:[m[K [01;36m[Knote: [m[Kcandidate: â€˜[01m[Ktemplate<class MessageT, class AllocatorT, class PublisherT> std::shared_ptr<PublisherT> rclcpp::Node::create_publisher(const string&, const rclcpp::QoS&, const rclcpp::PublisherOptionsWithAllocator<AllocatorT>&)[m[Kâ€™
[3.954s]   195 |   [01;36m[Kcreate_publisher[m[K(
[3.954s]       |   [01;36m[K^~~~~~~~~~~~~~~~[m[K
[3.954s] [01m[K/opt/ros/humble/include/rclcpp/rclcpp/node.hpp:195:3:[m[K [01;36m[Knote: [m[K  template argument deduction/substitution failed:
[3.954s] [01m[K/home/sara/aubo_ws/src/aubo_control/control/src/controller_v1.cpp:9:75:[m[K [01;31m[Kerror: [m[Ktemplate argument 1 is invalid
[3.954s]     9 |     pub_user_=[01;31m[Kthis -> create_publisher<aubo_ros2_common::msg::AuboTcpPose>("Joint_pos",1000)[m[K;
[3.954s]       |               [01;31m[K~~~~~~~~~~~~~~~~~~~~~~~~~~~~~~~~~~~~~~~~~~~~~~~~~~~~~~~~~~~~^~~~~~~~~~~~~~~~~~[m[K
[3.964s] [01m[K/home/sara/aubo_ws/src/aubo_control/control/src/controller_v1.cpp:24:9:[m[K [01;35m[Kwarning: [m[Kunused variable â€˜[01m[Kpub_ind_user[m[Kâ€™ [[01;35m[K]8;;https://gcc.gnu.org/onlinedocs/gcc/Warning-Options.html#index-Wunused-variable-Wunused-variable]8;;[m[K]
[3.964s]    24 |     int [01;35m[Kpub_ind_user[m[K=0;
[3.964s]       |         [01;35m[K^~~~~~~~~~~~[m[K
[3.964s] [01m[K/home/sara/aubo_ws/src/aubo_control/control/src/controller_v1.cpp:25:9:[m[K [01;35m[Kwarning: [m[Kunused variable â€˜[01m[Kpub_ind_sim[m[Kâ€™ [[01;35m[K]8;;https://gcc.gnu.org/onlinedocs/gcc/Warning-Options.html#index-Wunused-variable-Wunused-variable]8;;[m[K]
[3.964s]    25 |     int [01;35m[Kpub_ind_sim[m[K=0;
[3.964s]       |         [01;35m[K^~~~~~~~~~~[m[K
[3.964s] [01m[K/home/sara/aubo_ws/src/aubo_control/control/src/controller_v1.cpp:26:9:[m[K [01;35m[Kwarning: [m[Kunused variable â€˜[01m[Kpub_ind_robot[m[Kâ€™ [[01;35m[K]8;;https://gcc.gnu.org/onlinedocs/gcc/Warning-Options.html#index-Wunused-variable-Wunused-variable]8;;[m[K]
[3.965s]    26 |     int [01;35m[Kpub_ind_robot[m[K=0;
[3.965s]       |         [01;35m[K^~~~~~~~~~~~~[m[K
[3.967s] [01m[K/home/sara/aubo_ws/src/aubo_control/control/src/controller_v1.cpp:[m[K In member function â€˜[01m[Kvoid Controller::sim_sub_f(std_msgs::msg::Float32MultiArray_<std::allocator<void> >::SharedPtr)[m[Kâ€™:
[3.967s] [01m[K/home/sara/aubo_ws/src/aubo_control/control/src/controller_v1.cpp:55:78:[m[K [01;35m[Kwarning: [m[Kunused parameter â€˜[01m[Kmsgrec[m[Kâ€™ [[01;35m[K]8;;https://gcc.gnu.org/onlinedocs/gcc/Warning-Options.html#index-Wunused-parameter-Wunused-parameter]8;;[m[K]
[3.967s]    55 | void Controller::sim_sub_f([01;35m[Kconst std_msgs::msg::Float32MultiArray::SharedPtr msgrec[m[K) {
[3.967s]       |                            [01;35m[K~~~~~~~~~~~~~~~~~~~~~~~~~~~~~~~~~~~~~~~~~~~~~~~~~~^~~~~~[m[K
[3.968s] [01m[K/home/sara/aubo_ws/src/aubo_control/control/src/controller_v1.cpp:[m[K In member function â€˜[01m[Kvoid Controller::coll_sub_f(gazebo_msgs::msg::ContactsState_<std::allocator<void> >::SharedPtr)[m[Kâ€™:
[3.968s] [01m[K/home/sara/aubo_ws/src/aubo_control/control/src/controller_v1.cpp:59:78:[m[K [01;35m[Kwarning: [m[Kunused parameter â€˜[01m[Kmsg_coll_robot[m[Kâ€™ [[01;35m[K]8;;https://gcc.gnu.org/onlinedocs/gcc/Warning-Options.html#index-Wunused-parameter-Wunused-parameter]8;;[m[K]
[3.968s]    59 | void Controller::coll_sub_f([01;35m[Kconst gazebo_msgs::msg::ContactsState::SharedPtr msg_coll_robot[m[K) {
[3.968s]       |                             [01;35m[K~~~~~~~~~~~~~~~~~~~~~~~~~~~~~~~~~~~~~~~~~~~~~~~~~^~~~~~~~~~~~~~[m[K
[3.973s] [01m[K/home/sara/aubo_ws/src/aubo_control/control/src/controller_v1.cpp:[m[K In member function â€˜[01m[Kvoid Controller::publish_user()[m[Kâ€™:
[3.973s] [01m[K/home/sara/aubo_ws/src/aubo_control/control/src/controller_v1.cpp:81:5:[m[K [01;31m[Kerror: [m[Kâ€˜[01m[Kpub_user_[m[Kâ€™ was not declared in this scope; did you mean â€˜[01m[Kpub_sim_[m[Kâ€™?
[3.973s]    81 |     [01;31m[Kpub_user_[m[K-> publish(msg_pub_user); //PublicaciÃ³n del mensaje
[3.974s]       |     [01;31m[K^~~~~~~~~[m[K
[3.974s]       |     [32m[Kpub_sim_[m[K
[3.979s] [01m[K/home/sara/aubo_ws/src/aubo_control/control/src/controller_v1.cpp:81:25:[m[K [01;31m[Kerror: [m[Kâ€˜[01m[Kmsg_pub_user[m[Kâ€™ was not declared in this scope
[3.979s]    81 |     pub_user_-> publish([01;31m[Kmsg_pub_user[m[K); //PublicaciÃ³n del mensaje
[3.979s]       |                         [01;31m[K^~~~~~~~~~~~[m[K
[3.981s] [01m[K/home/sara/aubo_ws/src/aubo_control/control/src/controller_v1.cpp:[m[K In function â€˜[01m[Kint main(int, char**)[m[Kâ€™:
[3.981s] [01m[K/home/sara/aubo_ws/src/aubo_control/control/src/controller_v1.cpp:102:20:[m[K [01;35m[Kwarning: [m[Kthe address of â€˜[01m[Kbool rclcpp::ok(rclcpp::Context::SharedPtr)[m[Kâ€™ will never be NULL [[01;35m[K]8;;https://gcc.gnu.org/onlinedocs/gcc/Warning-Options.html#index-Waddress-Waddress]8;;[m[K]
[3.981s]   102 |     while ([01;35m[Krclcpp::ok[m[K)
[3.981s]       |            [01;35m[K~~~~~~~~^~[m[K
[6.975s] gmake[2]: *** [CMakeFiles/controller.dir/build.make:76: CMakeFiles/controller.dir/src/controller_v1.cpp.o] Error 1
[6.975s] gmake[1]: *** [CMakeFiles/Makefile2:143: CMakeFiles/controller.dir/all] Error 2
[6.975s] gmake: *** [Makefile:146: all] Error 2
[6.978s] Invoked command in '/home/sara/aubo_ws/build/control' returned '2': CMAKE_PREFIX_PATH=${CMAKE_PREFIX_PATH}:/opt/ros/humble /usr/bin/cmake --build /home/sara/aubo_ws/build/control -- -j8 -l8
