[0.076s] Invoking command in '/home/sara/aubo_ws/build/control': CMAKE_PREFIX_PATH=${CMAKE_PREFIX_PATH}:/opt/ros/humble /usr/bin/cmake --build /home/sara/aubo_ws/build/control -- -j8 -l8
[0.149s] [ 25%] Built target dir_kin
[0.149s] [ 25%] [32mBuilding CXX object CMakeFiles/test_pub.dir/src/test_pub.cpp.o[0m
[0.150s] [ 41%] Built target inv_kin
[0.153s] [ 58%] Built target sim_pub
[0.154s] [ 75%] Built target controller
[0.157s] [ 91%] Built target sim_sub
[2.065s] [01m[K/home/sara/aubo_ws/src/aubo_control/control/src/test_pub.cpp:[m[K In constructor â€˜[01m[KTest_pub::Test_pub()[m[Kâ€™:
[2.065s] [01m[K/home/sara/aubo_ws/src/aubo_control/control/src/test_pub.cpp:10:9:[m[K [01;35m[Kwarning: [m[Kunused variable â€˜[01m[Kpub_ind[m[Kâ€™ [[01;35m[K]8;;https://gcc.gnu.org/onlinedocs/gcc/Warning-Options.html#index-Wunused-variable-Wunused-variable]8;;[m[K]
[2.066s]    10 |     int [01;35m[Kpub_ind[m[K=1;
[2.066s]       |         [01;35m[K^~~~~~~[m[K
[2.066s] [01m[K/home/sara/aubo_ws/src/aubo_control/control/src/test_pub.cpp:11:11:[m[K [01;35m[Kwarning: [m[Kunused variable â€˜[01m[Kx[m[Kâ€™ [[01;35m[K]8;;https://gcc.gnu.org/onlinedocs/gcc/Warning-Options.html#index-Wunused-variable-Wunused-variable]8;;[m[K]
[2.066s]    11 |     float [01;35m[Kx[m[K=0.2;
[2.066s]       |           [01;35m[K^[m[K
[2.066s] [01m[K/home/sara/aubo_ws/src/aubo_control/control/src/test_pub.cpp:12:11:[m[K [01;35m[Kwarning: [m[Kunused variable â€˜[01m[Ky[m[Kâ€™ [[01;35m[K]8;;https://gcc.gnu.org/onlinedocs/gcc/Warning-Options.html#index-Wunused-variable-Wunused-variable]8;;[m[K]
[2.066s]    12 |     float [01;35m[Ky[m[K=-0.5;
[2.066s]       |           [01;35m[K^[m[K
[2.066s] [01m[K/home/sara/aubo_ws/src/aubo_control/control/src/test_pub.cpp:13:11:[m[K [01;35m[Kwarning: [m[Kunused variable â€˜[01m[Kz[m[Kâ€™ [[01;35m[K]8;;https://gcc.gnu.org/onlinedocs/gcc/Warning-Options.html#index-Wunused-variable-Wunused-variable]8;;[m[K]
[2.066s]    13 |     float [01;35m[Kz[m[K=0.5;
[2.067s]       |           [01;35m[K^[m[K
[2.067s] [01m[K/home/sara/aubo_ws/src/aubo_control/control/src/test_pub.cpp:14:11:[m[K [01;35m[Kwarning: [m[Kunused variable â€˜[01m[Kalpha[m[Kâ€™ [[01;35m[K]8;;https://gcc.gnu.org/onlinedocs/gcc/Warning-Options.html#index-Wunused-variable-Wunused-variable]8;;[m[K]
[2.067s]    14 |     float [01;35m[Kalpha[m[K=1.57;
[2.067s]       |           [01;35m[K^~~~~[m[K
[2.067s] [01m[K/home/sara/aubo_ws/src/aubo_control/control/src/test_pub.cpp:15:11:[m[K [01;35m[Kwarning: [m[Kunused variable â€˜[01m[Kbeta[m[Kâ€™ [[01;35m[K]8;;https://gcc.gnu.org/onlinedocs/gcc/Warning-Options.html#index-Wunused-variable-Wunused-variable]8;;[m[K]
[2.067s]    15 |     float [01;35m[Kbeta[m[K=3.14;
[2.067s]       |           [01;35m[K^~~~[m[K
[2.067s] [01m[K/home/sara/aubo_ws/src/aubo_control/control/src/test_pub.cpp:16:11:[m[K [01;35m[Kwarning: [m[Kunused variable â€˜[01m[Kgamma[m[Kâ€™ [[01;35m[K]8;;https://gcc.gnu.org/onlinedocs/gcc/Warning-Options.html#index-Wunused-variable-Wunused-variable]8;;[m[K]
[2.067s]    16 |     float [01;35m[Kgamma[m[K=0.0;
[2.067s]       |           [01;35m[K^~~~~[m[K
[2.068s] [01m[K/home/sara/aubo_ws/src/aubo_control/control/src/test_pub.cpp:[m[K In member function â€˜[01m[Kvoid Test_pub::publish_method()[m[Kâ€™:
[2.068s] [01m[K/home/sara/aubo_ws/src/aubo_control/control/src/test_pub.cpp:28:15:[m[K [01;35m[Kwarning: [m[Ksuggest parentheses around assignment used as truth value [[01;35m[K]8;;https://gcc.gnu.org/onlinedocs/gcc/Warning-Options.html#index-Wparentheses-Wparentheses]8;;[m[K]
[2.068s]    28 |     if([01;35m[Kpub_ind=1[m[K){
[2.068s]       |        [01;35m[K~~~~~~~^~[m[K
[2.072s] [01m[K/home/sara/aubo_ws/src/aubo_control/control/src/test_pub.cpp:75:64:[m[K [01;31m[Kerror: [m[Kâ€˜[01m[Ki[m[Kâ€™ was not declared in this scope
[2.072s]    75 |             printf("%1.6f %1.6f %1.6f %1.6f %1.6f %1.6f\n",msg[[01;31m[Ki[m[K*6+0], msg[i*6+1], msg[i*6+2],msg[i*6+3], msg[i*6+4], msg[i*6+5]);
[2.072s]       |                                                                [01;31m[K^[m[K
[2.075s] [01m[K/home/sara/aubo_ws/src/aubo_control/control/src/test_pub.cpp:[m[K In function â€˜[01m[Kint main(int, char**)[m[Kâ€™:
[2.075s] [01m[K/home/sara/aubo_ws/src/aubo_control/control/src/test_pub.cpp:88:20:[m[K [01;35m[Kwarning: [m[Kthe address of â€˜[01m[Kbool rclcpp::ok(rclcpp::Context::SharedPtr)[m[Kâ€™ will never be NULL [[01;35m[K]8;;https://gcc.gnu.org/onlinedocs/gcc/Warning-Options.html#index-Waddress-Waddress]8;;[m[K]
[2.075s]    88 |     while ([01;35m[Krclcpp::ok[m[K)
[2.075s]       |            [01;35m[K~~~~~~~~^~[m[K
[2.725s] gmake[2]: *** [CMakeFiles/test_pub.dir/build.make:76: CMakeFiles/test_pub.dir/src/test_pub.cpp.o] Error 1
[2.725s] gmake[1]: *** [CMakeFiles/Makefile2:225: CMakeFiles/test_pub.dir/all] Error 2
[2.725s] gmake: *** [Makefile:146: all] Error 2
[2.727s] Invoked command in '/home/sara/aubo_ws/build/control' returned '2': CMAKE_PREFIX_PATH=${CMAKE_PREFIX_PATH}:/opt/ros/humble /usr/bin/cmake --build /home/sara/aubo_ws/build/control -- -j8 -l8
