[0.067s] Invoking command in '/home/sara/aubo_ws/build/control': CMAKE_PREFIX_PATH=${CMAKE_PREFIX_PATH}:/opt/ros/humble /usr/bin/cmake --build /home/sara/aubo_ws/build/control -- -j8 -l8
[0.131s] [ 20%] Built target controller
[0.132s] [ 40%] Built target dir_kin
[0.133s] [ 50%] [32mBuilding CXX object CMakeFiles/sim_pub.dir/src/sim_pub.cpp.o[0m
[0.136s] [ 70%] Built target test_pub
[0.136s] [ 90%] Built target inv_kin
[2.069s] In file included from [01m[K/home/sara/aubo_ws/src/aubo_control/control/src/sim_pub.cpp:3[m[K:
[2.069s] [01m[K/home/sara/aubo_ws/src/aubo_control/control/include/control/sim_pub.hpp:15:23:[m[K [01;31m[Kerror: [m[Kâ€˜[01m[Ktrajectory_msgs[m[Kâ€™ was not declared in this scope
[2.069s]    15 |     rclcpp::Publisher<[01;31m[Ktrajectory_msgs[m[K::msg::JointTrajectory>::SharedPtr pub_;
[2.069s]       |                       [01;31m[K^~~~~~~~~~~~~~~[m[K
[2.069s] [01m[K/home/sara/aubo_ws/src/aubo_control/control/include/control/sim_pub.hpp:15:60:[m[K [01;31m[Kerror: [m[Ktemplate argument 1 is invalid
[2.069s]    15 |     rclcpp::Publisher<trajectory_msgs::msg::JointTrajectory[01;31m[K>[m[K::SharedPtr pub_;
[2.069s]       |                                                            [01;31m[K^[m[K
[2.069s] [01m[K/home/sara/aubo_ws/src/aubo_control/control/include/control/sim_pub.hpp:15:63:[m[K [01;31m[Kerror: [m[Kexpected â€˜[01m[K;[m[Kâ€™ at end of member declaration
[2.069s]    15 |     rclcpp::Publisher<trajectory_msgs::msg::JointTrajectory>::[01;31m[KSharedPtr[m[K pub_;
[2.069s]       |                                                               [01;31m[K^~~~~~~~~[m[K
[2.070s]       |                                                                        [32m[K;[m[K
[2.070s] [01m[K/home/sara/aubo_ws/src/aubo_control/control/include/control/sim_pub.hpp:15:73:[m[K [01;31m[Kerror: [m[Kâ€˜[01m[Kpub_[m[Kâ€™ does not name a type
[2.070s]    15 |     rclcpp::Publisher<trajectory_msgs::msg::JointTrajectory>::SharedPtr [01;31m[Kpub_[m[K;
[2.070s]       |                                                                         [01;31m[K^~~~[m[K
[2.104s] [01m[K/home/sara/aubo_ws/src/aubo_control/control/src/sim_pub.cpp:[m[K In constructor â€˜[01m[KSim_pub::Sim_pub()[m[Kâ€™:
[2.104s] [01m[K/home/sara/aubo_ws/src/aubo_control/control/src/sim_pub.cpp:9:5:[m[K [01;31m[Kerror: [m[Kâ€˜[01m[Kpub_[m[Kâ€™ was not declared in this scope; did you mean â€˜[01m[Ksub_[m[Kâ€™?
[2.104s]     9 |     [01;31m[Kpub_[m[K=this -> create_publisher<trajectory_msgs::msg::JointTrajectory>("/demo/set_trajectory_demo",1000);
[2.105s]       |     [01;31m[K^~~~[m[K
[2.105s]       |     [32m[Ksub_[m[K
[2.111s] [01m[K/home/sara/aubo_ws/src/aubo_control/control/src/sim_pub.cpp:9:35:[m[K [01;31m[Kerror: [m[Kâ€˜[01m[Ktrajectory_msgs[m[Kâ€™ was not declared in this scope
[2.111s]     9 |     pub_=this -> create_publisher<[01;31m[Ktrajectory_msgs[m[K::msg::JointTrajectory>("/demo/set_trajectory_demo",1000);
[2.111s]       |                                   [01;31m[K^~~~~~~~~~~~~~~[m[K
[2.111s] [01m[K/home/sara/aubo_ws/src/aubo_control/control/src/sim_pub.cpp:9:18:[m[K [01;31m[Kerror: [m[Kparse error in template argument list
[2.111s]     9 |     pub_=this -> [01;31m[Kcreate_publisher<trajectory_msgs::msg::JointTrajectory>[m[K("/demo/set_trajectory_demo",1000);
[2.111s]       |                  [01;31m[K^~~~~~~~~~~~~~~~~~~~~~~~~~~~~~~~~~~~~~~~~~~~~~~~~~~~~~~[m[K
[2.111s] [01m[K/home/sara/aubo_ws/src/aubo_control/control/src/sim_pub.cpp:9:73:[m[K [01;31m[Kerror: [m[Kno matching function for call to â€˜[01m[KSim_pub::create_publisher<<expression error> >(const char [26], int)[m[Kâ€™
[2.112s]     9 |     pub_=[01;31m[Kthis -> create_publisher<trajectory_msgs::msg::JointTrajectory>("/demo/set_trajectory_demo",1000)[m[K;
[2.112s]       |          [01;31m[K~~~~~~~~~~~~~~~~~~~~~~~~~~~~~~~~~~~~~~~~~~~~~~~~~~~~~~~~~~~~~~~^~~~~~~~~~~~~~~~~~~~~~~~~~~~~~~~~~[m[K
[2.112s] In file included from [01m[K/opt/ros/humble/include/rclcpp/rclcpp/executors/single_threaded_executor.hpp:28[m[K,
[2.112s]                  from [01m[K/opt/ros/humble/include/rclcpp/rclcpp/executors.hpp:22[m[K,
[2.112s]                  from [01m[K/opt/ros/humble/include/rclcpp/rclcpp/rclcpp.hpp:155[m[K,
[2.112s]                  from [01m[K/home/sara/aubo_ws/src/aubo_control/control/include/control/sim_pub.hpp:1[m[K,
[2.112s]                  from [01m[K/home/sara/aubo_ws/src/aubo_control/control/src/sim_pub.cpp:3[m[K:
[2.112s] [01m[K/opt/ros/humble/include/rclcpp/rclcpp/node.hpp:195:3:[m[K [01;36m[Knote: [m[Kcandidate: â€˜[01m[Ktemplate<class MessageT, class AllocatorT, class PublisherT> std::shared_ptr<PublisherT> rclcpp::Node::create_publisher(const string&, const rclcpp::QoS&, const rclcpp::PublisherOptionsWithAllocator<AllocatorT>&)[m[Kâ€™
[2.112s]   195 |   [01;36m[Kcreate_publisher[m[K(
[2.112s]       |   [01;36m[K^~~~~~~~~~~~~~~~[m[K
[2.112s] [01m[K/opt/ros/humble/include/rclcpp/rclcpp/node.hpp:195:3:[m[K [01;36m[Knote: [m[K  template argument deduction/substitution failed:
[2.112s] [01m[K/home/sara/aubo_ws/src/aubo_control/control/src/sim_pub.cpp:9:73:[m[K [01;31m[Kerror: [m[Ktemplate argument 1 is invalid
[2.112s]     9 |     pub_=[01;31m[Kthis -> create_publisher<trajectory_msgs::msg::JointTrajectory>("/demo/set_trajectory_demo",1000)[m[K;
[2.112s]       |          [01;31m[K~~~~~~~~~~~~~~~~~~~~~~~~~~~~~~~~~~~~~~~~~~~~~~~~~~~~~~~~~~~~~~~^~~~~~~~~~~~~~~~~~~~~~~~~~~~~~~~~~[m[K
[2.118s] [01m[K/home/sara/aubo_ws/src/aubo_control/control/src/sim_pub.cpp:13:9:[m[K [01;35m[Kwarning: [m[Kunused variable â€˜[01m[Kpub_ind[m[Kâ€™ [[01;35m[K]8;;https://gcc.gnu.org/onlinedocs/gcc/Warning-Options.html#index-Wunused-variable-Wunused-variable]8;;[m[K]
[2.118s]    13 |     int [01;35m[Kpub_ind[m[K=1;
[2.118s]       |         [01;35m[K^~~~~~~[m[K
[2.120s] [01m[K/home/sara/aubo_ws/src/aubo_control/control/src/sim_pub.cpp:[m[K In member function â€˜[01m[Kvoid Sim_pub::funcion(std_msgs::msg::Float32MultiArray_<std::allocator<void> >::SharedPtr)[m[Kâ€™:
[2.120s] [01m[K/home/sara/aubo_ws/src/aubo_control/control/src/sim_pub.cpp:21:73:[m[K [01;35m[Kwarning: [m[Kunused parameter â€˜[01m[Kmsgrec[m[Kâ€™ [[01;35m[K]8;;https://gcc.gnu.org/onlinedocs/gcc/Warning-Options.html#index-Wunused-parameter-Wunused-parameter]8;;[m[K]
[2.120s]    21 | void Sim_pub::funcion([01;35m[Kconst std_msgs::msg::Float32MultiArray::SharedPtr msgrec[m[K) {
[2.120s]       |                       [01;35m[K~~~~~~~~~~~~~~~~~~~~~~~~~~~~~~~~~~~~~~~~~~~~~~~~~~^~~~~~[m[K
[2.121s] [01m[K/home/sara/aubo_ws/src/aubo_control/control/src/sim_pub.cpp:[m[K In function â€˜[01m[Kint main(int, char**)[m[Kâ€™:
[2.121s] [01m[K/home/sara/aubo_ws/src/aubo_control/control/src/sim_pub.cpp:50:20:[m[K [01;35m[Kwarning: [m[Kthe address of â€˜[01m[Kbool rclcpp::ok(rclcpp::Context::SharedPtr)[m[Kâ€™ will never be NULL [[01;35m[K]8;;https://gcc.gnu.org/onlinedocs/gcc/Warning-Options.html#index-Waddress-Waddress]8;;[m[K]
[2.121s]    50 |     while ([01;35m[Krclcpp::ok[m[K)
[2.121s]       |            [01;35m[K~~~~~~~~^~[m[K
[4.220s] gmake[2]: *** [CMakeFiles/sim_pub.dir/build.make:76: CMakeFiles/sim_pub.dir/src/sim_pub.cpp.o] Error 1
[4.220s] gmake[1]: *** [CMakeFiles/Makefile2:249: CMakeFiles/sim_pub.dir/all] Error 2
[4.221s] gmake: *** [Makefile:146: all] Error 2
[4.223s] Invoked command in '/home/sara/aubo_ws/build/control' returned '2': CMAKE_PREFIX_PATH=${CMAKE_PREFIX_PATH}:/opt/ros/humble /usr/bin/cmake --build /home/sara/aubo_ws/build/control -- -j8 -l8
