[0.020s] Invoking command in '/home/sara/aubo_ws/build/control': /usr/bin/cmake /home/sara/aubo_ws/src/aubo_control/controller -DCMAKE_INSTALL_PREFIX=/home/sara/aubo_ws/install/control
[0.035s] -- Found ament_cmake: 0.9.12 (/opt/ros/foxy/share/ament_cmake/cmake)
[0.066s] -- Using PYTHON_EXECUTABLE: /usr/bin/python3
[0.352s] -- Found rclcpp: 2.4.3 (/opt/ros/foxy/share/rclcpp/cmake)
[0.380s] -- Using all available rosidl_typesupport_c: rosidl_typesupport_fastrtps_c;rosidl_typesupport_introspection_c
[0.383s] -- Found rosidl_adapter: 1.3.1 (/opt/ros/foxy/share/rosidl_adapter/cmake)
[0.505s] -- Using all available rosidl_typesupport_cpp: rosidl_typesupport_fastrtps_cpp;rosidl_typesupport_introspection_cpp
[0.542s] -- Found rmw_implementation_cmake: 1.0.4 (/opt/ros/foxy/share/rmw_implementation_cmake/cmake)
[0.544s] -- Using RMW implementation 'rmw_fastrtps_cpp' as default
[0.660s] -- Found control_msgs: 2.5.1 (/opt/ros/foxy/share/control_msgs/cmake)
[0.998s] -- Found ament_lint_auto: 0.9.8 (/opt/ros/foxy/share/ament_lint_auto/cmake)
[1.049s] Error parsing '/home/sara/aubo_ws/src/aubo_control/controller/package.xml':
[1.087s] Traceback (most recent call last):
[1.087s]   File "/usr/lib/python3/dist-packages/catkin_pkg/package.py", line 610, in parse_package_string
[1.088s]     root = dom.parseString(data)
[1.088s]   File "/usr/lib/python3.10/xml/dom/minidom.py", line 2000, in parseString
[1.095s]     return expatbuilder.parseString(string)
[1.095s]   File "/usr/lib/python3.10/xml/dom/expatbuilder.py", line 925, in parseString
[1.098s]     return builder.parseString(string)
[1.098s]   File "/usr/lib/python3.10/xml/dom/expatbuilder.py", line 223, in parseString
[1.099s]     parser.Parse(string, True)
[1.099s] xml.parsers.expat.ExpatError: not well-formed (invalid token): line 16, column 10
[1.099s] 
[1.099s] During handling of the above exception, another exception occurred:
[1.099s] 
[1.099s] Traceback (most recent call last):
[1.099s]   File "/opt/ros/foxy/share/ament_cmake_core/cmake/core/package_xml_2_cmake.py", line 143, in <module>
[1.099s]     main()
[1.099s]   File "/opt/ros/foxy/share/ament_cmake_core/cmake/core/package_xml_2_cmake.py", line 52, in main
[1.099s]     raise e
[1.099s]   File "/opt/ros/foxy/share/ament_cmake_core/cmake/core/package_xml_2_cmake.py", line 48, in main
[1.099s]     package = parse_package_string(
[1.099s]   File "/usr/lib/python3/dist-packages/catkin_pkg/package.py", line 612, in parse_package_string
[1.099s]     raise InvalidPackage('The manifest contains invalid XML:\n%s' % ex, filename)
[1.099s] catkin_pkg.package.InvalidPackage: Error(s) in package '/home/sara/aubo_ws/src/aubo_control/controller/package.xml':
[1.099s] The manifest contains invalid XML:
[1.099s] not well-formed (invalid token): line 16, column 10
[1.111s] [31mCMake Error at /opt/ros/foxy/share/ament_cmake_core/cmake/core/ament_package_xml.cmake:94 (message):
[1.111s]   execute_process(/usr/bin/python3
[1.111s]   /opt/ros/foxy/share/ament_cmake_core/cmake/core/package_xml_2_cmake.py
[1.111s]   /home/sara/aubo_ws/src/aubo_control/controller/package.xml
[1.111s]   /home/sara/aubo_ws/build/control/ament_cmake_core/package.cmake) returned
[1.111s]   error code 1
[1.111s] Call Stack (most recent call first):
[1.111s]   /opt/ros/foxy/share/ament_cmake_core/cmake/core/ament_package_xml.cmake:49 (_ament_package_xml)
[1.111s]   /opt/ros/foxy/share/ament_lint_auto/cmake/ament_lint_auto_find_test_dependencies.cmake:31 (ament_package_xml)
[1.111s]   CMakeLists.txt:30 (ament_lint_auto_find_test_dependencies)
[1.112s] 
[1.112s] [0m
[1.112s] -- Configuring incomplete, errors occurred!
[1.112s] See also "/home/sara/aubo_ws/build/control/CMakeFiles/CMakeOutput.log".
[1.119s] Invoked command in '/home/sara/aubo_ws/build/control' returned '1': /usr/bin/cmake /home/sara/aubo_ws/src/aubo_control/controller -DCMAKE_INSTALL_PREFIX=/home/sara/aubo_ws/install/control
