[35m[1mConsolidate compiler generated dependencies of target sim_control[0m
[ 12%] Built target inv_kin
[ 25%] Built target controller
[ 43%] Built target dir_kin
[ 50%] Built target test_pub
[ 68%] [32mBuilding CXX object CMakeFiles/sim_control.dir/src/sim_control.cpp.o[0m
[ 68%] Built target sim_pub
[ 81%] Built target sim_sub
[ 93%] Built target sim_test
[01m[K/home/sara/aubo_ws/src/aubo_control/control/src/sim_control.cpp:[m[K In member function â€˜[01m[Kvoid Sim_control::send_goal()[m[Kâ€™:
[01m[K/home/sara/aubo_ws/src/aubo_control/control/src/sim_control.cpp:29:42:[m[K [01;31m[Kerror: [m[Kâ€˜[01m[KGoal[m[Kâ€™ is not a member of â€˜[01m[Ktrajectory_msgs::msg::JointTrajectory[m[Kâ€™ {aka â€˜[01m[Ktrajectory_msgs::msg::JointTrajectory_<std::allocator<void> >[m[Kâ€™}
   29 |   trajectory_msgs::msg::JointTrajectory::[01;31m[KGoal[m[K sim_goal;
      |                                          [01;31m[K^~~~[m[K
[01m[K/home/sara/aubo_ws/src/aubo_control/control/src/sim_control.cpp:31:3:[m[K [01;31m[Kerror: [m[Kâ€˜[01m[Ksim_goal[m[Kâ€™ was not declared in this scope; did you mean â€˜[01m[Ksend_goal[m[Kâ€™?
   31 |   [01;31m[Ksim_goal[m[K= trajectory_msgs::msg::JointTrajectory::Goal();
      |   [01;31m[K^~~~~~~~[m[K
      |   [32m[Ksend_goal[m[K
[01m[K/home/sara/aubo_ws/src/aubo_control/control/src/sim_control.cpp:31:52:[m[K [01;31m[Kerror: [m[Kâ€˜[01m[KGoal[m[Kâ€™ is not a member of â€˜[01m[Ktrajectory_msgs::msg::JointTrajectory[m[Kâ€™ {aka â€˜[01m[Ktrajectory_msgs::msg::JointTrajectory_<std::allocator<void> >[m[Kâ€™}
   31 |   sim_goal= trajectory_msgs::msg::JointTrajectory::[01;31m[KGoal[m[K();
      |                                                    [01;31m[K^~~~[m[K
[01m[K/home/sara/aubo_ws/src/aubo_control/control/src/sim_control.cpp:45:52:[m[K [01;31m[Kerror: [m[Kâ€˜[01m[KTrajectoryActionClient[m[Kâ€™ has not been declared
   45 |   send_goal_options.feedback_callback = std::bind(&[01;31m[KTrajectoryActionClient[m[K::feedback_callback, this, std::placeholders::_1);
      |                                                    [01;31m[K^~~~~~~~~~~~~~~~~~~~~~[m[K
[01m[K/home/sara/aubo_ws/src/aubo_control/control/src/sim_control.cpp:47:59:[m[K [01;31m[Kerror: [m[Kâ€˜[01m[Kgoal_msg[m[Kâ€™ was not declared in this scope; did you mean â€˜[01m[Kgoal_[m[Kâ€™?
   47 |   auto send_goal_future = action_client_->async_send_goal([01;31m[Kgoal_msg[m[K, send_goal_options);
      |                                                           [01;31m[K^~~~~~~~[m[K
      |                                                           [32m[Kgoal_[m[K
[01m[K/home/sara/aubo_ws/src/aubo_control/control/src/sim_control.cpp:50:15:[m[K [01;31m[Kerror: [m[Kâ€˜[01m[Krclcpp::executor[m[Kâ€™ has not been declared
   50 |       rclcpp::[01;31m[Kexecutor[m[K::FutureReturnCode::SUCCESS) {
      |               [01;31m[K^~~~~~~~[m[K
gmake[2]: *** [CMakeFiles/sim_control.dir/build.make:76: CMakeFiles/sim_control.dir/src/sim_control.cpp.o] Error 1
gmake[1]: *** [CMakeFiles/Makefile2:333: CMakeFiles/sim_control.dir/all] Error 2
gmake: *** [Makefile:146: all] Error 2
