[0.100s] Invoking command in '/home/sara/aubo_ws/build/control': CMAKE_PREFIX_PATH=${CMAKE_PREFIX_PATH}:/home/sara/ros2_ws/install/rqt_joint_trajectory_controller:/home/sara/ros2_ws/install/rqt_controller_manager:/home/sara/ros2_ws/install/ros2controlcli:/home/sara/ros2_ws/install/ros2_controllers_test_nodes:/home/sara/aubo_ws/install/ros2_controllers_test_nodes:/opt/ros/humble /usr/bin/cmake --build /home/sara/aubo_ws/build/control -- -j8 -l8
[0.211s] [35m[1mConsolidate compiler generated dependencies of target sim_control[0m
[0.239s] [ 12%] Built target inv_kin
[0.246s] [ 25%] Built target controller
[0.252s] [ 43%] Built target dir_kin
[0.253s] [ 50%] Built target test_pub
[0.262s] [ 68%] [32mBuilding CXX object CMakeFiles/sim_control.dir/src/sim_control.cpp.o[0m
[0.262s] [ 68%] Built target sim_pub
[0.263s] [ 81%] Built target sim_sub
[0.275s] [ 93%] Built target sim_test
[2.661s] [01m[K/home/sara/aubo_ws/src/aubo_control/control/src/sim_control.cpp:[m[K In member function â€˜[01m[Kvoid Sim_control::send_goal()[m[Kâ€™:
[2.661s] [01m[K/home/sara/aubo_ws/src/aubo_control/control/src/sim_control.cpp:29:42:[m[K [01;31m[Kerror: [m[Kâ€˜[01m[KGoal[m[Kâ€™ is not a member of â€˜[01m[Ktrajectory_msgs::msg::JointTrajectory[m[Kâ€™ {aka â€˜[01m[Ktrajectory_msgs::msg::JointTrajectory_<std::allocator<void> >[m[Kâ€™}
[2.661s]    29 |   trajectory_msgs::msg::JointTrajectory::[01;31m[KGoal[m[K sim_goal;
[2.661s]       |                                          [01;31m[K^~~~[m[K
[2.666s] [01m[K/home/sara/aubo_ws/src/aubo_control/control/src/sim_control.cpp:31:3:[m[K [01;31m[Kerror: [m[Kâ€˜[01m[Ksim_goal[m[Kâ€™ was not declared in this scope; did you mean â€˜[01m[Ksend_goal[m[Kâ€™?
[2.666s]    31 |   [01;31m[Ksim_goal[m[K= trajectory_msgs::msg::JointTrajectory::Goal();
[2.666s]       |   [01;31m[K^~~~~~~~[m[K
[2.667s]       |   [32m[Ksend_goal[m[K
[2.667s] [01m[K/home/sara/aubo_ws/src/aubo_control/control/src/sim_control.cpp:31:52:[m[K [01;31m[Kerror: [m[Kâ€˜[01m[KGoal[m[Kâ€™ is not a member of â€˜[01m[Ktrajectory_msgs::msg::JointTrajectory[m[Kâ€™ {aka â€˜[01m[Ktrajectory_msgs::msg::JointTrajectory_<std::allocator<void> >[m[Kâ€™}
[2.667s]    31 |   sim_goal= trajectory_msgs::msg::JointTrajectory::[01;31m[KGoal[m[K();
[2.667s]       |                                                    [01;31m[K^~~~[m[K
[2.668s] [01m[K/home/sara/aubo_ws/src/aubo_control/control/src/sim_control.cpp:45:52:[m[K [01;31m[Kerror: [m[Kâ€˜[01m[KTrajectoryActionClient[m[Kâ€™ has not been declared
[2.668s]    45 |   send_goal_options.feedback_callback = std::bind(&[01;31m[KTrajectoryActionClient[m[K::feedback_callback, this, std::placeholders::_1);
[2.668s]       |                                                    [01;31m[K^~~~~~~~~~~~~~~~~~~~~~[m[K
[2.674s] [01m[K/home/sara/aubo_ws/src/aubo_control/control/src/sim_control.cpp:47:59:[m[K [01;31m[Kerror: [m[Kâ€˜[01m[Kgoal_msg[m[Kâ€™ was not declared in this scope; did you mean â€˜[01m[Kgoal_[m[Kâ€™?
[2.674s]    47 |   auto send_goal_future = action_client_->async_send_goal([01;31m[Kgoal_msg[m[K, send_goal_options);
[2.674s]       |                                                           [01;31m[K^~~~~~~~[m[K
[2.674s]       |                                                           [32m[Kgoal_[m[K
[2.674s] [01m[K/home/sara/aubo_ws/src/aubo_control/control/src/sim_control.cpp:50:15:[m[K [01;31m[Kerror: [m[Kâ€˜[01m[Krclcpp::executor[m[Kâ€™ has not been declared
[2.674s]    50 |       rclcpp::[01;31m[Kexecutor[m[K::FutureReturnCode::SUCCESS) {
[2.674s]       |               [01;31m[K^~~~~~~~[m[K
[3.265s] gmake[2]: *** [CMakeFiles/sim_control.dir/build.make:76: CMakeFiles/sim_control.dir/src/sim_control.cpp.o] Error 1
[3.266s] gmake[1]: *** [CMakeFiles/Makefile2:333: CMakeFiles/sim_control.dir/all] Error 2
[3.266s] gmake: *** [Makefile:146: all] Error 2
[3.268s] Invoked command in '/home/sara/aubo_ws/build/control' returned '2': CMAKE_PREFIX_PATH=${CMAKE_PREFIX_PATH}:/home/sara/ros2_ws/install/rqt_joint_trajectory_controller:/home/sara/ros2_ws/install/rqt_controller_manager:/home/sara/ros2_ws/install/ros2controlcli:/home/sara/ros2_ws/install/ros2_controllers_test_nodes:/home/sara/aubo_ws/install/ros2_controllers_test_nodes:/opt/ros/humble /usr/bin/cmake --build /home/sara/aubo_ws/build/control -- -j8 -l8
