[0.110s] Invoking command in '/home/sara/aubo_ws/build/control': CMAKE_PREFIX_PATH=${CMAKE_PREFIX_PATH}:/home/sara/ros2_ws/install/rqt_joint_trajectory_controller:/home/sara/ros2_ws/install/rqt_controller_manager:/home/sara/ros2_ws/install/ros2controlcli:/home/sara/ros2_ws/install/ros2_controllers_test_nodes:/home/sara/aubo_ws/install/ros2_controllers_test_nodes:/opt/ros/humble /usr/bin/cmake --build /home/sara/aubo_ws/build/control -- -j8 -l8
[0.215s] [35m[1mConsolidate compiler generated dependencies of target sim_control[0m
[0.250s] [ 12%] Built target dir_kin
[0.254s] [ 25%] Built target controller
[0.257s] [ 37%] Built target test_pub
[0.260s] [ 50%] Built target inv_kin
[0.265s] [ 62%] Built target sim_pub
[0.266s] [ 75%] Built target sim_test
[0.271s] [ 87%] Built target sim_sub
[0.276s] [ 93%] [32mBuilding CXX object CMakeFiles/sim_control.dir/src/sim_control.cpp.o[0m
[2.697s] [01m[K/home/sara/aubo_ws/src/aubo_control/control/src/sim_control.cpp:[m[K In member function â€˜[01m[Kvoid Sim_control::send_goal()[m[Kâ€™:
[2.697s] [01m[K/home/sara/aubo_ws/src/aubo_control/control/src/sim_control.cpp:44:59:[m[K [01;31m[Kerror: [m[Kcannot convert â€˜[01m[Kstd::shared_ptr<control_msgs::action::FollowJointTrajectory_Goal_<std::allocator<void> > >*[m[Kâ€™ to â€˜[01m[Kconst Goal&[m[Kâ€™ {aka â€˜[01m[Kconst control_msgs::action::FollowJointTrajectory_Goal_<std::allocator<void> >&[m[Kâ€™}
[2.697s]    44 |   auto send_goal_future = action_client_->async_send_goal([01;31m[K&goal_msg[m[K, send_goal_options);
[2.698s]       |                                                           [01;31m[K^~~~~~~~~[m[K
[2.698s]       |                                                           [01;31m[K|[m[K
[2.698s]       |                                                           [01;31m[Kstd::shared_ptr<control_msgs::action::FollowJointTrajectory_Goal_<std::allocator<void> > >*[m[K
[2.698s] In file included from [01m[K/opt/ros/humble/include/rclcpp_action/rclcpp_action/rclcpp_action.hpp:36[m[K,
[2.698s]                  from [01m[K/home/sara/aubo_ws/src/aubo_control/control/include/control/sim_control.hpp:10[m[K,
[2.698s]                  from [01m[K/home/sara/aubo_ws/src/aubo_control/control/src/sim_control.cpp:1[m[K:
[2.698s] [01m[K/opt/ros/humble/include/rclcpp_action/rclcpp_action/client.hpp:422:32:[m[K [01;36m[Knote: [m[K  initializing argument 1 of â€˜[01m[Kstd::shared_future<typename rclcpp_action::ClientGoalHandle<ActionT>::SharedPtr> rclcpp_action::Client<ActionT>::async_send_goal(const Goal&, const rclcpp_action::Client<ActionT>::SendGoalOptions&) [with ActionT = control_msgs::action::FollowJointTrajectory; typename rclcpp_action::ClientGoalHandle<ActionT>::SharedPtr = std::shared_ptr<rclcpp_action::ClientGoalHandle<control_msgs::action::FollowJointTrajectory> >; rclcpp_action::Client<ActionT>::Goal = control_msgs::action::FollowJointTrajectory_Goal_<std::allocator<void> >][m[Kâ€™
[2.698s]   422 |   async_send_goal([01;36m[Kconst Goal & goal[m[K, const SendGoalOptions & options = SendGoalOptions())
[2.698s]       |                   [01;36m[K~~~~~~~~~~~~~^~~~[m[K
[2.698s] [01m[K/home/sara/aubo_ws/src/aubo_control/control/src/sim_control.cpp:46:15:[m[K [01;31m[Kerror: [m[Kâ€˜[01m[Kspin_until_fute_complete[m[Kâ€™ is not a member of â€˜[01m[Krclcpp[m[Kâ€™; did you mean â€˜[01m[Kspin_until_future_complete[m[Kâ€™?
[2.698s]    46 |   if (rclcpp::[01;31m[Kspin_until_fute_complete[m[K(shared_from_this(), send_goal_future) !=
[2.698s]       |               [01;31m[K^~~~~~~~~~~~~~~~~~~~~~~~[m[K
[2.698s]       |               [32m[Kspin_until_future_complete[m[K
[2.699s] [01m[K/home/sara/aubo_ws/src/aubo_control/control/src/sim_control.cpp:47:15:[m[K [01;31m[Kerror: [m[Kâ€˜[01m[Krclcpp::executor[m[Kâ€™ has not been declared
[2.699s]    47 |       rclcpp::[01;31m[Kexecutor[m[K::FutureReturnCode::SUCCESS) {
[2.699s]       |               [01;31m[K^~~~~~~~[m[K
[2.699s] [01m[K/home/sara/aubo_ws/src/aubo_control/control/src/sim_control.cpp:[m[K In member function â€˜[01m[Kvoid Sim_control::feedback_callback(rclcpp_action::ClientGoalHandle<control_msgs::action::FollowJointTrajectory>::SharedPtr)[m[Kâ€™:
[2.699s] [01m[K/home/sara/aubo_ws/src/aubo_control/control/src/sim_control.cpp:53:20:[m[K [01;31m[Kerror: [m[Kâ€˜[01m[Kusing element_type = class rclcpp_action::ClientGoalHandle<control_msgs::action::FollowJointTrajectory>[m[Kâ€™ {aka â€˜[01m[Kclass rclcpp_action::ClientGoalHandle<control_msgs::action::FollowJointTrajectory>[m[Kâ€™} has no member named â€˜[01m[Kaccept_pending[m[Kâ€™
[2.699s]    53 |   if (goal_handle->[01;31m[Kaccept_pending[m[K()) {
[2.699s]       |                    [01;31m[K^~~~~~~~~~~~~~[m[K
[2.699s] [01m[K/home/sara/aubo_ws/src/aubo_control/control/src/sim_control.cpp:55:30:[m[K [01;31m[Kerror: [m[Kâ€˜[01m[Kusing element_type = class rclcpp_action::ClientGoalHandle<control_msgs::action::FollowJointTrajectory>[m[Kâ€™ {aka â€˜[01m[Kclass rclcpp_action::ClientGoalHandle<control_msgs::action::FollowJointTrajectory>[m[Kâ€™} has no member named â€˜[01m[Kaccepted[m[Kâ€™
[2.699s]    55 |      } else if (goal_handle->[01;31m[Kaccepted[m[K()) {
[2.699s]       |                              [01;31m[K^~~~~~~~[m[K
[3.356s] gmake[2]: *** [CMakeFiles/sim_control.dir/build.make:76: CMakeFiles/sim_control.dir/src/sim_control.cpp.o] Error 1
[3.356s] gmake[1]: *** [CMakeFiles/Makefile2:333: CMakeFiles/sim_control.dir/all] Error 2
[3.356s] gmake: *** [Makefile:146: all] Error 2
[3.359s] Invoked command in '/home/sara/aubo_ws/build/control' returned '2': CMAKE_PREFIX_PATH=${CMAKE_PREFIX_PATH}:/home/sara/ros2_ws/install/rqt_joint_trajectory_controller:/home/sara/ros2_ws/install/rqt_controller_manager:/home/sara/ros2_ws/install/ros2controlcli:/home/sara/ros2_ws/install/ros2_controllers_test_nodes:/home/sara/aubo_ws/install/ros2_controllers_test_nodes:/opt/ros/humble /usr/bin/cmake --build /home/sara/aubo_ws/build/control -- -j8 -l8
