[0.100s] Invoking command in '/home/sara/aubo_ws/build/control': CMAKE_PREFIX_PATH=${CMAKE_PREFIX_PATH}:/home/sara/ros2_ws/install/rqt_joint_trajectory_controller:/home/sara/ros2_ws/install/rqt_controller_manager:/home/sara/ros2_ws/install/ros2controlcli:/home/sara/ros2_ws/install/ros2_controllers_test_nodes:/home/sara/aubo_ws/install/ros2_controllers_test_nodes:/opt/ros/humble /usr/bin/cmake --build /home/sara/aubo_ws/build/control -- -j8 -l8
[0.212s] [35m[1mConsolidate compiler generated dependencies of target sim_control[0m
[0.237s] [ 12%] Built target controller
[0.244s] [ 25%] Built target inv_kin
[0.248s] [ 37%] Built target test_pub
[0.257s] [ 50%] Built target sim_pub
[0.260s] [ 62%] Built target sim_test
[0.263s] [ 75%] Built target sim_sub
[0.268s] [ 87%] Built target dir_kin
[0.270s] [ 93%] [32mBuilding CXX object CMakeFiles/sim_control.dir/src/sim_control.cpp.o[0m
[2.729s] [01m[K/home/sara/aubo_ws/src/aubo_control/control/src/sim_control.cpp:[m[K In member function â€˜[01m[Kvoid Sim_control::send_goal()[m[Kâ€™:
[2.729s] [01m[K/home/sara/aubo_ws/src/aubo_control/control/src/sim_control.cpp:36:12:[m[K [01;31m[Kerror: [m[Kâ€˜[01m[Kclass std::shared_ptr<control_msgs::action::FollowJointTrajectory_Goal_<std::allocator<void> > >[m[Kâ€™ has no member named â€˜[01m[Kgoal_time_tolerance[m[Kâ€™
[2.729s]    36 |   goal_msg.[01;31m[Kgoal_time_tolerance[m[K.sec = 1;
[2.729s]       |            [01;31m[K^~~~~~~~~~~~~~~~~~~[m[K
[2.729s] [01m[K/home/sara/aubo_ws/src/aubo_control/control/src/sim_control.cpp:37:12:[m[K [01;31m[Kerror: [m[Kâ€˜[01m[Kclass std::shared_ptr<control_msgs::action::FollowJointTrajectory_Goal_<std::allocator<void> > >[m[Kâ€™ has no member named â€˜[01m[Ktrajectory[m[Kâ€™
[2.729s]    37 |   goal_msg.[01;31m[Ktrajectory[m[K.joint_names = joint_names;
[2.729s]       |            [01;31m[K^~~~~~~~~~[m[K
[2.735s] [01m[K/home/sara/aubo_ws/src/aubo_control/control/src/sim_control.cpp:37:37:[m[K [01;31m[Kerror: [m[Kâ€˜[01m[Kjoint_names[m[Kâ€™ was not declared in this scope
[2.736s]    37 |   goal_msg.trajectory.joint_names = [01;31m[Kjoint_names[m[K;
[2.736s]       |                                     [01;31m[K^~~~~~~~~~~[m[K
[2.736s] [01m[K/home/sara/aubo_ws/src/aubo_control/control/src/sim_control.cpp:38:12:[m[K [01;31m[Kerror: [m[Kâ€˜[01m[Kclass std::shared_ptr<control_msgs::action::FollowJointTrajectory_Goal_<std::allocator<void> > >[m[Kâ€™ has no member named â€˜[01m[Ktrajectory[m[Kâ€™
[2.736s]    38 |   goal_msg.[01;31m[Ktrajectory[m[K.points.push_back(point0);
[2.736s]       |            [01;31m[K^~~~~~~~~~[m[K
[2.737s] [01m[K/home/sara/aubo_ws/src/aubo_control/control/src/sim_control.cpp:46:52:[m[K [01;31m[Kerror: [m[Kâ€˜[01m[KTrajectoryActionClient[m[Kâ€™ has not been declared
[2.738s]    46 |   send_goal_options.feedback_callback = std::bind(&[01;31m[KTrajectoryActionClient[m[K::feedback_callback, this, std::placeholders::_1);
[2.738s]       |                                                    [01;31m[K^~~~~~~~~~~~~~~~~~~~~~[m[K
[2.738s] [01m[K/home/sara/aubo_ws/src/aubo_control/control/src/sim_control.cpp:48:59:[m[K [01;31m[Kerror: [m[Kcannot convert â€˜[01m[Kstd::shared_ptr<control_msgs::action::FollowJointTrajectory_Goal_<std::allocator<void> > >[m[Kâ€™ to â€˜[01m[Kconst Goal&[m[Kâ€™ {aka â€˜[01m[Kconst control_msgs::action::FollowJointTrajectory_Goal_<std::allocator<void> >&[m[Kâ€™}
[2.738s]    48 |   auto send_goal_future = action_client_->async_send_goal([01;31m[Kgoal_msg[m[K, send_goal_options);
[2.738s]       |                                                           [01;31m[K^~~~~~~~[m[K
[2.738s]       |                                                           [01;31m[K|[m[K
[2.738s]       |                                                           [01;31m[Kstd::shared_ptr<control_msgs::action::FollowJointTrajectory_Goal_<std::allocator<void> > >[m[K
[2.738s] In file included from [01m[K/opt/ros/humble/include/rclcpp_action/rclcpp_action/rclcpp_action.hpp:36[m[K,
[2.738s]                  from [01m[K/home/sara/aubo_ws/src/aubo_control/control/include/control/sim_control.hpp:10[m[K,
[2.738s]                  from [01m[K/home/sara/aubo_ws/src/aubo_control/control/src/sim_control.cpp:1[m[K:
[2.738s] [01m[K/opt/ros/humble/include/rclcpp_action/rclcpp_action/client.hpp:422:32:[m[K [01;36m[Knote: [m[K  initializing argument 1 of â€˜[01m[Kstd::shared_future<typename rclcpp_action::ClientGoalHandle<ActionT>::SharedPtr> rclcpp_action::Client<ActionT>::async_send_goal(const Goal&, const rclcpp_action::Client<ActionT>::SendGoalOptions&) [with ActionT = control_msgs::action::FollowJointTrajectory; typename rclcpp_action::ClientGoalHandle<ActionT>::SharedPtr = std::shared_ptr<rclcpp_action::ClientGoalHandle<control_msgs::action::FollowJointTrajectory> >; rclcpp_action::Client<ActionT>::Goal = control_msgs::action::FollowJointTrajectory_Goal_<std::allocator<void> >][m[Kâ€™
[2.738s]   422 |   async_send_goal([01;36m[Kconst Goal & goal[m[K, const SendGoalOptions & options = SendGoalOptions())
[2.738s]       |                   [01;36m[K~~~~~~~~~~~~~^~~~[m[K
[2.738s] [01m[K/home/sara/aubo_ws/src/aubo_control/control/src/sim_control.cpp:51:15:[m[K [01;31m[Kerror: [m[Kâ€˜[01m[Krclcpp::executor[m[Kâ€™ has not been declared
[2.738s]    51 |       rclcpp::[01;31m[Kexecutor[m[K::FutureReturnCode::SUCCESS) {
[2.739s]       |               [01;31m[K^~~~~~~~[m[K
[3.346s] gmake[2]: *** [CMakeFiles/sim_control.dir/build.make:76: CMakeFiles/sim_control.dir/src/sim_control.cpp.o] Error 1
[3.346s] gmake[1]: *** [CMakeFiles/Makefile2:333: CMakeFiles/sim_control.dir/all] Error 2
[3.346s] gmake: *** [Makefile:146: all] Error 2
[3.349s] Invoked command in '/home/sara/aubo_ws/build/control' returned '2': CMAKE_PREFIX_PATH=${CMAKE_PREFIX_PATH}:/home/sara/ros2_ws/install/rqt_joint_trajectory_controller:/home/sara/ros2_ws/install/rqt_controller_manager:/home/sara/ros2_ws/install/ros2controlcli:/home/sara/ros2_ws/install/ros2_controllers_test_nodes:/home/sara/aubo_ws/install/ros2_controllers_test_nodes:/opt/ros/humble /usr/bin/cmake --build /home/sara/aubo_ws/build/control -- -j8 -l8
