[0.074s] Invoking command in '/home/sara/aubo_ws/build/control': CMAKE_PREFIX_PATH=${CMAKE_PREFIX_PATH}:/opt/ros/humble /usr/bin/cmake --build /home/sara/aubo_ws/build/control -- -j8 -l8
[0.125s] [35m[1mConsolidate compiler generated dependencies of target test_pub[0m
[0.148s] [ 16%] Built target dir_kin
[0.149s] [ 33%] Built target inv_kin
[0.150s] [ 50%] Built target controller
[0.154s] [ 66%] Built target sim_pub
[0.154s] [ 83%] Built target sim_sub
[0.155s] [ 91%] [32mBuilding CXX object CMakeFiles/test_pub.dir/src/test_pub.cpp.o[0m
[2.062s] [01m[K/home/sara/aubo_ws/src/aubo_control/control/src/test_pub.cpp:[m[K In constructor â€˜[01m[KTest_pub::Test_pub()[m[Kâ€™:
[2.062s] [01m[K/home/sara/aubo_ws/src/aubo_control/control/src/test_pub.cpp:10:9:[m[K [01;35m[Kwarning: [m[Kunused variable â€˜[01m[Kpub_ind[m[Kâ€™ [[01;35m[K]8;;https://gcc.gnu.org/onlinedocs/gcc/Warning-Options.html#index-Wunused-variable-Wunused-variable]8;;[m[K]
[2.062s]    10 |     int [01;35m[Kpub_ind[m[K=1;
[2.062s]       |         [01;35m[K^~~~~~~[m[K
[2.062s] [01m[K/home/sara/aubo_ws/src/aubo_control/control/src/test_pub.cpp:11:11:[m[K [01;35m[Kwarning: [m[Kunused variable â€˜[01m[Kx[m[Kâ€™ [[01;35m[K]8;;https://gcc.gnu.org/onlinedocs/gcc/Warning-Options.html#index-Wunused-variable-Wunused-variable]8;;[m[K]
[2.062s]    11 |     float [01;35m[Kx[m[K=0.2;
[2.062s]       |           [01;35m[K^[m[K
[2.062s] [01m[K/home/sara/aubo_ws/src/aubo_control/control/src/test_pub.cpp:12:11:[m[K [01;35m[Kwarning: [m[Kunused variable â€˜[01m[Ky[m[Kâ€™ [[01;35m[K]8;;https://gcc.gnu.org/onlinedocs/gcc/Warning-Options.html#index-Wunused-variable-Wunused-variable]8;;[m[K]
[2.062s]    12 |     float [01;35m[Ky[m[K=-0.5;
[2.062s]       |           [01;35m[K^[m[K
[2.062s] [01m[K/home/sara/aubo_ws/src/aubo_control/control/src/test_pub.cpp:13:11:[m[K [01;35m[Kwarning: [m[Kunused variable â€˜[01m[Kz[m[Kâ€™ [[01;35m[K]8;;https://gcc.gnu.org/onlinedocs/gcc/Warning-Options.html#index-Wunused-variable-Wunused-variable]8;;[m[K]
[2.062s]    13 |     float [01;35m[Kz[m[K=0.5;
[2.063s]       |           [01;35m[K^[m[K
[2.063s] [01m[K/home/sara/aubo_ws/src/aubo_control/control/src/test_pub.cpp:14:11:[m[K [01;35m[Kwarning: [m[Kunused variable â€˜[01m[Kalpha[m[Kâ€™ [[01;35m[K]8;;https://gcc.gnu.org/onlinedocs/gcc/Warning-Options.html#index-Wunused-variable-Wunused-variable]8;;[m[K]
[2.063s]    14 |     float [01;35m[Kalpha[m[K=1.57;
[2.063s]       |           [01;35m[K^~~~~[m[K
[2.063s] [01m[K/home/sara/aubo_ws/src/aubo_control/control/src/test_pub.cpp:15:11:[m[K [01;35m[Kwarning: [m[Kunused variable â€˜[01m[Kbeta[m[Kâ€™ [[01;35m[K]8;;https://gcc.gnu.org/onlinedocs/gcc/Warning-Options.html#index-Wunused-variable-Wunused-variable]8;;[m[K]
[2.063s]    15 |     float [01;35m[Kbeta[m[K=3.14;
[2.063s]       |           [01;35m[K^~~~[m[K
[2.063s] [01m[K/home/sara/aubo_ws/src/aubo_control/control/src/test_pub.cpp:16:11:[m[K [01;35m[Kwarning: [m[Kunused variable â€˜[01m[Kgamma[m[Kâ€™ [[01;35m[K]8;;https://gcc.gnu.org/onlinedocs/gcc/Warning-Options.html#index-Wunused-variable-Wunused-variable]8;;[m[K]
[2.063s]    16 |     float [01;35m[Kgamma[m[K=0.0;
[2.063s]       |           [01;35m[K^~~~~[m[K
[2.063s] [01m[K/home/sara/aubo_ws/src/aubo_control/control/src/test_pub.cpp:[m[K In member function â€˜[01m[Kvoid Test_pub::publish_method()[m[Kâ€™:
[2.063s] [01m[K/home/sara/aubo_ws/src/aubo_control/control/src/test_pub.cpp:28:15:[m[K [01;35m[Kwarning: [m[Ksuggest parentheses around assignment used as truth value [[01;35m[K]8;;https://gcc.gnu.org/onlinedocs/gcc/Warning-Options.html#index-Wparentheses-Wparentheses]8;;[m[K]
[2.063s]    28 |     if([01;35m[Kpub_ind=1[m[K){
[2.063s]       |        [01;35m[K~~~~~~~^~[m[K
[2.063s] [01m[K/home/sara/aubo_ws/src/aubo_control/control/src/test_pub.cpp:63:9:[m[K [01;31m[Kerror: [m[Kexpected primary-expression before â€˜[01m[K}[m[Kâ€™ token
[2.064s]    63 |         [01;31m[K}[m[K
[2.064s]       |         [01;31m[K^[m[K
[2.715s] gmake[2]: *** [CMakeFiles/test_pub.dir/build.make:76: CMakeFiles/test_pub.dir/src/test_pub.cpp.o] Error 1
[2.715s] gmake[1]: *** [CMakeFiles/Makefile2:225: CMakeFiles/test_pub.dir/all] Error 2
[2.716s] gmake: *** [Makefile:146: all] Error 2
[2.718s] Invoked command in '/home/sara/aubo_ws/build/control' returned '2': CMAKE_PREFIX_PATH=${CMAKE_PREFIX_PATH}:/opt/ros/humble /usr/bin/cmake --build /home/sara/aubo_ws/build/control -- -j8 -l8
