[0.064s] Invoking command in '/home/sara/aubo_ws/build/control': CMAKE_PREFIX_PATH=${CMAKE_PREFIX_PATH}:/opt/ros/humble /usr/bin/cmake --build /home/sara/aubo_ws/build/control -- -j8 -l8
[0.130s] [ 20%] Built target test_pub
[0.130s] [ 30%] [32mBuilding CXX object CMakeFiles/sim_pub.dir/src/sim_pub.cpp.o[0m
[0.130s] [ 50%] Built target inv_kin
[0.131s] [ 70%] Built target controller
[0.132s] [ 90%] Built target dir_kin
[0.349s] In file included from [01m[K/home/sara/aubo_ws/src/aubo_control/control/src/sim_pub.cpp:3[m[K:
[0.350s] [01m[K/home/sara/aubo_ws/src/aubo_control/control/include/control/sim_pub.hpp:4:10:[m[K [01;31m[Kfatal error: [m[Ktrajectory_msgs/msg/joint_trajectory.hpp: No such file or directory
[0.350s]     4 | #include [01;31m[K"trajectory_msgs/msg/joint_trajectory.hpp"[m[K
[0.350s]       |          [01;31m[K^~~~~~~~~~~~~~~~~~~~~~~~~~~~~~~~~~~~~~~~~~[m[K
[0.350s] compilation terminated.
[0.352s] gmake[2]: *** [CMakeFiles/sim_pub.dir/build.make:76: CMakeFiles/sim_pub.dir/src/sim_pub.cpp.o] Error 1
[0.352s] gmake[1]: *** [CMakeFiles/Makefile2:249: CMakeFiles/sim_pub.dir/all] Error 2
[0.353s] gmake: *** [Makefile:146: all] Error 2
[0.375s] Invoked command in '/home/sara/aubo_ws/build/control' returned '2': CMAKE_PREFIX_PATH=${CMAKE_PREFIX_PATH}:/opt/ros/humble /usr/bin/cmake --build /home/sara/aubo_ws/build/control -- -j8 -l8
