[0.080s] Invoking command in '/home/sara/aubo_ws/build/control': CMAKE_PREFIX_PATH=${CMAKE_PREFIX_PATH}:/opt/ros/humble /usr/bin/cmake --build /home/sara/aubo_ws/build/control -- -j8 -l8
[0.200s] [ 14%] Built target dir_kin
[0.200s] [ 35%] Built target test_pub
[0.201s] [ 42%] Built target sim_pub
[0.201s] [ 50%] [32mBuilding CXX object CMakeFiles/sim_test.dir/src/sim_test.cpp.o[0m
[0.201s] [ 64%] Built target inv_kin
[0.201s] [ 78%] Built target controller
[0.201s] [ 92%] Built target sim_sub
[2.359s] [01m[K/home/sara/aubo_ws/src/aubo_control/control/src/sim_test.cpp:[m[K In function â€˜[01m[Kint main(int, char**)[m[Kâ€™:
[2.359s] [01m[K/home/sara/aubo_ws/src/aubo_control/control/src/sim_test.cpp:154:20:[m[K [01;35m[Kwarning: [m[Kthe address of â€˜[01m[Kbool rclcpp::ok(rclcpp::Context::SharedPtr)[m[Kâ€™ will never be NULL [[01;35m[K]8;;https://gcc.gnu.org/onlinedocs/gcc/Warning-Options.html#index-Waddress-Waddress]8;;[m[K]
[2.360s]   154 |     while ([01;35m[Krclcpp::ok[m[K)
[2.360s]       |            [01;35m[K~~~~~~~~^~[m[K
[2.369s] [01m[K/home/sara/aubo_ws/src/aubo_control/control/src/sim_test.cpp:159:9:[m[K [01;31m[Kerror: [m[Kâ€˜[01m[Kpub_[m[Kâ€™ was not declared in this scope
[2.369s]   159 |         [01;31m[Kpub_[m[K-> publish(sim_goal)
[2.369s]       |         [01;31m[K^~~~[m[K
[2.376s] [01m[K/home/sara/aubo_ws/src/aubo_control/control/src/sim_test.cpp:159:24:[m[K [01;31m[Kerror: [m[Kâ€˜[01m[Ksim_goal[m[Kâ€™ was not declared in this scope; did you mean â€˜[01m[Ksigval[m[Kâ€™?
[2.376s]   159 |         pub_-> publish([01;31m[Ksim_goal[m[K)
[2.377s]       |                        [01;31m[K^~~~~~~~[m[K
[2.377s]       |                        [32m[Ksigval[m[K
[3.104s] gmake[2]: *** [CMakeFiles/sim_test.dir/build.make:76: CMakeFiles/sim_test.dir/src/sim_test.cpp.o] Error 1
[3.104s] gmake[1]: *** [CMakeFiles/Makefile2:305: CMakeFiles/sim_test.dir/all] Error 2
[3.105s] gmake: *** [Makefile:146: all] Error 2
[3.107s] Invoked command in '/home/sara/aubo_ws/build/control' returned '2': CMAKE_PREFIX_PATH=${CMAKE_PREFIX_PATH}:/opt/ros/humble /usr/bin/cmake --build /home/sara/aubo_ws/build/control -- -j8 -l8
