[0.063s] Invoking command in '/home/sara/aubo_ws/build/control': CMAKE_PREFIX_PATH=${CMAKE_PREFIX_PATH}:/opt/ros/humble /usr/bin/cmake --build /home/sara/aubo_ws/build/control -- -j8 -l8
[0.108s] [35m[1mConsolidate compiler generated dependencies of target test_pub[0m
[0.120s] [ 25%] Built target inv_kin
[0.124s] [ 50%] Built target dir_kin
[0.128s] [ 75%] Built target controller
[0.129s] [ 87%] [32mBuilding CXX object CMakeFiles/test_pub.dir/src/test_pub.cpp.o[0m
[2.055s] [01m[K/home/sara/aubo_ws/src/aubo_control/control/src/test_pub.cpp:[m[K In constructor â€˜[01m[KTest_pub::Test_pub()[m[Kâ€™:
[2.056s] [01m[K/home/sara/aubo_ws/src/aubo_control/control/src/test_pub.cpp:10:9:[m[K [01;35m[Kwarning: [m[Kunused variable â€˜[01m[Kpub_ind[m[Kâ€™ [[01;35m[K]8;;https://gcc.gnu.org/onlinedocs/gcc/Warning-Options.html#index-Wunused-variable-Wunused-variable]8;;[m[K]
[2.056s]    10 |     int [01;35m[Kpub_ind[m[K=0;
[2.056s]       |         [01;35m[K^~~~~~~[m[K
[2.058s] [01m[K/home/sara/aubo_ws/src/aubo_control/control/src/test_pub.cpp:[m[K In function â€˜[01m[Kint main(int, char**)[m[Kâ€™:
[2.058s] [01m[K/home/sara/aubo_ws/src/aubo_control/control/src/test_pub.cpp:40:20:[m[K [01;35m[Kwarning: [m[Kthe address of â€˜[01m[Kbool rclcpp::ok(rclcpp::Context::SharedPtr)[m[Kâ€™ will never be NULL [[01;35m[K]8;;https://gcc.gnu.org/onlinedocs/gcc/Warning-Options.html#index-Waddress-Waddress]8;;[m[K]
[2.058s]    40 |     while ([01;35m[Krclcpp::ok[m[K)
[2.058s]       |            [01;35m[K~~~~~~~~^~[m[K
[2.063s] [01m[K/home/sara/aubo_ws/src/aubo_control/control/src/test_pub.cpp:44:12:[m[K [01;31m[Kerror: [m[Kâ€˜[01m[Kpub_ind[m[Kâ€™ was not declared in this scope; did you mean â€˜[01m[Ku_int[m[Kâ€™?
[2.063s]    44 |         if([01;31m[Kpub_ind[m[K){
[2.063s]       |            [01;31m[K^~~~~~~[m[K
[2.063s]       |            [32m[Ku_int[m[K
[2.713s] gmake[2]: *** [CMakeFiles/test_pub.dir/build.make:76: CMakeFiles/test_pub.dir/src/test_pub.cpp.o] Error 1
[2.713s] gmake[1]: *** [CMakeFiles/Makefile2:221: CMakeFiles/test_pub.dir/all] Error 2
[2.713s] gmake: *** [Makefile:146: all] Error 2
[2.715s] Invoked command in '/home/sara/aubo_ws/build/control' returned '2': CMAKE_PREFIX_PATH=${CMAKE_PREFIX_PATH}:/opt/ros/humble /usr/bin/cmake --build /home/sara/aubo_ws/build/control -- -j8 -l8
