[0.061s] Invoking command in '/home/sara/aubo_ws/build/control': CMAKE_PREFIX_PATH=${CMAKE_PREFIX_PATH}:/opt/ros/humble /usr/bin/cmake --build /home/sara/aubo_ws/build/control -- -j8 -l8
[0.108s] [35m[1mConsolidate compiler generated dependencies of target test_pub[0m
[0.120s] [ 25%] Built target inv_kin
[0.123s] [ 50%] Built target controller
[0.126s] [ 75%] Built target dir_kin
[0.133s] [ 87%] [32mBuilding CXX object CMakeFiles/test_pub.dir/src/test_pub.cpp.o[0m
[2.051s] [01m[K/home/sara/aubo_ws/src/aubo_control/control/src/test_pub.cpp:[m[K In constructor â€˜[01m[KTest_pub::Test_pub()[m[Kâ€™:
[2.051s] [01m[K/home/sara/aubo_ws/src/aubo_control/control/src/test_pub.cpp:10:9:[m[K [01;35m[Kwarning: [m[Kunused variable â€˜[01m[Ksend[m[Kâ€™ [[01;35m[K]8;;https://gcc.gnu.org/onlinedocs/gcc/Warning-Options.html#index-Wunused-variable-Wunused-variable]8;;[m[K]
[2.051s]    10 |     int [01;35m[Ksend[m[K= 1;
[2.051s]       |         [01;35m[K^~~~[m[K
[2.054s] [01m[K/home/sara/aubo_ws/src/aubo_control/control/src/test_pub.cpp:[m[K In function â€˜[01m[Kint main(int, char**)[m[Kâ€™:
[2.054s] [01m[K/home/sara/aubo_ws/src/aubo_control/control/src/test_pub.cpp:40:20:[m[K [01;35m[Kwarning: [m[Kthe address of â€˜[01m[Kbool rclcpp::ok(rclcpp::Context::SharedPtr)[m[Kâ€™ will never be NULL [[01;35m[K]8;;https://gcc.gnu.org/onlinedocs/gcc/Warning-Options.html#index-Waddress-Waddress]8;;[m[K]
[2.054s]    40 |     while ([01;35m[Krclcpp::ok[m[K)
[2.054s]       |            [01;35m[K~~~~~~~~^~[m[K
[2.057s] [01m[K/home/sara/aubo_ws/src/aubo_control/control/src/test_pub.cpp:44:12:[m[K [01;31m[Kerror: [m[Kâ€˜[01m[Ksend[m[Kâ€™ was not declared in this scope
[2.057s]    44 |         if([01;31m[Ksend[m[K==1){
[2.057s]       |            [01;31m[K^~~~[m[K
[2.711s] gmake[2]: *** [CMakeFiles/test_pub.dir/build.make:76: CMakeFiles/test_pub.dir/src/test_pub.cpp.o] Error 1
[2.711s] gmake[1]: *** [CMakeFiles/Makefile2:221: CMakeFiles/test_pub.dir/all] Error 2
[2.711s] gmake: *** [Makefile:146: all] Error 2
[2.713s] Invoked command in '/home/sara/aubo_ws/build/control' returned '2': CMAKE_PREFIX_PATH=${CMAKE_PREFIX_PATH}:/opt/ros/humble /usr/bin/cmake --build /home/sara/aubo_ws/build/control -- -j8 -l8
