[0.101s] Invoking command in '/home/sara/aubo_ws/build/control': CMAKE_PREFIX_PATH=${CMAKE_PREFIX_PATH}:/home/sara/ros2_ws/install/rqt_joint_trajectory_controller:/home/sara/ros2_ws/install/rqt_controller_manager:/home/sara/ros2_ws/install/ros2controlcli:/home/sara/ros2_ws/install/ros2_controllers_test_nodes:/home/sara/aubo_ws/install/ros2_controllers_test_nodes:/opt/ros/humble /usr/bin/cmake --build /home/sara/aubo_ws/build/control -- -j8 -l8
[0.214s] [35m[1mConsolidate compiler generated dependencies of target sim_control[0m
[0.235s] [ 12%] Built target controller
[0.248s] [ 25%] Built target dir_kin
[0.249s] [ 37%] Built target inv_kin
[0.251s] [ 50%] Built target sim_pub
[0.262s] [ 62%] Built target sim_sub
[0.263s] [ 68%] [32mBuilding CXX object CMakeFiles/sim_control.dir/src/sim_control.cpp.o[0m
[0.268s] [ 81%] Built target test_pub
[0.269s] [ 93%] Built target sim_test
[2.668s] [01m[K/home/sara/aubo_ws/src/aubo_control/control/src/sim_control.cpp:[m[K In member function â€˜[01m[Kvoid Sim_control::send_goal()[m[Kâ€™:
[2.669s] [01m[K/home/sara/aubo_ws/src/aubo_control/control/src/sim_control.cpp:46:91:[m[K [01;31m[Kerror: [m[Kâ€˜[01m[Krclcpp::executor[m[Kâ€™ has not been declared
[2.669s]    46 |   if (rclcpp::spin_until_future_complete(shared_from_this(), send_goal_future) != rclcpp::[01;31m[Kexecutor[m[K::FutureReturnCode::SUCCESS) {
[2.669s]       |                                                                                           [01;31m[K^~~~~~~~[m[K
[2.669s] [01m[K/home/sara/aubo_ws/src/aubo_control/control/src/sim_control.cpp:[m[K In member function â€˜[01m[Kvoid Sim_control::feedback_callback(rclcpp_action::ClientGoalHandle<control_msgs::action::FollowJointTrajectory>::SharedPtr)[m[Kâ€™:
[2.669s] [01m[K/home/sara/aubo_ws/src/aubo_control/control/src/sim_control.cpp:52:20:[m[K [01;31m[Kerror: [m[Kâ€˜[01m[Kusing element_type = class rclcpp_action::ClientGoalHandle<control_msgs::action::FollowJointTrajectory>[m[Kâ€™ {aka â€˜[01m[Kclass rclcpp_action::ClientGoalHandle<control_msgs::action::FollowJointTrajectory>[m[Kâ€™} has no member named â€˜[01m[Kaccept_pending[m[Kâ€™
[2.669s]    52 |   if (goal_handle->[01;31m[Kaccept_pending[m[K()) {
[2.669s]       |                    [01;31m[K^~~~~~~~~~~~~~[m[K
[2.669s] [01m[K/home/sara/aubo_ws/src/aubo_control/control/src/sim_control.cpp:54:30:[m[K [01;31m[Kerror: [m[Kâ€˜[01m[Kusing element_type = class rclcpp_action::ClientGoalHandle<control_msgs::action::FollowJointTrajectory>[m[Kâ€™ {aka â€˜[01m[Kclass rclcpp_action::ClientGoalHandle<control_msgs::action::FollowJointTrajectory>[m[Kâ€™} has no member named â€˜[01m[Kaccepted[m[Kâ€™
[2.670s]    54 |      } else if (goal_handle->[01;31m[Kaccepted[m[K()) {
[2.670s]       |                              [01;31m[K^~~~~~~~[m[K
[3.452s] gmake[2]: *** [CMakeFiles/sim_control.dir/build.make:76: CMakeFiles/sim_control.dir/src/sim_control.cpp.o] Error 1
[3.452s] gmake[1]: *** [CMakeFiles/Makefile2:333: CMakeFiles/sim_control.dir/all] Error 2
[3.453s] gmake: *** [Makefile:146: all] Error 2
[3.455s] Invoked command in '/home/sara/aubo_ws/build/control' returned '2': CMAKE_PREFIX_PATH=${CMAKE_PREFIX_PATH}:/home/sara/ros2_ws/install/rqt_joint_trajectory_controller:/home/sara/ros2_ws/install/rqt_controller_manager:/home/sara/ros2_ws/install/ros2controlcli:/home/sara/ros2_ws/install/ros2_controllers_test_nodes:/home/sara/aubo_ws/install/ros2_controllers_test_nodes:/opt/ros/humble /usr/bin/cmake --build /home/sara/aubo_ws/build/control -- -j8 -l8
