[0.099s] Invoking command in '/home/sara/aubo_ws/build/control': CMAKE_PREFIX_PATH=${CMAKE_PREFIX_PATH}:/home/sara/ros2_ws/install/rqt_joint_trajectory_controller:/home/sara/ros2_ws/install/rqt_controller_manager:/home/sara/ros2_ws/install/ros2controlcli:/home/sara/ros2_ws/install/ros2_controllers_test_nodes:/home/sara/aubo_ws/install/ros2_controllers_test_nodes:/opt/ros/humble /usr/bin/cmake --build /home/sara/aubo_ws/build/control -- -j8 -l8
[0.215s] [35m[1mConsolidate compiler generated dependencies of target sim_control[0m
[0.238s] [ 12%] Built target sim_sub
[0.248s] [ 25%] Built target controller
[0.250s] [ 37%] Built target dir_kin
[0.251s] [ 50%] Built target inv_kin
[0.257s] [ 62%] Built target sim_pub
[0.260s] [ 75%] Built target test_pub
[0.262s] [ 87%] Built target sim_test
[0.269s] [ 93%] [32mBuilding CXX object CMakeFiles/sim_control.dir/src/sim_control.cpp.o[0m
[2.707s] [01m[K/home/sara/aubo_ws/src/aubo_control/control/src/sim_control.cpp:[m[K In member function â€˜[01m[Kvoid Sim_control::send_goal()[m[Kâ€™:
[2.707s] [01m[K/home/sara/aubo_ws/src/aubo_control/control/src/sim_control.cpp:49:98:[m[K [01;31m[Kerror: [m[Kâ€˜[01m[Krclcpp::executor[m[Kâ€™ has not been declared
[2.707s]    49 |   if (rclcpp::spin_until_future_complete(get_node_base_interface(), send_goal_future) != rclcpp::[01;31m[Kexecutor[m[K::FutureReturnCode::SUCCESS) {
[2.707s]       |                                                                                                  [01;31m[K^~~~~~~~[m[K
[2.707s] [01m[K/home/sara/aubo_ws/src/aubo_control/control/src/sim_control.cpp:[m[K In member function â€˜[01m[Kvoid Sim_control::feedback_callback(rclcpp_action::ClientGoalHandle<control_msgs::action::FollowJointTrajectory>::SharedPtr)[m[Kâ€™:
[2.707s] [01m[K/home/sara/aubo_ws/src/aubo_control/control/src/sim_control.cpp:55:134:[m[K [01;35m[Kwarning: [m[Kunused parameter â€˜[01m[Kgoal_handle[m[Kâ€™ [[01;35m[K]8;;https://gcc.gnu.org/onlinedocs/gcc/Warning-Options.html#index-Wunused-parameter-Wunused-parameter]8;;[m[K]
[2.707s]    55 |   void  Sim_control::feedback_callback([01;35m[Kconst rclcpp_action::ClientGoalHandle<control_msgs::action::FollowJointTrajectory>::SharedPtr goal_handle[m[K) {
[2.707s]       |                                        [01;35m[K~~~~~~~~~~~~~~~~~~~~~~~~~~~~~~~~~~~~~~~~~~~~~~~~~~~~~~~~~~~~~~~~~~~~~~~~~~~~~~~~~~~~~~~~~~~~~~^~~~~~~~~~~[m[K
[3.478s] gmake[2]: *** [CMakeFiles/sim_control.dir/build.make:76: CMakeFiles/sim_control.dir/src/sim_control.cpp.o] Error 1
[3.479s] gmake[1]: *** [CMakeFiles/Makefile2:333: CMakeFiles/sim_control.dir/all] Error 2
[3.479s] gmake: *** [Makefile:146: all] Error 2
[3.481s] Invoked command in '/home/sara/aubo_ws/build/control' returned '2': CMAKE_PREFIX_PATH=${CMAKE_PREFIX_PATH}:/home/sara/ros2_ws/install/rqt_joint_trajectory_controller:/home/sara/ros2_ws/install/rqt_controller_manager:/home/sara/ros2_ws/install/ros2controlcli:/home/sara/ros2_ws/install/ros2_controllers_test_nodes:/home/sara/aubo_ws/install/ros2_controllers_test_nodes:/opt/ros/humble /usr/bin/cmake --build /home/sara/aubo_ws/build/control -- -j8 -l8
