[0.063s] Invoking command in '/home/sara/aubo_ws/build/control': CMAKE_PREFIX_PATH=${CMAKE_PREFIX_PATH}:/opt/ros/humble /usr/bin/cmake --build /home/sara/aubo_ws/build/control -- -j8 -l8
[0.112s] [35m[1mConsolidate compiler generated dependencies of target sim_pub[0m
[0.131s] [ 20%] Built target dir_kin
[0.132s] [ 40%] Built target test_pub
[0.132s] [ 60%] Built target inv_kin
[0.134s] [ 80%] Built target controller
[0.137s] [ 90%] [32mBuilding CXX object CMakeFiles/sim_pub.dir/src/sim_pub.cpp.o[0m
[2.073s] [01m[K/home/sara/aubo_ws/src/aubo_control/control/src/sim_pub.cpp:[m[K In constructor â€˜[01m[KSim_pub::Sim_pub()[m[Kâ€™:
[2.073s] [01m[K/home/sara/aubo_ws/src/aubo_control/control/src/sim_pub.cpp:11:109:[m[K [01;31m[Kerror: [m[Kâ€˜[01m[Kfuncion[m[Kâ€™ is not a member of â€˜[01m[KSim_pub[m[Kâ€™
[2.073s]    11 |     sub_= this -> create_subscription <std_msgs::msg::Float32MultiArray>("Joint_pos",10,std::bind(&Sim_pub::[01;31m[Kfuncion[m[K,this, _1));
[2.073s]       |                                                                                                             [01;31m[K^~~~~~~[m[K
[2.074s] [01m[K/home/sara/aubo_ws/src/aubo_control/control/src/sim_pub.cpp:13:9:[m[K [01;35m[Kwarning: [m[Kunused variable â€˜[01m[Kpub_ind[m[Kâ€™ [[01;35m[K]8;;https://gcc.gnu.org/onlinedocs/gcc/Warning-Options.html#index-Wunused-variable-Wunused-variable]8;;[m[K]
[2.074s]    13 |     int [01;35m[Kpub_ind[m[K=1;
[2.074s]       |         [01;35m[K^~~~~~~[m[K
[2.074s] [01m[K/home/sara/aubo_ws/src/aubo_control/control/src/sim_pub.cpp:[m[K At global scope:
[2.074s] [01m[K/home/sara/aubo_ws/src/aubo_control/control/src/sim_pub.cpp:21:6:[m[K [01;31m[Kerror: [m[Kno declaration matches â€˜[01m[Kvoid Sim_pub::funcion()[m[Kâ€™
[2.074s]    21 | void [01;31m[KSim_pub[m[K::funcion(){
[2.074s]       |      [01;31m[K^~~~~~~[m[K
[2.074s] [01m[K/home/sara/aubo_ws/src/aubo_control/control/src/sim_pub.cpp:21:6:[m[K [01;36m[Knote: [m[Kno functions named â€˜[01m[Kvoid Sim_pub::funcion()[m[Kâ€™
[2.074s] In file included from [01m[K/home/sara/aubo_ws/src/aubo_control/control/src/sim_pub.cpp:3[m[K:
[2.074s] [01m[K/home/sara/aubo_ws/src/aubo_control/control/include/control/sim_pub.hpp:5:7:[m[K [01;36m[Knote: [m[Kâ€˜[01m[Kclass Sim_pub[m[Kâ€™ defined here
[2.074s]     5 | class [01;36m[KSim_pub[m[K : public rclcpp::Node
[2.075s]       |       [01;36m[K^~~~~~~[m[K
[2.076s] [01m[K/home/sara/aubo_ws/src/aubo_control/control/src/sim_pub.cpp:[m[K In function â€˜[01m[Kint main(int, char**)[m[Kâ€™:
[2.076s] [01m[K/home/sara/aubo_ws/src/aubo_control/control/src/sim_pub.cpp:50:20:[m[K [01;35m[Kwarning: [m[Kthe address of â€˜[01m[Kbool rclcpp::ok(rclcpp::Context::SharedPtr)[m[Kâ€™ will never be NULL [[01;35m[K]8;;https://gcc.gnu.org/onlinedocs/gcc/Warning-Options.html#index-Waddress-Waddress]8;;[m[K]
[2.076s]    50 |     while ([01;35m[Krclcpp::ok[m[K)
[2.076s]       |            [01;35m[K~~~~~~~~^~[m[K
[2.449s] gmake[2]: *** [CMakeFiles/sim_pub.dir/build.make:76: CMakeFiles/sim_pub.dir/src/sim_pub.cpp.o] Error 1
[2.449s] gmake[1]: *** [CMakeFiles/Makefile2:249: CMakeFiles/sim_pub.dir/all] Error 2
[2.450s] gmake: *** [Makefile:146: all] Error 2
[2.452s] Invoked command in '/home/sara/aubo_ws/build/control' returned '2': CMAKE_PREFIX_PATH=${CMAKE_PREFIX_PATH}:/opt/ros/humble /usr/bin/cmake --build /home/sara/aubo_ws/build/control -- -j8 -l8
