[33mCMake Warning (dev) at /usr/share/cmake-3.22/Modules/FindPackageHandleStandardArgs.cmake:438 (message):
  The package name passed to `find_package_handle_standard_args` (PkgConfig)
  does not match the name of the calling package (gazebo).  This can lead to
  problems in calling code that expects `find_package` result variables
  (e.g., `_FOUND`) to follow a certain pattern.
Call Stack (most recent call first):
  /usr/share/cmake-3.22/Modules/FindPkgConfig.cmake:99 (find_package_handle_standard_args)
  /usr/lib/x86_64-linux-gnu/cmake/gazebo/gazebo-config.cmake:72 (include)
  CMakeLists.txt:12 (find_package)
This warning is for project developers.  Use -Wno-dev to suppress it.
[0m
[01m[K/home/sara/aubo_ws/src/aubo_control/control/src/sim_test_v1.cpp:[m[K In function â€˜[01m[Kint main(int, char**)[m[Kâ€™:
[01m[K/home/sara/aubo_ws/src/aubo_control/control/src/sim_test_v1.cpp:86:20:[m[K [01;35m[Kwarning: [m[Kthe address of â€˜[01m[Kbool rclcpp::ok(rclcpp::Context::SharedPtr)[m[Kâ€™ will never be NULL [[01;35m[K]8;;https://gcc.gnu.org/onlinedocs/gcc/Warning-Options.html#index-Waddress-Waddress]8;;[m[K]
   86 |     while ([01;35m[Krclcpp::ok[m[K)
      |            [01;35m[K~~~~~~~~^~[m[K
[01m[K/home/sara/aubo_ws/src/aubo_control/control/src/sim_test_v1.cpp:91:9:[m[K [01;31m[Kerror: [m[Kâ€˜[01m[Kq2[m[Kâ€™ was not declared in this scope
   91 |         [01;31m[Kq2[m[K=q2+0.1;
      |         [01;31m[K^~[m[K
gmake[2]: *** [CMakeFiles/sim_test.dir/build.make:76: CMakeFiles/sim_test.dir/src/sim_test_v1.cpp.o] Error 1
gmake[1]: *** [CMakeFiles/Makefile2:305: CMakeFiles/sim_test.dir/all] Error 2
gmake: *** [Makefile:146: all] Error 2
