[0.053s] Invoking command in '/home/sara/aubo_ws/build/controller': CMAKE_PREFIX_PATH=/opt/ros/humble /usr/bin/cmake --build /home/sara/aubo_ws/build/controller -- -j8 -l8
[0.096s] [ 33%] [32mBuilding CXX object CMakeFiles/dir_kin.dir/src/dir_kin.cpp.o[0m
[0.096s] [ 33%] [32mBuilding CXX object CMakeFiles/inv_kin.dir/src/inv_kin.cpp.o[0m
[0.096s] [ 50%] [32mBuilding CXX object CMakeFiles/test_pub.dir/src/test_pub.cpp.o[0m
[0.103s] [01m[K/home/sara/aubo_ws/src/aubo_control/controller/src/inv_kin.cpp:2:10:[m[K [01;31m[Kfatal error: [m[Kcontrol/inv_kin.hpp: No such file or directory
[0.103s]     2 | #include [01;31m[K<control/inv_kin.hpp>[m[K
[0.103s]       |          [01;31m[K^~~~~~~~~~~~~~~~~~~~~[m[K
[0.103s] compilation terminated.
[0.103s] [01m[K/home/sara/aubo_ws/src/aubo_control/controller/src/dir_kin.cpp:1:10:[m[K [01;31m[Kfatal error: [m[Kcontrol/dir_kin.hpp: No such file or directory
[0.103s]     1 | #include [01;31m[K<control/dir_kin.hpp>[m[K
[0.103s]       |          [01;31m[K^~~~~~~~~~~~~~~~~~~~~[m[K
[0.103s] compilation terminated.
[0.104s] [01m[K/home/sara/aubo_ws/src/aubo_control/controller/src/test_pub.cpp:2:10:[m[K [01;31m[Kfatal error: [m[Kcontrol/test_pub.hpp: No such file or directory
[0.104s]     2 | #include [01;31m[K<control/test_pub.hpp>[m[K
[0.104s]       |          [01;31m[K^~~~~~~~~~~~~~~~~~~~~~[m[K
[0.104s] compilation terminated.
[0.104s] gmake[2]: *** [CMakeFiles/inv_kin.dir/build.make:76: CMakeFiles/inv_kin.dir/src/inv_kin.cpp.o] Error 1
[0.104s] gmake[2]: *** [CMakeFiles/dir_kin.dir/build.make:76: CMakeFiles/dir_kin.dir/src/dir_kin.cpp.o] Error 1
[0.104s] gmake[2]: *** [CMakeFiles/test_pub.dir/build.make:76: CMakeFiles/test_pub.dir/src/test_pub.cpp.o] Error 1
[0.104s] gmake[1]: *** [CMakeFiles/Makefile2:167: CMakeFiles/inv_kin.dir/all] Error 2
[0.105s] gmake[1]: *** Waiting for unfinished jobs....
[0.105s] gmake[1]: *** [CMakeFiles/Makefile2:141: CMakeFiles/dir_kin.dir/all] Error 2
[0.105s] gmake[1]: *** [CMakeFiles/Makefile2:193: CMakeFiles/test_pub.dir/all] Error 2
[0.105s] gmake: *** [Makefile:146: all] Error 2
