[0.100s] Invoking command in '/home/sara/aubo_ws/build/control': CMAKE_PREFIX_PATH=${CMAKE_PREFIX_PATH}:/home/sara/ros2_ws/install/rqt_joint_trajectory_controller:/home/sara/ros2_ws/install/rqt_controller_manager:/home/sara/ros2_ws/install/ros2controlcli:/home/sara/ros2_ws/install/ros2_controllers_test_nodes:/home/sara/aubo_ws/install/ros2_controllers_test_nodes:/opt/ros/humble /usr/bin/cmake --build /home/sara/aubo_ws/build/control -- -j8 -l8
[0.221s] [35m[1mConsolidate compiler generated dependencies of target sim_control[0m
[0.224s] [ 12%] Built target dir_kin
[0.231s] [ 25%] Built target sim_pub
[0.236s] [ 43%] Built target test_pub
[0.236s] [ 50%] Built target controller
[0.238s] [ 62%] Built target inv_kin
[0.253s] [ 75%] Built target sim_test
[0.254s] [ 87%] Built target sim_sub
[0.265s] [ 93%] [32mBuilding CXX object CMakeFiles/sim_control.dir/src/sim_control.cpp.o[0m
[2.644s] [01m[K/home/sara/aubo_ws/src/aubo_control/control/src/sim_control.cpp:[m[K In member function â€˜[01m[Kvoid Sim_control::send_goal()[m[Kâ€™:
[2.644s] [01m[K/home/sara/aubo_ws/src/aubo_control/control/src/sim_control.cpp:46:15:[m[K [01;31m[Kerror: [m[Kâ€˜[01m[Kspin_until_fute_complete[m[Kâ€™ is not a member of â€˜[01m[Krclcpp[m[Kâ€™; did you mean â€˜[01m[Kspin_until_future_complete[m[Kâ€™?
[2.644s]    46 |   if (rclcpp::[01;31m[Kspin_until_fute_complete[m[K(shared_from_this(), send_goal_future) !=
[2.645s]       |               [01;31m[K^~~~~~~~~~~~~~~~~~~~~~~~[m[K
[2.645s]       |               [32m[Kspin_until_future_complete[m[K
[2.645s] [01m[K/home/sara/aubo_ws/src/aubo_control/control/src/sim_control.cpp:47:15:[m[K [01;31m[Kerror: [m[Kâ€˜[01m[Krclcpp::executor[m[Kâ€™ has not been declared
[2.645s]    47 |       rclcpp::[01;31m[Kexecutor[m[K::FutureReturnCode::SUCCESS) {
[2.645s]       |               [01;31m[K^~~~~~~~[m[K
[2.645s] [01m[K/home/sara/aubo_ws/src/aubo_control/control/src/sim_control.cpp:[m[K In member function â€˜[01m[Kvoid Sim_control::feedback_callback(rclcpp_action::ClientGoalHandle<control_msgs::action::FollowJointTrajectory>::SharedPtr)[m[Kâ€™:
[2.645s] [01m[K/home/sara/aubo_ws/src/aubo_control/control/src/sim_control.cpp:53:20:[m[K [01;31m[Kerror: [m[Kâ€˜[01m[Kusing element_type = class rclcpp_action::ClientGoalHandle<control_msgs::action::FollowJointTrajectory>[m[Kâ€™ {aka â€˜[01m[Kclass rclcpp_action::ClientGoalHandle<control_msgs::action::FollowJointTrajectory>[m[Kâ€™} has no member named â€˜[01m[Kaccept_pending[m[Kâ€™
[2.645s]    53 |   if (goal_handle->[01;31m[Kaccept_pending[m[K()) {
[2.646s]       |                    [01;31m[K^~~~~~~~~~~~~~[m[K
[2.646s] [01m[K/home/sara/aubo_ws/src/aubo_control/control/src/sim_control.cpp:55:30:[m[K [01;31m[Kerror: [m[Kâ€˜[01m[Kusing element_type = class rclcpp_action::ClientGoalHandle<control_msgs::action::FollowJointTrajectory>[m[Kâ€™ {aka â€˜[01m[Kclass rclcpp_action::ClientGoalHandle<control_msgs::action::FollowJointTrajectory>[m[Kâ€™} has no member named â€˜[01m[Kaccepted[m[Kâ€™
[2.646s]    55 |      } else if (goal_handle->[01;31m[Kaccepted[m[K()) {
[2.646s]       |                              [01;31m[K^~~~~~~~[m[K
[3.502s] gmake[2]: *** [CMakeFiles/sim_control.dir/build.make:76: CMakeFiles/sim_control.dir/src/sim_control.cpp.o] Error 1
[3.502s] gmake[1]: *** [CMakeFiles/Makefile2:333: CMakeFiles/sim_control.dir/all] Error 2
[3.502s] gmake: *** [Makefile:146: all] Error 2
[3.505s] Invoked command in '/home/sara/aubo_ws/build/control' returned '2': CMAKE_PREFIX_PATH=${CMAKE_PREFIX_PATH}:/home/sara/ros2_ws/install/rqt_joint_trajectory_controller:/home/sara/ros2_ws/install/rqt_controller_manager:/home/sara/ros2_ws/install/ros2controlcli:/home/sara/ros2_ws/install/ros2_controllers_test_nodes:/home/sara/aubo_ws/install/ros2_controllers_test_nodes:/opt/ros/humble /usr/bin/cmake --build /home/sara/aubo_ws/build/control -- -j8 -l8
