-- Found ament_cmake: 1.3.5 (/opt/ros/humble/share/ament_cmake/cmake)
-- Found rclcpp: 16.0.6 (/opt/ros/humble/share/rclcpp/cmake)
-- Found rosidl_generator_c: 3.1.5 (/opt/ros/humble/share/rosidl_generator_c/cmake)
-- Found rosidl_adapter: 3.1.5 (/opt/ros/humble/share/rosidl_adapter/cmake)
-- Found rosidl_generator_cpp: 3.1.5 (/opt/ros/humble/share/rosidl_generator_cpp/cmake)
-- Using all available rosidl_typesupport_c: rosidl_typesupport_fastrtps_c;rosidl_typesupport_introspection_c
-- Using all available rosidl_typesupport_cpp: rosidl_typesupport_fastrtps_cpp;rosidl_typesupport_introspection_cpp
-- Found rmw_implementation_cmake: 6.1.1 (/opt/ros/humble/share/rmw_implementation_cmake/cmake)
-- Found rmw_fastrtps_cpp: 6.2.4 (/opt/ros/humble/share/rmw_fastrtps_cpp/cmake)
-- Using RMW implementation 'rmw_fastrtps_cpp' as default
-- Found control_msgs: 4.4.0 (/opt/ros/humble/share/control_msgs/cmake)
-- Found ament_lint_auto: 0.12.8 (/opt/ros/humble/share/ament_lint_auto/cmake)
-- Added test 'cppcheck' to perform static code analysis on C / C++ code
-- Configured cppcheck include dirs: /home/sara/aubo_ws/src/aubo_control/controller/include
-- Configured cppcheck exclude dirs and/or files: 
-- Added test 'flake8' to check Python code syntax and style conventions
-- Added test 'lint_cmake' to check CMake code style
-- Added test 'pep257' to check Python code against some of the docstring style conventions in PEP 257
-- Added test 'uncrustify' to check C / C++ code style
-- Configured uncrustify additional arguments: 
-- Added test 'xmllint' to check XML markup files
-- Configuring done
-- Generating done
-- Build files have been written to: /home/sara/aubo_ws/build/controller
[ 50%] [32mBuilding CXX object CMakeFiles/test_pub.dir/src/test_pub.cpp.o[0m
[ 50%] [32mBuilding CXX object CMakeFiles/inv_kin.dir/src/inv_kin.cpp.o[0m
[ 50%] [32mBuilding CXX object CMakeFiles/dir_kin.dir/src/dir_kin.cpp.o[0m
[01m[K/home/sara/aubo_ws/src/aubo_control/controller/src/test_pub.cpp:2:10:[m[K [01;31m[Kfatal error: [m[Kcontrol/test_pub.hpp: No such file or directory
    2 | #include [01;31m[K<control/test_pub.hpp>[m[K
      |          [01;31m[K^~~~~~~~~~~~~~~~~~~~~~[m[K
[01m[K/home/sara/aubo_ws/src/aubo_control/controller/src/dir_kin.cpp:1:10:[m[K [01;31m[Kfatal error: [m[Kcontrol/dir_kin.hpp: No such file or directory
    1 | #include [01;31m[K<control/dir_kin.hpp>[m[K
      |          [01;31m[K^~~~~~~~~~~~~~~~~~~~~[m[K
[01m[K/home/sara/aubo_ws/src/aubo_control/controller/src/inv_kin.cpp:2:10:[m[K [01;31m[Kfatal error: [m[Kcontrol/inv_kin.hpp: No such file or directory
    2 | #include [01;31m[K<control/inv_kin.hpp>[m[K
      |          [01;31m[K^~~~~~~~~~~~~~~~~~~~~[m[K
compilation terminated.
compilation terminated.
compilation terminated.
gmake[2]: *** [CMakeFiles/dir_kin.dir/build.make:76: CMakeFiles/dir_kin.dir/src/dir_kin.cpp.o] Error 1
gmake[2]: *** [CMakeFiles/test_pub.dir/build.make:76: CMakeFiles/test_pub.dir/src/test_pub.cpp.o] Error 1
gmake[2]: *** [CMakeFiles/inv_kin.dir/build.make:76: CMakeFiles/inv_kin.dir/src/inv_kin.cpp.o] Error 1
gmake[1]: *** [CMakeFiles/Makefile2:141: CMakeFiles/dir_kin.dir/all] Error 2
gmake[1]: *** Waiting for unfinished jobs....
gmake[1]: *** [CMakeFiles/Makefile2:167: CMakeFiles/inv_kin.dir/all] Error 2
gmake[1]: *** [CMakeFiles/Makefile2:193: CMakeFiles/test_pub.dir/all] Error 2
gmake: *** [Makefile:146: all] Error 2
