[0.050s] Invoking command in '/home/sara/aubo_ws/build/controller': CMAKE_PREFIX_PATH=/opt/ros/humble /usr/bin/cmake /home/sara/aubo_ws/src/aubo_control/controller -DCMAKE_INSTALL_PREFIX=/home/sara/aubo_ws/install/controller
[0.060s] -- Found ament_cmake: 1.3.5 (/opt/ros/humble/share/ament_cmake/cmake)
[0.186s] -- Found rclcpp: 16.0.6 (/opt/ros/humble/share/rclcpp/cmake)
[0.213s] -- Found rosidl_generator_c: 3.1.5 (/opt/ros/humble/share/rosidl_generator_c/cmake)
[0.215s] -- Found rosidl_adapter: 3.1.5 (/opt/ros/humble/share/rosidl_adapter/cmake)
[0.222s] -- Found rosidl_generator_cpp: 3.1.5 (/opt/ros/humble/share/rosidl_generator_cpp/cmake)
[0.235s] -- Using all available rosidl_typesupport_c: rosidl_typesupport_fastrtps_c;rosidl_typesupport_introspection_c
[0.249s] -- Using all available rosidl_typesupport_cpp: rosidl_typesupport_fastrtps_cpp;rosidl_typesupport_introspection_cpp
[0.312s] -- Found rmw_implementation_cmake: 6.1.1 (/opt/ros/humble/share/rmw_implementation_cmake/cmake)
[0.313s] -- Found rmw_fastrtps_cpp: 6.2.4 (/opt/ros/humble/share/rmw_fastrtps_cpp/cmake)
[0.420s] -- Using RMW implementation 'rmw_fastrtps_cpp' as default
[0.563s] -- Found control_msgs: 4.4.0 (/opt/ros/humble/share/control_msgs/cmake)
[0.997s] -- Found ament_lint_auto: 0.12.8 (/opt/ros/humble/share/ament_lint_auto/cmake)
[1.059s] -- Added test 'cppcheck' to perform static code analysis on C / C++ code
[1.059s] -- Configured cppcheck include dirs: /home/sara/aubo_ws/src/aubo_control/controller/include
[1.059s] -- Configured cppcheck exclude dirs and/or files: 
[1.059s] -- Added test 'flake8' to check Python code syntax and style conventions
[1.060s] -- Added test 'lint_cmake' to check CMake code style
[1.060s] -- Added test 'pep257' to check Python code against some of the docstring style conventions in PEP 257
[1.062s] -- Added test 'uncrustify' to check C / C++ code style
[1.062s] -- Configured uncrustify additional arguments: 
[1.062s] -- Added test 'xmllint' to check XML markup files
[1.063s] -- Configuring done
[1.075s] -- Generating done
[1.077s] -- Build files have been written to: /home/sara/aubo_ws/build/controller
[1.083s] Invoked command in '/home/sara/aubo_ws/build/controller' returned '0': CMAKE_PREFIX_PATH=/opt/ros/humble /usr/bin/cmake /home/sara/aubo_ws/src/aubo_control/controller -DCMAKE_INSTALL_PREFIX=/home/sara/aubo_ws/install/controller
[1.085s] Invoking command in '/home/sara/aubo_ws/build/controller': CMAKE_PREFIX_PATH=/opt/ros/humble /usr/bin/cmake --build /home/sara/aubo_ws/build/controller -- -j8 -l8
[1.125s] [ 50%] [32mBuilding CXX object CMakeFiles/test_pub.dir/src/test_pub.cpp.o[0m
[1.125s] [ 50%] [32mBuilding CXX object CMakeFiles/inv_kin.dir/src/inv_kin.cpp.o[0m
[1.125s] [ 50%] [32mBuilding CXX object CMakeFiles/dir_kin.dir/src/dir_kin.cpp.o[0m
[1.133s] [01m[K/home/sara/aubo_ws/src/aubo_control/controller/src/test_pub.cpp:2:10:[m[K [01;31m[Kfatal error: [m[Kcontrol/test_pub.hpp: No such file or directory
[1.133s]     2 | #include [01;31m[K<control/test_pub.hpp>[m[K
[1.133s]       |          [01;31m[K^~~~~~~~~~~~~~~~~~~~~~[m[K
[1.133s] [01m[K/home/sara/aubo_ws/src/aubo_control/controller/src/dir_kin.cpp:1:10:[m[K [01;31m[Kfatal error: [m[Kcontrol/dir_kin.hpp: No such file or directory
[1.133s]     1 | #include [01;31m[K<control/dir_kin.hpp>[m[K
[1.133s]       |          [01;31m[K^~~~~~~~~~~~~~~~~~~~~[m[K
[1.133s] [01m[K/home/sara/aubo_ws/src/aubo_control/controller/src/inv_kin.cpp:2:10:[m[K [01;31m[Kfatal error: [m[Kcontrol/inv_kin.hpp: No such file or directory
[1.133s]     2 | #include [01;31m[K<control/inv_kin.hpp>[m[K
[1.133s]       |          [01;31m[K^~~~~~~~~~~~~~~~~~~~~[m[K
[1.134s] compilation terminated.
[1.134s] compilation terminated.
[1.134s] compilation terminated.
[1.134s] gmake[2]: *** [CMakeFiles/dir_kin.dir/build.make:76: CMakeFiles/dir_kin.dir/src/dir_kin.cpp.o] Error 1
[1.134s] gmake[2]: *** [CMakeFiles/test_pub.dir/build.make:76: CMakeFiles/test_pub.dir/src/test_pub.cpp.o] Error 1
[1.134s] gmake[2]: *** [CMakeFiles/inv_kin.dir/build.make:76: CMakeFiles/inv_kin.dir/src/inv_kin.cpp.o] Error 1
[1.134s] gmake[1]: *** [CMakeFiles/Makefile2:141: CMakeFiles/dir_kin.dir/all] Error 2
[1.134s] gmake[1]: *** Waiting for unfinished jobs....
[1.134s] gmake[1]: *** [CMakeFiles/Makefile2:167: CMakeFiles/inv_kin.dir/all] Error 2
[1.135s] gmake[1]: *** [CMakeFiles/Makefile2:193: CMakeFiles/test_pub.dir/all] Error 2
[1.135s] gmake: *** [Makefile:146: all] Error 2
[1.136s] Invoked command in '/home/sara/aubo_ws/build/controller' returned '2': CMAKE_PREFIX_PATH=/opt/ros/humble /usr/bin/cmake --build /home/sara/aubo_ws/build/controller -- -j8 -l8
