[0.052s] Invoking command in '/home/sara/aubo_ws/build/control': /usr/bin/cmake /home/sara/aubo_ws/src/aubo_control/control -DCMAKE_INSTALL_PREFIX=/home/sara/aubo_ws/install/control
[0.065s] -- Found ament_cmake: 1.3.5 (/opt/ros/humble/share/ament_cmake/cmake)
[0.195s] -- Found rclcpp: 16.0.6 (/opt/ros/humble/share/rclcpp/cmake)
[0.221s] -- Found rosidl_generator_c: 3.1.5 (/opt/ros/humble/share/rosidl_generator_c/cmake)
[0.224s] -- Found rosidl_adapter: 3.1.5 (/opt/ros/humble/share/rosidl_adapter/cmake)
[0.231s] -- Found rosidl_generator_cpp: 3.1.5 (/opt/ros/humble/share/rosidl_generator_cpp/cmake)
[0.242s] -- Using all available rosidl_typesupport_c: rosidl_typesupport_fastrtps_c;rosidl_typesupport_introspection_c
[0.256s] -- Using all available rosidl_typesupport_cpp: rosidl_typesupport_fastrtps_cpp;rosidl_typesupport_introspection_cpp
[0.310s] -- Found rmw_implementation_cmake: 6.1.1 (/opt/ros/humble/share/rmw_implementation_cmake/cmake)
[0.312s] -- Found rmw_fastrtps_cpp: 6.2.4 (/opt/ros/humble/share/rmw_fastrtps_cpp/cmake)
[0.412s] -- Using RMW implementation 'rmw_fastrtps_cpp' as default
[0.559s] [33mCMake Warning (dev) at /usr/share/cmake-3.22/Modules/FindPackageHandleStandardArgs.cmake:438 (message):
[0.559s]   The package name passed to `find_package_handle_standard_args` (PkgConfig)
[0.559s]   does not match the name of the calling package (gazebo).  This can lead to
[0.560s]   problems in calling code that expects `find_package` result variables
[0.560s]   (e.g., `_FOUND`) to follow a certain pattern.
[0.560s] Call Stack (most recent call first):
[0.560s]   /usr/share/cmake-3.22/Modules/FindPkgConfig.cmake:99 (find_package_handle_standard_args)
[0.560s]   /usr/lib/x86_64-linux-gnu/cmake/gazebo/gazebo-config.cmake:72 (include)
[0.560s]   CMakeLists.txt:12 (find_package)
[0.560s] This warning is for project developers.  Use -Wno-dev to suppress it.
[0.560s] [0m
[0.579s] -- Found DART: /usr/include (Required is at least version "6.6") found components: dart 
[0.601s] -- Found Protobuf: /usr/lib/x86_64-linux-gnu/libprotobuf.so (found version "3.12.4") 
[0.602s] -- Looking for ignition-math6 -- found version 6.15.0
[0.606s] -- Searching for dependencies of ignition-math6
[0.608s] -- Looking for OGRE...
[0.612s] -- Found Ogre Ghadamon (1.9.0)
[0.612s] -- Found OGRE: optimized;/usr/lib/x86_64-linux-gnu/libOgreMain.so;debug;/usr/lib/x86_64-linux-gnu/libOgreMain.so
[0.620s] -- Looking for OGRE_Paging...
[0.620s] -- Found OGRE_Paging: optimized;/usr/lib/x86_64-linux-gnu/libOgrePaging.so;debug;/usr/lib/x86_64-linux-gnu/libOgrePaging.so
[0.620s] -- Looking for OGRE_Terrain...
[0.620s] -- Found OGRE_Terrain: optimized;/usr/lib/x86_64-linux-gnu/libOgreTerrain.so;debug;/usr/lib/x86_64-linux-gnu/libOgreTerrain.so
[0.620s] -- Looking for OGRE_Property...
[0.621s] -- Found OGRE_Property: optimized;/usr/lib/x86_64-linux-gnu/libOgreProperty.so;debug;/usr/lib/x86_64-linux-gnu/libOgreProperty.so
[0.621s] -- Looking for OGRE_RTShaderSystem...
[0.621s] -- Found OGRE_RTShaderSystem: optimized;/usr/lib/x86_64-linux-gnu/libOgreRTShaderSystem.so;debug;/usr/lib/x86_64-linux-gnu/libOgreRTShaderSystem.so
[0.621s] -- Looking for OGRE_Volume...
[0.621s] -- Found OGRE_Volume: optimized;/usr/lib/x86_64-linux-gnu/libOgreVolume.so;debug;/usr/lib/x86_64-linux-gnu/libOgreVolume.so
[0.621s] -- Looking for OGRE_Overlay...
[0.621s] -- Found OGRE_Overlay: optimized;/usr/lib/x86_64-linux-gnu/libOgreOverlay.so;debug;/usr/lib/x86_64-linux-gnu/libOgreOverlay.so
[0.692s] -- Looking for ignition-math6 -- found version 6.15.0
[0.693s] -- Looking for ignition-transport8 -- found version 8.2.1
[0.693s] -- Searching for dependencies of ignition-transport8
[0.707s] -- Found Protobuf: /usr/lib/x86_64-linux-gnu/libprotobuf.so (found suitable version "3.12.4", minimum required is "3") 
[0.716s] -- Config-file not installed for ZeroMQ -- checking for pkg-config
[0.720s] -- Checking for module 'libzmq >= 4'
[0.729s] --   Found libzmq , version 4.3.4
[0.761s] -- Checking for module 'uuid'
[0.770s] --   Found uuid, version 2.37.2
[0.795s] -- Looking for ignition-msgs5 -- found version 5.8.1
[0.795s] -- Searching for dependencies of ignition-msgs5
[0.810s] -- Looking for ignition-math6 -- found version 6.15.0
[0.815s] -- Checking for module 'tinyxml2'
[0.824s] --   Found tinyxml2, version 9.0.0
[0.849s] -- Looking for ignition-msgs5 -- found version 5.8.1
[0.850s] -- Looking for ignition-common3 -- found version 3.14.0
[0.850s] -- Searching for dependencies of ignition-common3
[0.850s] -- Looking for dlfcn.h - found
[0.850s] -- Looking for libdl - found
[0.859s] -- Searching for <ignition-common3> component [graphics]
[0.860s] -- Looking for ignition-common3-graphics -- found version 3.14.0
[0.860s] -- Searching for dependencies of ignition-common3-graphics
[0.860s] -- Looking for ignition-math6 -- found version 6.15.0
[0.861s] -- Looking for ignition-fuel_tools4 -- found version 4.4.0
[0.862s] -- Searching for dependencies of ignition-fuel_tools4
[0.891s] -- Checking for module 'jsoncpp'
[0.900s] --   Found jsoncpp, version 1.9.5
[0.930s] -- Checking for module 'libzip'
[0.939s] --   Found libzip, version 1.7.3
[0.965s] -- Looking for ignition-common3 -- found version 3.14.0
[0.966s] -- Looking for ignition-math6 -- found version 6.15.0
[0.966s] -- Looking for ignition-msgs5 -- found version 5.8.1
[0.968s] -- Found control_msgs: 4.4.0 (/opt/ros/humble/share/control_msgs/cmake)
[1.408s] -- Found gazebo_msgs: 3.7.0 (/opt/ros/humble/share/gazebo_msgs/cmake)
[1.519s] -- Found ament_lint_auto: 0.12.8 (/opt/ros/humble/share/ament_lint_auto/cmake)
[1.561s] Error parsing '/home/sara/aubo_ws/src/aubo_control/control/package.xml':
[1.597s] Traceback (most recent call last):
[1.597s]   File "/usr/lib/python3/dist-packages/catkin_pkg/package.py", line 610, in parse_package_string
[1.597s]     root = dom.parseString(data)
[1.597s]   File "/usr/lib/python3.10/xml/dom/minidom.py", line 2000, in parseString
[1.597s]     return expatbuilder.parseString(string)
[1.597s]   File "/usr/lib/python3.10/xml/dom/expatbuilder.py", line 925, in parseString
[1.598s]     return builder.parseString(string)
[1.598s]   File "/usr/lib/python3.10/xml/dom/expatbuilder.py", line 223, in parseString
[1.598s]     parser.Parse(string, True)
[1.598s] xml.parsers.expat.ExpatError: not well-formed (invalid token): line 16, column 10
[1.598s] 
[1.598s] During handling of the above exception, another exception occurred:
[1.598s] 
[1.598s] Traceback (most recent call last):
[1.598s]   File "/opt/ros/humble/share/ament_cmake_core/cmake/core/package_xml_2_cmake.py", line 150, in <module>
[1.598s]     main()
[1.598s]   File "/opt/ros/humble/share/ament_cmake_core/cmake/core/package_xml_2_cmake.py", line 53, in main
[1.599s]     raise e
[1.599s]   File "/opt/ros/humble/share/ament_cmake_core/cmake/core/package_xml_2_cmake.py", line 49, in main
[1.599s]     package = parse_package_string(
[1.599s]   File "/usr/lib/python3/dist-packages/catkin_pkg/package.py", line 612, in parse_package_string
[1.599s]     raise InvalidPackage('The manifest contains invalid XML:\n%s' % ex, filename)
[1.599s] catkin_pkg.package.InvalidPackage: Error(s) in package '/home/sara/aubo_ws/src/aubo_control/control/package.xml':
[1.599s] The manifest contains invalid XML:
[1.599s] not well-formed (invalid token): line 16, column 10
[1.611s] [31mCMake Error at /opt/ros/humble/share/ament_cmake_core/cmake/core/ament_package_xml.cmake:95 (message):
[1.611s]   execute_process(/usr/bin/python3.10
[1.611s]   /opt/ros/humble/share/ament_cmake_core/cmake/core/package_xml_2_cmake.py
[1.611s]   /home/sara/aubo_ws/src/aubo_control/control/package.xml
[1.612s]   /home/sara/aubo_ws/build/control/ament_cmake_core/package.cmake) returned
[1.612s]   error code 1
[1.612s] Call Stack (most recent call first):
[1.612s]   /opt/ros/humble/share/ament_cmake_core/cmake/core/ament_package_xml.cmake:49 (_ament_package_xml)
[1.612s]   /opt/ros/humble/share/ament_lint_auto/cmake/ament_lint_auto_find_test_dependencies.cmake:31 (ament_package_xml)
[1.612s]   CMakeLists.txt:30 (ament_lint_auto_find_test_dependencies)
[1.612s] 
[1.612s] [0m
[1.612s] -- Configuring incomplete, errors occurred!
[1.613s] See also "/home/sara/aubo_ws/build/control/CMakeFiles/CMakeOutput.log".
[1.620s] Invoked command in '/home/sara/aubo_ws/build/control' returned '1': /usr/bin/cmake /home/sara/aubo_ws/src/aubo_control/control -DCMAKE_INSTALL_PREFIX=/home/sara/aubo_ws/install/control
