[0.134s] Invoking command in '/home/sara/aubo_ws/build/control': CMAKE_PREFIX_PATH=${CMAKE_PREFIX_PATH}:/home/sara/ros2_ws/install/rqt_joint_trajectory_controller:/home/sara/ros2_ws/install/rqt_controller_manager:/home/sara/ros2_ws/install/ros2controlcli:/home/sara/ros2_ws/install/ros2_controllers_test_nodes:/opt/ros/humble /usr/bin/cmake --build /home/sara/aubo_ws/build/control -- -j8 -l8
[0.254s] [35m[1mConsolidate compiler generated dependencies of target test_pub_q[0m
[0.295s] [ 11%] Built target dir_kin
[0.304s] [ 22%] Built target test_pub
[0.325s] [ 33%] Built target inv_kin
[0.328s] [ 38%] [32mBuilding CXX object CMakeFiles/test_pub_q.dir/src/test_pub_q.cpp.o[0m
[0.332s] [ 50%] Built target sim_test
[0.368s] [ 61%] Built target controller
[0.368s] [ 72%] Built target sim_pub
[0.378s] [ 83%] Built target sim_sub
[0.387s] [ 94%] Built target sim_control
[3.603s] [01m[K/home/sara/aubo_ws/src/aubo_control/control/src/test_pub_q.cpp:[m[K In constructor â€˜[01m[KTest_pub::Test_pub()[m[Kâ€™:
[3.603s] [01m[K/home/sara/aubo_ws/src/aubo_control/control/src/test_pub_q.cpp:11:9:[m[K [01;35m[Kwarning: [m[Kunused variable â€˜[01m[Kpub_ind[m[Kâ€™ [[01;35m[K]8;;https://gcc.gnu.org/onlinedocs/gcc/Warning-Options.html#index-Wunused-variable-Wunused-variable]8;;[m[K]
[3.603s]    11 |     int [01;35m[Kpub_ind[m[K=1;
[3.603s]       |         [01;35m[K^~~~~~~[m[K
[3.603s] [01m[K/home/sara/aubo_ws/src/aubo_control/control/src/test_pub_q.cpp:12:11:[m[K [01;35m[Kwarning: [m[Kunused variable â€˜[01m[Kx[m[Kâ€™ [[01;35m[K]8;;https://gcc.gnu.org/onlinedocs/gcc/Warning-Options.html#index-Wunused-variable-Wunused-variable]8;;[m[K]
[3.603s]    12 |     float [01;35m[Kx[m[K=0.2;
[3.604s]       |           [01;35m[K^[m[K
[3.604s] [01m[K/home/sara/aubo_ws/src/aubo_control/control/src/test_pub_q.cpp:13:11:[m[K [01;35m[Kwarning: [m[Kunused variable â€˜[01m[Ky[m[Kâ€™ [[01;35m[K]8;;https://gcc.gnu.org/onlinedocs/gcc/Warning-Options.html#index-Wunused-variable-Wunused-variable]8;;[m[K]
[3.604s]    13 |     float [01;35m[Ky[m[K=-0.5;
[3.604s]       |           [01;35m[K^[m[K
[3.604s] [01m[K/home/sara/aubo_ws/src/aubo_control/control/src/test_pub_q.cpp:14:11:[m[K [01;35m[Kwarning: [m[Kunused variable â€˜[01m[Kz[m[Kâ€™ [[01;35m[K]8;;https://gcc.gnu.org/onlinedocs/gcc/Warning-Options.html#index-Wunused-variable-Wunused-variable]8;;[m[K]
[3.604s]    14 |     float [01;35m[Kz[m[K=0.5;
[3.604s]       |           [01;35m[K^[m[K
[3.604s] [01m[K/home/sara/aubo_ws/src/aubo_control/control/src/test_pub_q.cpp:15:11:[m[K [01;35m[Kwarning: [m[Kunused variable â€˜[01m[Kalpha[m[Kâ€™ [[01;35m[K]8;;https://gcc.gnu.org/onlinedocs/gcc/Warning-Options.html#index-Wunused-variable-Wunused-variable]8;;[m[K]
[3.604s]    15 |     float [01;35m[Kalpha[m[K=1.57;
[3.604s]       |           [01;35m[K^~~~~[m[K
[3.604s] [01m[K/home/sara/aubo_ws/src/aubo_control/control/src/test_pub_q.cpp:16:11:[m[K [01;35m[Kwarning: [m[Kunused variable â€˜[01m[Kbeta[m[Kâ€™ [[01;35m[K]8;;https://gcc.gnu.org/onlinedocs/gcc/Warning-Options.html#index-Wunused-variable-Wunused-variable]8;;[m[K]
[3.604s]    16 |     float [01;35m[Kbeta[m[K=3.14;
[3.604s]       |           [01;35m[K^~~~[m[K
[3.604s] [01m[K/home/sara/aubo_ws/src/aubo_control/control/src/test_pub_q.cpp:17:11:[m[K [01;35m[Kwarning: [m[Kunused variable â€˜[01m[Kgamma[m[Kâ€™ [[01;35m[K]8;;https://gcc.gnu.org/onlinedocs/gcc/Warning-Options.html#index-Wunused-variable-Wunused-variable]8;;[m[K]
[3.605s]    17 |     float [01;35m[Kgamma[m[K=0.0;
[3.605s]       |           [01;35m[K^~~~~[m[K
[3.605s] [01m[K/home/sara/aubo_ws/src/aubo_control/control/src/test_pub_q.cpp:[m[K In member function â€˜[01m[Kvoid Test_pub::publish_method()[m[Kâ€™:
[3.605s] [01m[K/home/sara/aubo_ws/src/aubo_control/control/src/test_pub_q.cpp:29:15:[m[K [01;35m[Kwarning: [m[Ksuggest parentheses around assignment used as truth value [[01;35m[K]8;;https://gcc.gnu.org/onlinedocs/gcc/Warning-Options.html#index-Wparentheses-Wparentheses]8;;[m[K]
[3.605s]    29 |     if([01;35m[Kpub_ind=1[m[K){
[3.605s]       |        [01;35m[K~~~~~~~^~[m[K
[3.609s] [01m[K/home/sara/aubo_ws/src/aubo_control/control/src/test_pub_q.cpp:108:32:[m[K [01;31m[Kerror: [m[Kexpected â€˜[01m[K;[m[Kâ€™ before numeric constant
[3.609s]   108 |              0.000000 -1.200000[01;31m[K [m[K[32m[K0.900000[m[K 0.000000 0.000000 0.000000
[3.609s]       |                                [01;31m[K^[m[K[32m[K~~~~~~~~[m[K
[3.609s]       |                                [32m[K;[m[K
[3.609s] [01m[K/home/sara/aubo_ws/src/aubo_control/control/src/test_pub_q.cpp:108:23:[m[K [01;35m[Kwarning: [m[Kstatement has no effect [[01;35m[K]8;;https://gcc.gnu.org/onlinedocs/gcc/Warning-Options.html#index-Wunused-value-Wunused-value]8;;[m[K]
[3.609s]   108 |              [01;35m[K0.000000 -1.200000[m[K 0.900000 0.000000 0.000000 0.000000
[3.609s]       |              [01;35m[K~~~~~~~~~^~~~~~~~~[m[K
[3.614s] [01m[K/home/sara/aubo_ws/src/aubo_control/control/src/test_pub_q.cpp:[m[K In function â€˜[01m[Kint main(int, char**)[m[Kâ€™:
[3.615s] [01m[K/home/sara/aubo_ws/src/aubo_control/control/src/test_pub_q.cpp:151:20:[m[K [01;35m[Kwarning: [m[Kthe address of â€˜[01m[Kbool rclcpp::ok(rclcpp::Context::SharedPtr)[m[Kâ€™ will never be NULL [[01;35m[K]8;;https://gcc.gnu.org/onlinedocs/gcc/Warning-Options.html#index-Waddress-Waddress]8;;[m[K]
[3.615s]   151 |     while ([01;35m[Krclcpp::ok[m[K)
[3.615s]       |            [01;35m[K~~~~~~~~^~[m[K
[4.602s] [01m[K/home/sara/aubo_ws/src/aubo_control/control/src/test_pub_q.cpp:[m[K In member function â€˜[01m[Kvoid Test_pub::publish_method()[m[Kâ€™:
[4.602s] [01m[K/home/sara/aubo_ws/src/aubo_control/control/src/test_pub_q.cpp:107:19:[m[K [01;35m[Kwarning: [m[Kthis statement may fall through [[01;35m[K]8;;https://gcc.gnu.org/onlinedocs/gcc/Warning-Options.html#index-Wimplicit-fallthrough=-Wimplicit-fallthrough=]8;;[m[K]
[4.602s]   107 |              [01;35m[Kgamma=0.0[m[K;
[4.602s]       |              [01;35m[K~~~~~^~~~[m[K
[4.602s] [01m[K/home/sara/aubo_ws/src/aubo_control/control/src/test_pub_q.cpp:111:9:[m[K [01;36m[Knote: [m[Khere
[4.602s]   111 |         [01;36m[Kcase[m[K 'Z':
[4.602s]       |         [01;36m[K^~~~[m[K
[4.662s] gmake[2]: *** [CMakeFiles/test_pub_q.dir/build.make:76: CMakeFiles/test_pub_q.dir/src/test_pub_q.cpp.o] Error 1
[4.663s] gmake[1]: *** [CMakeFiles/Makefile2:257: CMakeFiles/test_pub_q.dir/all] Error 2
[4.663s] gmake: *** [Makefile:146: all] Error 2
[4.666s] Invoked command in '/home/sara/aubo_ws/build/control' returned '2': CMAKE_PREFIX_PATH=${CMAKE_PREFIX_PATH}:/home/sara/ros2_ws/install/rqt_joint_trajectory_controller:/home/sara/ros2_ws/install/rqt_controller_manager:/home/sara/ros2_ws/install/ros2controlcli:/home/sara/ros2_ws/install/ros2_controllers_test_nodes:/opt/ros/humble /usr/bin/cmake --build /home/sara/aubo_ws/build/control -- -j8 -l8
