[0.063s] Invoking command in '/home/sara/aubo_ws/build/control': CMAKE_PREFIX_PATH=${CMAKE_PREFIX_PATH}:/opt/ros/humble /usr/bin/cmake --build /home/sara/aubo_ws/build/control -- -j8 -l8
[0.088s] -- Found ament_cmake: 1.3.5 (/opt/ros/humble/share/ament_cmake/cmake)
[0.215s] -- Found rclcpp: 16.0.6 (/opt/ros/humble/share/rclcpp/cmake)
[0.244s] -- Found rosidl_generator_c: 3.1.5 (/opt/ros/humble/share/rosidl_generator_c/cmake)
[0.248s] -- Found rosidl_adapter: 3.1.5 (/opt/ros/humble/share/rosidl_adapter/cmake)
[0.255s] -- Found rosidl_generator_cpp: 3.1.5 (/opt/ros/humble/share/rosidl_generator_cpp/cmake)
[0.266s] -- Using all available rosidl_typesupport_c: rosidl_typesupport_fastrtps_c;rosidl_typesupport_introspection_c
[0.280s] -- Using all available rosidl_typesupport_cpp: rosidl_typesupport_fastrtps_cpp;rosidl_typesupport_introspection_cpp
[0.340s] -- Found rmw_implementation_cmake: 6.1.1 (/opt/ros/humble/share/rmw_implementation_cmake/cmake)
[0.341s] -- Found rmw_fastrtps_cpp: 6.2.4 (/opt/ros/humble/share/rmw_fastrtps_cpp/cmake)
[0.446s] -- Using RMW implementation 'rmw_fastrtps_cpp' as default
[0.595s] [33mCMake Warning (dev) at /usr/share/cmake-3.22/Modules/FindPackageHandleStandardArgs.cmake:438 (message):
[0.595s]   The package name passed to `find_package_handle_standard_args` (PkgConfig)
[0.595s]   does not match the name of the calling package (gazebo).  This can lead to
[0.595s]   problems in calling code that expects `find_package` result variables
[0.595s]   (e.g., `_FOUND`) to follow a certain pattern.
[0.595s] Call Stack (most recent call first):
[0.595s]   /usr/share/cmake-3.22/Modules/FindPkgConfig.cmake:99 (find_package_handle_standard_args)
[0.595s]   /usr/lib/x86_64-linux-gnu/cmake/gazebo/gazebo-config.cmake:72 (include)
[0.595s]   CMakeLists.txt:12 (find_package)
[0.596s] This warning is for project developers.  Use -Wno-dev to suppress it.
[0.596s] [0m
[0.615s] -- Found DART: /usr/include (Required is at least version "6.6") found components: dart 
[0.637s] -- Found Protobuf: /usr/lib/x86_64-linux-gnu/libprotobuf.so (found version "3.12.4") 
[0.638s] -- Looking for ignition-math6 -- found version 6.15.0
[0.643s] -- Searching for dependencies of ignition-math6
[0.644s] -- Looking for OGRE...
[0.648s] -- Found Ogre Ghadamon (1.9.0)
[0.649s] -- Found OGRE: optimized;/usr/lib/x86_64-linux-gnu/libOgreMain.so;debug;/usr/lib/x86_64-linux-gnu/libOgreMain.so
[0.657s] -- Looking for OGRE_Paging...
[0.657s] -- Found OGRE_Paging: optimized;/usr/lib/x86_64-linux-gnu/libOgrePaging.so;debug;/usr/lib/x86_64-linux-gnu/libOgrePaging.so
[0.657s] -- Looking for OGRE_Terrain...
[0.657s] -- Found OGRE_Terrain: optimized;/usr/lib/x86_64-linux-gnu/libOgreTerrain.so;debug;/usr/lib/x86_64-linux-gnu/libOgreTerrain.so
[0.657s] -- Looking for OGRE_Property...
[0.657s] -- Found OGRE_Property: optimized;/usr/lib/x86_64-linux-gnu/libOgreProperty.so;debug;/usr/lib/x86_64-linux-gnu/libOgreProperty.so
[0.658s] -- Looking for OGRE_RTShaderSystem...
[0.658s] -- Found OGRE_RTShaderSystem: optimized;/usr/lib/x86_64-linux-gnu/libOgreRTShaderSystem.so;debug;/usr/lib/x86_64-linux-gnu/libOgreRTShaderSystem.so
[0.658s] -- Looking for OGRE_Volume...
[0.658s] -- Found OGRE_Volume: optimized;/usr/lib/x86_64-linux-gnu/libOgreVolume.so;debug;/usr/lib/x86_64-linux-gnu/libOgreVolume.so
[0.658s] -- Looking for OGRE_Overlay...
[0.658s] -- Found OGRE_Overlay: optimized;/usr/lib/x86_64-linux-gnu/libOgreOverlay.so;debug;/usr/lib/x86_64-linux-gnu/libOgreOverlay.so
[0.739s] -- Looking for ignition-math6 -- found version 6.15.0
[0.739s] -- Looking for ignition-transport8 -- found version 8.2.1
[0.739s] -- Searching for dependencies of ignition-transport8
[0.754s] -- Found Protobuf: /usr/lib/x86_64-linux-gnu/libprotobuf.so (found suitable version "3.12.4", minimum required is "3") 
[0.763s] -- Config-file not installed for ZeroMQ -- checking for pkg-config
[0.767s] -- Checking for module 'libzmq >= 4'
[0.778s] --   Found libzmq , version 4.3.4
[0.813s] -- Checking for module 'uuid'
[0.823s] --   Found uuid, version 2.37.2
[0.852s] -- Looking for ignition-msgs5 -- found version 5.8.1
[0.852s] -- Searching for dependencies of ignition-msgs5
[0.869s] -- Looking for ignition-math6 -- found version 6.15.0
[0.874s] -- Checking for module 'tinyxml2'
[0.885s] --   Found tinyxml2, version 9.0.0
[0.914s] -- Looking for ignition-msgs5 -- found version 5.8.1
[0.914s] -- Looking for ignition-common3 -- found version 3.14.0
[0.915s] -- Searching for dependencies of ignition-common3
[0.915s] -- Looking for dlfcn.h - found
[0.915s] -- Looking for libdl - found
[0.925s] -- Searching for <ignition-common3> component [graphics]
[0.925s] -- Looking for ignition-common3-graphics -- found version 3.14.0
[0.926s] -- Searching for dependencies of ignition-common3-graphics
[0.926s] -- Looking for ignition-math6 -- found version 6.15.0
[0.927s] -- Looking for ignition-fuel_tools4 -- found version 4.4.0
[0.927s] -- Searching for dependencies of ignition-fuel_tools4
[0.960s] -- Checking for module 'jsoncpp'
[0.971s] --   Found jsoncpp, version 1.9.5
[1.002s] -- Checking for module 'libzip'
[1.013s] --   Found libzip, version 1.7.3
[1.040s] -- Looking for ignition-common3 -- found version 3.14.0
[1.040s] -- Looking for ignition-math6 -- found version 6.15.0
[1.041s] -- Looking for ignition-msgs5 -- found version 5.8.1
[1.042s] -- Found control_msgs: 4.4.0 (/opt/ros/humble/share/control_msgs/cmake)
[1.486s] -- Found gazebo_msgs: 3.7.0 (/opt/ros/humble/share/gazebo_msgs/cmake)
[1.597s] -- Found ament_lint_auto: 0.12.8 (/opt/ros/humble/share/ament_lint_auto/cmake)
[1.658s] -- Added test 'cppcheck' to perform static code analysis on C / C++ code
[1.658s] -- Configured cppcheck include dirs: /home/sara/aubo_ws/src/aubo_control/control/include
[1.658s] -- Configured cppcheck exclude dirs and/or files: 
[1.659s] -- Added test 'flake8' to check Python code syntax and style conventions
[1.659s] -- Added test 'lint_cmake' to check CMake code style
[1.660s] -- Added test 'pep257' to check Python code against some of the docstring style conventions in PEP 257
[1.661s] -- Added test 'uncrustify' to check C / C++ code style
[1.661s] -- Configured uncrustify additional arguments: 
[1.661s] -- Added test 'xmllint' to check XML markup files
[1.662s] -- Configuring done
[1.681s] -- Generating done
[1.683s] -- Build files have been written to: /home/sara/aubo_ws/build/control
[1.709s] [35m[1mConsolidate compiler generated dependencies of target dir_kin[0m
[1.709s] [35m[1mConsolidate compiler generated dependencies of target inv_kin[0m
[1.709s] [35m[1mConsolidate compiler generated dependencies of target sim_pub[0m
[1.712s] [35m[1mConsolidate compiler generated dependencies of target controller[0m
[1.713s] [35m[1mConsolidate compiler generated dependencies of target test_pub[0m
[1.726s] [ 40%] Built target dir_kin
[1.727s] [ 40%] Built target inv_kin
[1.727s] [ 50%] [32mBuilding CXX object CMakeFiles/sim_pub.dir/src/sim_pub.cpp.o[0m
[1.736s] [ 90%] Built target controller
[1.736s] [ 90%] Built target test_pub
[1.931s] In file included from [01m[K/home/sara/aubo_ws/src/aubo_control/control/src/sim_pub.cpp:3[m[K:
[1.931s] [01m[K/home/sara/aubo_ws/src/aubo_control/control/include/control/sim_pub.hpp:4:10:[m[K [01;31m[Kfatal error: [m[Ktrajectory_msgs/msg/JointTrajectory.msg: No such file or directory
[1.931s]     4 | #include [01;31m[K"trajectory_msgs/msg/JointTrajectory.msg"[m[K
[1.931s]       |          [01;31m[K^~~~~~~~~~~~~~~~~~~~~~~~~~~~~~~~~~~~~~~~~[m[K
[1.931s] compilation terminated.
[1.936s] gmake[2]: *** [CMakeFiles/sim_pub.dir/build.make:76: CMakeFiles/sim_pub.dir/src/sim_pub.cpp.o] Error 1
[1.937s] gmake[1]: *** [CMakeFiles/Makefile2:249: CMakeFiles/sim_pub.dir/all] Error 2
[1.937s] gmake: *** [Makefile:146: all] Error 2
[1.940s] Invoked command in '/home/sara/aubo_ws/build/control' returned '2': CMAKE_PREFIX_PATH=${CMAKE_PREFIX_PATH}:/opt/ros/humble /usr/bin/cmake --build /home/sara/aubo_ws/build/control -- -j8 -l8
