[33mCMake Warning (dev) at /usr/share/cmake-3.22/Modules/FindPackageHandleStandardArgs.cmake:438 (message):
  The package name passed to `find_package_handle_standard_args` (PkgConfig)
  does not match the name of the calling package (gazebo).  This can lead to
  problems in calling code that expects `find_package` result variables
  (e.g., `_FOUND`) to follow a certain pattern.
Call Stack (most recent call first):
  /usr/share/cmake-3.22/Modules/FindPkgConfig.cmake:99 (find_package_handle_standard_args)
  /usr/lib/x86_64-linux-gnu/cmake/gazebo/gazebo-config.cmake:72 (include)
  CMakeLists.txt:12 (find_package)
This warning is for project developers.  Use -Wno-dev to suppress it.
[0m
[01m[K/home/sara/aubo_ws/src/aubo_control/control/src/controller.cpp:1:10:[m[K [01;31m[Kfatal error: [m[Kcontrol/controller.hpp: No such file or directory
    1 | #include [01;31m[K<control/controller.hpp>[m[K
      |          [01;31m[K^~~~~~~~~~~~~~~~~~~~~~~~[m[K
compilation terminated.
[01m[K/home/sara/aubo_ws/src/aubo_control/control/src/dir_kin.cpp:1:10:[m[K [01;31m[Kfatal error: [m[Kcontrol/dir_kin.hpp: No such file or directory
    1 | #include [01;31m[K<control/dir_kin.hpp>[m[K
      |          [01;31m[K^~~~~~~~~~~~~~~~~~~~~[m[K
compilation terminated.
[01m[K/home/sara/aubo_ws/src/aubo_control/control/src/test_pub.cpp:2:10:[m[K [01;31m[Kfatal error: [m[Kcontrol/test_pub.hpp: No such file or directory
    2 | #include [01;31m[K<control/test_pub.hpp>[m[K
      |          [01;31m[K^~~~~~~~~~~~~~~~~~~~~~[m[K
compilation terminated.
gmake[2]: *** [CMakeFiles/controller.dir/build.make:76: CMakeFiles/controller.dir/src/controller.cpp.o] Error 1
gmake[1]: *** [CMakeFiles/Makefile2:143: CMakeFiles/controller.dir/all] Error 2
gmake[1]: *** Waiting for unfinished jobs....
gmake[2]: *** [CMakeFiles/dir_kin.dir/build.make:76: CMakeFiles/dir_kin.dir/src/dir_kin.cpp.o] Error 1
gmake[1]: *** [CMakeFiles/Makefile2:169: CMakeFiles/dir_kin.dir/all] Error 2
[01m[K/home/sara/aubo_ws/src/aubo_control/control/src/inv_kin.cpp:2:10:[m[K [01;31m[Kfatal error: [m[Kcontrol/inv_kin.hpp: No such file or directory
    2 | #include [01;31m[K<control/inv_kin.hpp>[m[K
      |          [01;31m[K^~~~~~~~~~~~~~~~~~~~~[m[K
compilation terminated.
gmake[2]: *** [CMakeFiles/test_pub.dir/build.make:76: CMakeFiles/test_pub.dir/src/test_pub.cpp.o] Error 1
gmake[1]: *** [CMakeFiles/Makefile2:221: CMakeFiles/test_pub.dir/all] Error 2
gmake[2]: *** [CMakeFiles/inv_kin.dir/build.make:76: CMakeFiles/inv_kin.dir/src/inv_kin.cpp.o] Error 1
gmake[1]: *** [CMakeFiles/Makefile2:195: CMakeFiles/inv_kin.dir/all] Error 2
gmake: *** [Makefile:146: all] Error 2
