[33mCMake Warning (dev) at /usr/share/cmake-3.22/Modules/FindPackageHandleStandardArgs.cmake:438 (message):
  The package name passed to `find_package_handle_standard_args` (PkgConfig)
  does not match the name of the calling package (gazebo).  This can lead to
  problems in calling code that expects `find_package` result variables
  (e.g., `_FOUND`) to follow a certain pattern.
Call Stack (most recent call first):
  /usr/share/cmake-3.22/Modules/FindPkgConfig.cmake:99 (find_package_handle_standard_args)
  /usr/lib/x86_64-linux-gnu/cmake/gazebo/gazebo-config.cmake:72 (include)
  CMakeLists.txt:12 (find_package)
This warning is for project developers.  Use -Wno-dev to suppress it.
[0m
In file included from [01m[K/home/sara/aubo_ws/src/aubo_control/control/src/sim_pub.cpp:3[m[K:
[01m[K/home/sara/aubo_ws/src/aubo_control/control/include/control/sim_pub.hpp:4:10:[m[K [01;31m[Kfatal error: [m[Ktrajectory_msgs/msg/JointTrajectory.hpp: No such file or directory
    4 | #include [01;31m[K"trajectory_msgs/msg/JointTrajectory.hpp"[m[K
      |          [01;31m[K^~~~~~~~~~~~~~~~~~~~~~~~~~~~~~~~~~~~~~~~~[m[K
compilation terminated.
gmake[2]: *** [CMakeFiles/sim_pub.dir/build.make:76: CMakeFiles/sim_pub.dir/src/sim_pub.cpp.o] Error 1
gmake[1]: *** [CMakeFiles/Makefile2:249: CMakeFiles/sim_pub.dir/all] Error 2
gmake: *** [Makefile:146: all] Error 2
