[0.107s] Invoking command in '/home/sara/aubo_ws/build/control': CMAKE_PREFIX_PATH=${CMAKE_PREFIX_PATH}:/home/sara/ros2_ws/install/rqt_joint_trajectory_controller:/home/sara/ros2_ws/install/rqt_controller_manager:/home/sara/ros2_ws/install/ros2controlcli:/home/sara/ros2_ws/install/ros2_controllers_test_nodes:/home/sara/aubo_ws/install/ros2_controllers_test_nodes:/opt/ros/humble /usr/bin/cmake --build /home/sara/aubo_ws/build/control -- -j8 -l8
[0.220s] [35m[1mConsolidate compiler generated dependencies of target sim_control[0m
[0.234s] [ 12%] Built target controller
[0.236s] [ 25%] Built target dir_kin
[0.250s] [ 37%] Built target inv_kin
[0.257s] [ 50%] Built target test_pub
[0.259s] [ 62%] Built target sim_pub
[0.266s] [ 75%] Built target sim_test
[0.270s] [ 87%] Built target sim_sub
[0.272s] [ 93%] [32mBuilding CXX object CMakeFiles/sim_control.dir/src/sim_control.cpp.o[0m
[2.689s] [01m[K/home/sara/aubo_ws/src/aubo_control/control/src/sim_control.cpp:[m[K In member function â€˜[01m[Kvoid Sim_control::send_goal()[m[Kâ€™:
[2.689s] [01m[K/home/sara/aubo_ws/src/aubo_control/control/src/sim_control.cpp:49:13:[m[K [01;31m[Kerror: [m[Kâ€˜[01m[Krclcpp::executor[m[Kâ€™ has not been declared
[2.689s]    49 |     rclcpp::[01;31m[Kexecutor[m[K::FutureReturnCode::SUCCESS) {
[2.689s]       |             [01;31m[K^~~~~~~~[m[K
[2.690s] [01m[K/home/sara/aubo_ws/src/aubo_control/control/src/sim_control.cpp:[m[K In member function â€˜[01m[Kvoid Sim_control::feedback_callback(rclcpp_action::ClientGoalHandle<control_msgs::action::FollowJointTrajectory>::SharedPtr)[m[Kâ€™:
[2.690s] [01m[K/home/sara/aubo_ws/src/aubo_control/control/src/sim_control.cpp:56:22:[m[K [01;31m[Kerror: [m[Kâ€˜[01m[Kusing element_type = class rclcpp_action::ClientGoalHandle<control_msgs::action::FollowJointTrajectory>[m[Kâ€™ {aka â€˜[01m[Kclass rclcpp_action::ClientGoalHandle<control_msgs::action::FollowJointTrajectory>[m[Kâ€™} has no member named â€˜[01m[Kresult_ready[m[Kâ€™
[2.690s]    56 |     if (goal_handle->[01;31m[Kresult_ready[m[K()) {
[2.690s]       |                      [01;31m[K^~~~~~~~~~~~[m[K
[2.690s] [01m[K/home/sara/aubo_ws/src/aubo_control/control/src/sim_control.cpp:57:24:[m[K [01;31m[Kerror: [m[Kâ€˜[01m[Kusing element_type = class rclcpp_action::ClientGoalHandle<control_msgs::action::FollowJointTrajectory>[m[Kâ€™ {aka â€˜[01m[Kclass rclcpp_action::ClientGoalHandle<control_msgs::action::FollowJointTrajectory>[m[Kâ€™} has no member named â€˜[01m[Kget_result[m[Kâ€™; did you mean â€˜[01m[Kset_result[m[Kâ€™?
[2.690s]    57 |       if (goal_handle->[01;31m[Kget_result[m[K()->code == rclcpp_action::ResultCode::SUCCEEDED) {
[2.690s]       |                        [01;31m[K^~~~~~~~~~[m[K
[2.690s]       |                        [32m[Kset_result[m[K
[3.509s] gmake[2]: *** [CMakeFiles/sim_control.dir/build.make:76: CMakeFiles/sim_control.dir/src/sim_control.cpp.o] Error 1
[3.509s] gmake[1]: *** [CMakeFiles/Makefile2:333: CMakeFiles/sim_control.dir/all] Error 2
[3.510s] gmake: *** [Makefile:146: all] Error 2
[3.512s] Invoked command in '/home/sara/aubo_ws/build/control' returned '2': CMAKE_PREFIX_PATH=${CMAKE_PREFIX_PATH}:/home/sara/ros2_ws/install/rqt_joint_trajectory_controller:/home/sara/ros2_ws/install/rqt_controller_manager:/home/sara/ros2_ws/install/ros2controlcli:/home/sara/ros2_ws/install/ros2_controllers_test_nodes:/home/sara/aubo_ws/install/ros2_controllers_test_nodes:/opt/ros/humble /usr/bin/cmake --build /home/sara/aubo_ws/build/control -- -j8 -l8
