[01m[K/home/sara/aubo_ws/src/aubo_control/control/src/test_pub.cpp:[m[K In constructor â€˜[01m[KTest_pub::Test_pub()[m[Kâ€™:
[01m[K/home/sara/aubo_ws/src/aubo_control/control/src/test_pub.cpp:10:9:[m[K [01;35m[Kwarning: [m[Kunused variable â€˜[01m[Kpub_ind[m[Kâ€™ [[01;35m[K]8;;https://gcc.gnu.org/onlinedocs/gcc/Warning-Options.html#index-Wunused-variable-Wunused-variable]8;;[m[K]
   10 |     int [01;35m[Kpub_ind[m[K=0;
      |         [01;35m[K^~~~~~~[m[K
[01m[K/home/sara/aubo_ws/src/aubo_control/control/src/test_pub.cpp:[m[K In function â€˜[01m[Kint main(int, char**)[m[Kâ€™:
[01m[K/home/sara/aubo_ws/src/aubo_control/control/src/test_pub.cpp:40:20:[m[K [01;35m[Kwarning: [m[Kthe address of â€˜[01m[Kbool rclcpp::ok(rclcpp::Context::SharedPtr)[m[Kâ€™ will never be NULL [[01;35m[K]8;;https://gcc.gnu.org/onlinedocs/gcc/Warning-Options.html#index-Waddress-Waddress]8;;[m[K]
   40 |     while ([01;35m[Krclcpp::ok[m[K)
      |            [01;35m[K~~~~~~~~^~[m[K
[01m[K/home/sara/aubo_ws/src/aubo_control/control/src/test_pub.cpp:44:12:[m[K [01;31m[Kerror: [m[Kâ€˜[01m[Kpub_ind[m[Kâ€™ was not declared in this scope; did you mean â€˜[01m[Ku_int[m[Kâ€™?
   44 |         if([01;31m[Kpub_ind[m[K ==0){
      |            [01;31m[K^~~~~~~[m[K
      |            [32m[Ku_int[m[K
gmake[2]: *** [CMakeFiles/test_pub.dir/build.make:76: CMakeFiles/test_pub.dir/src/test_pub.cpp.o] Error 1
gmake[1]: *** [CMakeFiles/Makefile2:221: CMakeFiles/test_pub.dir/all] Error 2
gmake: *** [Makefile:146: all] Error 2
