[0.076s] Invoking command in '/home/sara/aubo_ws/build/control': CMAKE_PREFIX_PATH=${CMAKE_PREFIX_PATH}:/opt/ros/humble /usr/bin/cmake --build /home/sara/aubo_ws/build/control -- -j8 -l8
[0.142s] -- Found ament_cmake: 1.3.5 (/opt/ros/humble/share/ament_cmake/cmake)
[0.459s] -- Found rclcpp: 16.0.6 (/opt/ros/humble/share/rclcpp/cmake)
[0.603s] -- Found rosidl_generator_c: 3.1.5 (/opt/ros/humble/share/rosidl_generator_c/cmake)
[0.607s] -- Found rosidl_adapter: 3.1.5 (/opt/ros/humble/share/rosidl_adapter/cmake)
[0.615s] -- Found rosidl_generator_cpp: 3.1.5 (/opt/ros/humble/share/rosidl_generator_cpp/cmake)
[0.628s] -- Using all available rosidl_typesupport_c: rosidl_typesupport_fastrtps_c;rosidl_typesupport_introspection_c
[0.645s] -- Using all available rosidl_typesupport_cpp: rosidl_typesupport_fastrtps_cpp;rosidl_typesupport_introspection_cpp
[0.706s] -- Found rmw_implementation_cmake: 6.1.1 (/opt/ros/humble/share/rmw_implementation_cmake/cmake)
[0.708s] -- Found rmw_fastrtps_cpp: 6.2.4 (/opt/ros/humble/share/rmw_fastrtps_cpp/cmake)
[0.822s] -- Using RMW implementation 'rmw_fastrtps_cpp' as default
[0.983s] [33mCMake Warning (dev) at /usr/share/cmake-3.22/Modules/FindPackageHandleStandardArgs.cmake:438 (message):
[0.983s]   The package name passed to `find_package_handle_standard_args` (PkgConfig)
[0.983s]   does not match the name of the calling package (gazebo).  This can lead to
[0.983s]   problems in calling code that expects `find_package` result variables
[0.983s]   (e.g., `_FOUND`) to follow a certain pattern.
[0.983s] Call Stack (most recent call first):
[0.983s]   /usr/share/cmake-3.22/Modules/FindPkgConfig.cmake:99 (find_package_handle_standard_args)
[0.983s]   /usr/lib/x86_64-linux-gnu/cmake/gazebo/gazebo-config.cmake:72 (include)
[0.983s]   CMakeLists.txt:12 (find_package)
[0.983s] This warning is for project developers.  Use -Wno-dev to suppress it.
[0.983s] [0m
[1.008s] -- Found DART: /usr/include (Required is at least version "6.6") found components: dart 
[1.046s] -- Found Protobuf: /usr/lib/x86_64-linux-gnu/libprotobuf.so (found version "3.12.4") 
[1.051s] -- Looking for ignition-math6 -- found version 6.15.0
[1.063s] -- Searching for dependencies of ignition-math6
[1.066s] -- Looking for OGRE...
[1.073s] -- Found Ogre Ghadamon (1.9.0)
[1.073s] -- Found OGRE: optimized;/usr/lib/x86_64-linux-gnu/libOgreMain.so;debug;/usr/lib/x86_64-linux-gnu/libOgreMain.so
[1.083s] -- Looking for OGRE_Paging...
[1.083s] -- Found OGRE_Paging: optimized;/usr/lib/x86_64-linux-gnu/libOgrePaging.so;debug;/usr/lib/x86_64-linux-gnu/libOgrePaging.so
[1.083s] -- Looking for OGRE_Terrain...
[1.083s] -- Found OGRE_Terrain: optimized;/usr/lib/x86_64-linux-gnu/libOgreTerrain.so;debug;/usr/lib/x86_64-linux-gnu/libOgreTerrain.so
[1.083s] -- Looking for OGRE_Property...
[1.083s] -- Found OGRE_Property: optimized;/usr/lib/x86_64-linux-gnu/libOgreProperty.so;debug;/usr/lib/x86_64-linux-gnu/libOgreProperty.so
[1.083s] -- Looking for OGRE_RTShaderSystem...
[1.083s] -- Found OGRE_RTShaderSystem: optimized;/usr/lib/x86_64-linux-gnu/libOgreRTShaderSystem.so;debug;/usr/lib/x86_64-linux-gnu/libOgreRTShaderSystem.so
[1.084s] -- Looking for OGRE_Volume...
[1.084s] -- Found OGRE_Volume: optimized;/usr/lib/x86_64-linux-gnu/libOgreVolume.so;debug;/usr/lib/x86_64-linux-gnu/libOgreVolume.so
[1.084s] -- Looking for OGRE_Overlay...
[1.084s] -- Found OGRE_Overlay: optimized;/usr/lib/x86_64-linux-gnu/libOgreOverlay.so;debug;/usr/lib/x86_64-linux-gnu/libOgreOverlay.so
[1.170s] -- Looking for ignition-math6 -- found version 6.15.0
[1.170s] -- Looking for ignition-transport8 -- found version 8.2.1
[1.171s] -- Searching for dependencies of ignition-transport8
[1.187s] -- Found Protobuf: /usr/lib/x86_64-linux-gnu/libprotobuf.so (found suitable version "3.12.4", minimum required is "3") 
[1.197s] -- Config-file not installed for ZeroMQ -- checking for pkg-config
[1.200s] -- Checking for module 'libzmq >= 4'
[1.213s] --   Found libzmq , version 4.3.4
[1.247s] -- Checking for module 'uuid'
[1.257s] --   Found uuid, version 2.37.2
[1.285s] -- Looking for ignition-msgs5 -- found version 5.8.1
[1.285s] -- Searching for dependencies of ignition-msgs5
[1.301s] -- Looking for ignition-math6 -- found version 6.15.0
[1.306s] -- Checking for module 'tinyxml2'
[1.316s] --   Found tinyxml2, version 9.0.0
[1.344s] -- Looking for ignition-msgs5 -- found version 5.8.1
[1.345s] -- Looking for ignition-common3 -- found version 3.14.0
[1.345s] -- Searching for dependencies of ignition-common3
[1.345s] -- Looking for dlfcn.h - found
[1.345s] -- Looking for libdl - found
[1.355s] -- Searching for <ignition-common3> component [graphics]
[1.356s] -- Looking for ignition-common3-graphics -- found version 3.14.0
[1.356s] -- Searching for dependencies of ignition-common3-graphics
[1.356s] -- Looking for ignition-math6 -- found version 6.15.0
[1.358s] -- Looking for ignition-fuel_tools4 -- found version 4.4.0
[1.358s] -- Searching for dependencies of ignition-fuel_tools4
[1.392s] -- Checking for module 'jsoncpp'
[1.402s] --   Found jsoncpp, version 1.9.5
[1.434s] -- Checking for module 'libzip'
[1.444s] --   Found libzip, version 1.7.3
[1.471s] -- Looking for ignition-common3 -- found version 3.14.0
[1.472s] -- Looking for ignition-math6 -- found version 6.15.0
[1.472s] -- Looking for ignition-msgs5 -- found version 5.8.1
[1.475s] -- Found control_msgs: 4.4.0 (/opt/ros/humble/share/control_msgs/cmake)
[1.988s] -- Found gazebo_msgs: 3.7.0 (/opt/ros/humble/share/gazebo_msgs/cmake)
[2.189s] -- Found ament_lint_auto: 0.12.8 (/opt/ros/humble/share/ament_lint_auto/cmake)
[2.369s] -- Added test 'cppcheck' to perform static code analysis on C / C++ code
[2.370s] -- Configured cppcheck include dirs: /home/sara/aubo_ws/src/aubo_control/control/include
[2.370s] -- Configured cppcheck exclude dirs and/or files: 
[2.372s] -- Added test 'flake8' to check Python code syntax and style conventions
[2.375s] -- Added test 'lint_cmake' to check CMake code style
[2.378s] -- Added test 'pep257' to check Python code against some of the docstring style conventions in PEP 257
[2.383s] -- Added test 'uncrustify' to check C / C++ code style
[2.383s] -- Configured uncrustify additional arguments: 
[2.386s] -- Added test 'xmllint' to check XML markup files
[2.396s] -- Configuring done
[2.476s] -- Generating done
[2.479s] -- Build files have been written to: /home/sara/aubo_ws/build/control
[2.511s] [35m[1mConsolidate compiler generated dependencies of target dir_kin[0m
[2.512s] [35m[1mConsolidate compiler generated dependencies of target inv_kin[0m
[2.515s] [35m[1mConsolidate compiler generated dependencies of target sim_sub[0m
[2.515s] [35m[1mConsolidate compiler generated dependencies of target sim_pub[0m
[2.515s] [35m[1mConsolidate compiler generated dependencies of target test_pub[0m
[2.522s] [  8%] [32mBuilding CXX object CMakeFiles/controller.dir/src/controller.cpp.o[0m
[2.530s] [ 25%] Built target inv_kin
[2.530s] [ 41%] Built target dir_kin
[2.535s] [ 58%] Built target sim_pub
[2.536s] [ 75%] Built target test_pub
[2.538s] [ 91%] Built target sim_sub
[3.446s] In file included from [01m[K/home/sara/aubo_ws/src/aubo_control/control/src/controller.cpp:1[m[K:
[3.446s] [01m[K/home/sara/aubo_ws/src/aubo_control/control/include/control/controller.hpp:11:10:[m[K [01;31m[Kfatal error: [m[Kaubo_ros2_common/msg/aubo_arm_event.hpp: No such file or directory
[3.446s]    11 | #include [01;31m[K"aubo_ros2_common/msg/aubo_arm_event.hpp"[m[K
[3.446s]       |          [01;31m[K^~~~~~~~~~~~~~~~~~~~~~~~~~~~~~~~~~~~~~~~~[m[K
[3.446s] compilation terminated.
[3.448s] gmake[2]: *** [CMakeFiles/controller.dir/build.make:76: CMakeFiles/controller.dir/src/controller.cpp.o] Error 1
[3.449s] gmake[1]: *** [CMakeFiles/Makefile2:147: CMakeFiles/controller.dir/all] Error 2
[3.449s] gmake: *** [Makefile:146: all] Error 2
[3.451s] Invoked command in '/home/sara/aubo_ws/build/control' returned '2': CMAKE_PREFIX_PATH=${CMAKE_PREFIX_PATH}:/opt/ros/humble /usr/bin/cmake --build /home/sara/aubo_ws/build/control -- -j8 -l8
